{"C:\\Users\\donda\\DON DEV\\Script-Pay-Backend\\src\\main.ts": {"path":"C:\\Users\\donda\\DON DEV\\Script-Pay-Backend\\src\\main.ts","statementMap":{"0":{"start":{"line":1,"column":0},"end":{"line":1,"column":26}},"1":{"start":{"line":2,"column":0},"end":{"line":2,"column":43}},"2":{"start":{"line":3,"column":0},"end":{"line":3,"column":39}},"3":{"start":{"line":4,"column":0},"end":{"line":4,"column":41}},"4":{"start":{"line":5,"column":0},"end":{"line":5,"column":28}},"5":{"start":{"line":6,"column":0},"end":{"line":6,"column":41}},"6":{"start":{"line":7,"column":0},"end":{"line":7,"column":50}},"7":{"start":{"line":13,"column":14},"end":{"line":13,"column":38}},"8":{"start":{"line":15,"column":2},"end":{"line":24,"column":3}},"9":{"start":{"line":16,"column":4},"end":{"line":23,"column":7}},"10":{"start":{"line":29,"column":14},"end":{"line":29,"column":49}},"11":{"start":{"line":30,"column":2},"end":{"line":42,"column":4}},"12":{"start":{"line":43,"column":2},"end":{"line":43,"column":26}},"13":{"start":{"line":44,"column":2},"end":{"line":47,"column":5}},"14":{"start":{"line":49,"column":2},"end":{"line":49,"column":29}},"15":{"start":{"line":52,"column":0},"end":{"line":58,"column":3}},"16":{"start":{"line":56,"column":2},"end":{"line":56,"column":56}},"17":{"start":{"line":57,"column":2},"end":{"line":57,"column":18}}},"fnMap":{"0":{"name":"bootstrap","decl":{"start":{"line":11,"column":15},"end":{"line":11,"column":24}},"loc":{"start":{"line":11,"column":24},"end":{"line":50,"column":1}}},"1":{"name":"(anonymous_11)","decl":{"start":{"line":52,"column":18},"end":{"line":52,"column":19}},"loc":{"start":{"line":52,"column":37},"end":{"line":58,"column":1}}}},"branchMap":{"0":{"loc":{"start":{"line":15,"column":2},"end":{"line":24,"column":3}},"type":"if","locations":[{"start":{"line":15,"column":2},"end":{"line":24,"column":3}}]},"1":{"loc":{"start":{"line":19,"column":24},"end":{"line":19,"column":63}},"type":"cond-expr","locations":[{"start":{"line":19,"column":56},"end":{"line":19,"column":59}},{"start":{"line":19,"column":62},"end":{"line":19,"column":63}}]}},"s":{"0":0,"1":0,"2":0,"3":0,"4":0,"5":0,"6":0,"7":0,"8":0,"9":0,"10":0,"11":0,"12":0,"13":0,"14":0,"15":0,"16":0,"17":0},"f":{"0":0,"1":0},"b":{"0":[0],"1":[0,0]}}
,"C:\\Users\\donda\\DON DEV\\Script-Pay-Backend\\src\\common\\throttle-tiers.ts": {"path":"C:\\Users\\donda\\DON DEV\\Script-Pay-Backend\\src\\common\\throttle-tiers.ts","statementMap":{"0":{"start":{"line":1,"column":0},"end":{"line":1,"column":45}},"1":{"start":{"line":8,"column":37},"end":{"line":8,"column":92}},"2":{"start":{"line":8,"column":43},"end":{"line":8,"column":92}},"3":{"start":{"line":8,"column":13},"end":{"line":8,"column":37}},"4":{"start":{"line":11,"column":28},"end":{"line":11,"column":84}},"5":{"start":{"line":11,"column":34},"end":{"line":11,"column":84}},"6":{"start":{"line":11,"column":13},"end":{"line":11,"column":28}},"7":{"start":{"line":18,"column":31},"end":{"line":18,"column":87}},"8":{"start":{"line":18,"column":37},"end":{"line":18,"column":87}},"9":{"start":{"line":18,"column":13},"end":{"line":18,"column":31}}},"fnMap":{"0":{"name":"(anonymous_0)","decl":{"start":{"line":8,"column":37},"end":{"line":8,"column":40}},"loc":{"start":{"line":8,"column":43},"end":{"line":8,"column":92}}},"1":{"name":"(anonymous_1)","decl":{"start":{"line":11,"column":28},"end":{"line":11,"column":31}},"loc":{"start":{"line":11,"column":34},"end":{"line":11,"column":84}}},"2":{"name":"(anonymous_2)","decl":{"start":{"line":18,"column":31},"end":{"line":18,"column":34}},"loc":{"start":{"line":18,"column":37},"end":{"line":18,"column":87}}}},"branchMap":{},"s":{"0":13,"1":13,"2":12,"3":13,"4":13,"5":5,"6":13,"7":13,"8":1,"9":13},"f":{"0":12,"1":5,"2":1},"b":{}}
,"C:\\Users\\donda\\DON DEV\\Script-Pay-Backend\\src\\common\\decorators\\api-key-scopes.decorator.ts": {"path":"C:\\Users\\donda\\DON DEV\\Script-Pay-Backend\\src\\common\\decorators\\api-key-scopes.decorator.ts","statementMap":{"0":{"start":{"line":1,"column":0},"end":{"line":1,"column":45}},"1":{"start":{"line":4,"column":13},"end":{"line":4,"column":49}},"2":{"start":{"line":7,"column":29},"end":{"line":7,"column":98}},"3":{"start":{"line":7,"column":59},"end":{"line":7,"column":98}},"4":{"start":{"line":7,"column":13},"end":{"line":7,"column":29}}},"fnMap":{"0":{"name":"(anonymous_0)","decl":{"start":{"line":7,"column":29},"end":{"line":7,"column":30}},"loc":{"start":{"line":7,"column":59},"end":{"line":7,"column":98}}}},"branchMap":{},"s":{"0":4,"1":4,"2":4,"3":3,"4":4},"f":{"0":3},"b":{}}
,"C:\\Users\\donda\\DON DEV\\Script-Pay-Backend\\src\\common\\decorators\\current-user.decorator.ts": {"path":"C:\\Users\\donda\\DON DEV\\Script-Pay-Backend\\src\\common\\decorators\\current-user.decorator.ts","statementMap":{"0":{"start":{"line":1,"column":0},"end":{"line":1,"column":77}},"1":{"start":{"line":18,"column":13},"end":{"line":21,"column":3}},"2":{"start":{"line":19,"column":18},"end":{"line":19,"column":71}},"3":{"start":{"line":20,"column":2},"end":{"line":20,"column":22}}},"fnMap":{"0":{"name":"(anonymous_0)","decl":{"start":{"line":18,"column":48},"end":{"line":18,"column":49}},"loc":{"start":{"line":18,"column":117},"end":{"line":21,"column":1}}}},"branchMap":{},"s":{"0":8,"1":8,"2":0,"3":0},"f":{"0":0},"b":{}}
,"C:\\Users\\donda\\DON DEV\\Script-Pay-Backend\\src\\common\\decorators\\roles.decorator.ts": {"path":"C:\\Users\\donda\\DON DEV\\Script-Pay-Backend\\src\\common\\decorators\\roles.decorator.ts","statementMap":{"0":{"start":{"line":1,"column":0},"end":{"line":1,"column":45}},"1":{"start":{"line":4,"column":13},"end":{"line":4,"column":33}},"2":{"start":{"line":10,"column":21},"end":{"line":10,"column":72}},"3":{"start":{"line":10,"column":43},"end":{"line":10,"column":72}},"4":{"start":{"line":10,"column":13},"end":{"line":10,"column":21}}},"fnMap":{"0":{"name":"(anonymous_0)","decl":{"start":{"line":10,"column":21},"end":{"line":10,"column":22}},"loc":{"start":{"line":10,"column":43},"end":{"line":10,"column":72}}}},"branchMap":{},"s":{"0":8,"1":8,"2":8,"3":8,"4":8},"f":{"0":8},"b":{}}
,"C:\\Users\\donda\\DON DEV\\Script-Pay-Backend\\src\\common\\decorators\\skip-response-transform.decorator.ts": {"path":"C:\\Users\\donda\\DON DEV\\Script-Pay-Backend\\src\\common\\decorators\\skip-response-transform.decorator.ts","statementMap":{"0":{"start":{"line":1,"column":0},"end":{"line":1,"column":45}},"1":{"start":{"line":3,"column":13},"end":{"line":3,"column":67}},"2":{"start":{"line":10,"column":37},"end":{"line":10,"column":89}},"3":{"start":{"line":10,"column":43},"end":{"line":10,"column":89}},"4":{"start":{"line":10,"column":13},"end":{"line":10,"column":37}}},"fnMap":{"0":{"name":"(anonymous_0)","decl":{"start":{"line":10,"column":37},"end":{"line":10,"column":40}},"loc":{"start":{"line":10,"column":43},"end":{"line":10,"column":89}}}},"branchMap":{},"s":{"0":2,"1":2,"2":2,"3":1,"4":2},"f":{"0":1},"b":{}}
,"C:\\Users\\donda\\DON DEV\\Script-Pay-Backend\\src\\common\\filters\\http-exception.filter.ts": {"path":"C:\\Users\\donda\\DON DEV\\Script-Pay-Backend\\src\\common\\filters\\http-exception.filter.ts","statementMap":{"0":{"start":{"line":1,"column":0},"end":{"line":1,"column":116}},"1":{"start":{"line":2,"column":0},"end":{"line":2,"column":39}},"2":{"start":{"line":14,"column":32},"end":{"line":49,"column":null}},"3":{"start":{"line":15,"column":28},"end":{"line":15,"column":64}},"4":{"start":{"line":18,"column":16},"end":{"line":18,"column":35}},"5":{"start":{"line":19,"column":21},"end":{"line":19,"column":48}},"6":{"start":{"line":21,"column":4},"end":{"line":39,"column":5}},"7":{"start":{"line":22,"column":21},"end":{"line":22,"column":42}},"8":{"start":{"line":23,"column":19},"end":{"line":23,"column":42}},"9":{"start":{"line":24,"column":22},"end":{"line":24,"column":101}},"10":{"start":{"line":28,"column":6},"end":{"line":30,"column":7}},"11":{"start":{"line":29,"column":8},"end":{"line":29,"column":43}},"12":{"start":{"line":32,"column":6},"end":{"line":37,"column":9}},"13":{"start":{"line":38,"column":6},"end":{"line":38,"column":13}},"14":{"start":{"line":41,"column":4},"end":{"line":41,"column":65}},"15":{"start":{"line":42,"column":4},"end":{"line":42,"column":39}},"16":{"start":{"line":43,"column":4},"end":{"line":47,"column":7}},"17":{"start":{"line":14,"column":13},"end":{"line":14,"column":32}},"18":{"start":{"line":14,"column":13},"end":{"line":49,"column":null}}},"fnMap":{"0":{"name":"(anonymous_10)","decl":{"start":{"line":17,"column":2},"end":{"line":17,"column":7}},"loc":{"start":{"line":17,"column":47},"end":{"line":48,"column":3}}}},"branchMap":{"0":{"loc":{"start":{"line":21,"column":4},"end":{"line":39,"column":5}},"type":"if","locations":[{"start":{"line":21,"column":4},"end":{"line":39,"column":5}}]},"1":{"loc":{"start":{"line":24,"column":22},"end":{"line":24,"column":101}},"type":"cond-expr","locations":[{"start":{"line":24,"column":49},"end":{"line":24,"column":53}},{"start":{"line":24,"column":58},"end":{"line":24,"column":100}}]},"2":{"loc":{"start":{"line":24,"column":58},"end":{"line":24,"column":100}},"type":"binary-expr","locations":[{"start":{"line":24,"column":58},"end":{"line":24,"column":79}},{"start":{"line":24,"column":83},"end":{"line":24,"column":100}}]},"3":{"loc":{"start":{"line":28,"column":6},"end":{"line":30,"column":7}},"type":"if","locations":[{"start":{"line":28,"column":6},"end":{"line":30,"column":7}}]},"4":{"loc":{"start":{"line":34,"column":17},"end":{"line":34,"column":70}},"type":"cond-expr","locations":[{"start":{"line":34,"column":42},"end":{"line":34,"column":60}},{"start":{"line":34,"column":63},"end":{"line":34,"column":70}}]},"5":{"loc":{"start":{"line":36,"column":12},"end":{"line":36,"column":113}},"type":"cond-expr","locations":[{"start":{"line":36,"column":64},"end":{"line":36,"column":108}},{"start":{"line":36,"column":111},"end":{"line":36,"column":113}}]},"6":{"loc":{"start":{"line":36,"column":12},"end":{"line":36,"column":61}},"type":"binary-expr","locations":[{"start":{"line":36,"column":12},"end":{"line":36,"column":36}},{"start":{"line":36,"column":41},"end":{"line":36,"column":61}}]}},"s":{"0":1,"1":1,"2":1,"3":7,"4":7,"5":7,"6":7,"7":5,"8":5,"9":5,"10":5,"11":1,"12":5,"13":5,"14":2,"15":2,"16":2,"17":1,"18":1},"f":{"0":7},"b":{"0":[5],"1":[0,5],"2":[5,0],"3":[1],"4":[1,4],"5":[1,4],"6":[5,5]}}
,"C:\\Users\\donda\\DON DEV\\Script-Pay-Backend\\src\\common\\guards\\api-key.guard.ts": {"path":"C:\\Users\\donda\\DON DEV\\Script-Pay-Backend\\src\\common\\guards\\api-key.guard.ts","statementMap":{"0":{"start":{"line":1,"column":0},"end":{"line":1,"column":106}},"1":{"start":{"line":2,"column":0},"end":{"line":2,"column":41}},"2":{"start":{"line":3,"column":0},"end":{"line":3,"column":33}},"3":{"start":{"line":4,"column":0},"end":{"line":4,"column":89}},"4":{"start":{"line":5,"column":0},"end":{"line":5,"column":76}},"5":{"start":{"line":15,"column":24},"end":{"line":93,"column":null}},"6":{"start":{"line":16,"column":28},"end":{"line":16,"column":56}},"7":{"start":{"line":22,"column":21},"end":{"line":22,"column":29}},"8":{"start":{"line":23,"column":21},"end":{"line":23,"column":32}},"9":{"start":{"line":27,"column":20},"end":{"line":27,"column":55}},"10":{"start":{"line":28,"column":39},"end":{"line":28,"column":67}},"11":{"start":{"line":30,"column":4},"end":{"line":32,"column":5}},"12":{"start":{"line":31,"column":6},"end":{"line":31,"column":57}},"13":{"start":{"line":34,"column":19},"end":{"line":34,"column":37}},"14":{"start":{"line":38,"column":23},"end":{"line":40,"column":6}},"15":{"start":{"line":42,"column":19},"end":{"line":42,"column":56}},"16":{"start":{"line":44,"column":18},"end":{"line":44,"column":22}},"17":{"start":{"line":45,"column":4},"end":{"line":50,"column":5}},"18":{"start":{"line":46,"column":6},"end":{"line":49,"column":7}},"19":{"start":{"line":47,"column":8},"end":{"line":47,"column":28}},"20":{"start":{"line":48,"column":8},"end":{"line":48,"column":14}},"21":{"start":{"line":52,"column":4},"end":{"line":54,"column":5}},"22":{"start":{"line":53,"column":6},"end":{"line":53,"column":57}},"23":{"start":{"line":56,"column":4},"end":{"line":58,"column":5}},"24":{"start":{"line":57,"column":6},"end":{"line":57,"column":57}},"25":{"start":{"line":60,"column":27},"end":{"line":63,"column":6}},"26":{"start":{"line":65,"column":4},"end":{"line":70,"column":5}},"27":{"start":{"line":66,"column":27},"end":{"line":66,"column":90}},"28":{"start":{"line":66,"column":59},"end":{"line":66,"column":89}},"29":{"start":{"line":67,"column":6},"end":{"line":69,"column":7}},"30":{"start":{"line":68,"column":8},"end":{"line":68,"column":74}},"31":{"start":{"line":78,"column":4},"end":{"line":85,"column":9}},"32":{"start":{"line":84,"column":8},"end":{"line":84,"column":103}},"33":{"start":{"line":87,"column":4},"end":{"line":87,"column":40}},"34":{"start":{"line":88,"column":4},"end":{"line":88,"column":42}},"35":{"start":{"line":89,"column":4},"end":{"line":89,"column":34}},"36":{"start":{"line":91,"column":4},"end":{"line":91,"column":16}},"37":{"start":{"line":15,"column":13},"end":{"line":15,"column":24}},"38":{"start":{"line":15,"column":13},"end":{"line":93,"column":null}}},"fnMap":{"0":{"name":"(anonymous_11)","decl":{"start":{"line":18,"column":2},"end":{"line":18,"column":null}},"loc":{"start":{"line":23,"column":41},"end":{"line":24,"column":6}}},"1":{"name":"(anonymous_12)","decl":{"start":{"line":26,"column":2},"end":{"line":26,"column":7}},"loc":{"start":{"line":26,"column":45},"end":{"line":92,"column":3}}},"2":{"name":"(anonymous_13)","decl":{"start":{"line":66,"column":48},"end":{"line":66,"column":49}},"loc":{"start":{"line":66,"column":59},"end":{"line":66,"column":89}}},"3":{"name":"(anonymous_14)","decl":{"start":{"line":83,"column":13},"end":{"line":83,"column":14}},"loc":{"start":{"line":83,"column":32},"end":{"line":85,"column":7}}}},"branchMap":{"0":{"loc":{"start":{"line":30,"column":4},"end":{"line":32,"column":5}},"type":"if","locations":[{"start":{"line":30,"column":4},"end":{"line":32,"column":5}}]},"1":{"loc":{"start":{"line":42,"column":19},"end":{"line":42,"column":56}},"type":"binary-expr","locations":[{"start":{"line":42,"column":19},"end":{"line":42,"column":50}},{"start":{"line":42,"column":54},"end":{"line":42,"column":56}}]},"2":{"loc":{"start":{"line":46,"column":6},"end":{"line":49,"column":7}},"type":"if","locations":[{"start":{"line":46,"column":6},"end":{"line":49,"column":7}}]},"3":{"loc":{"start":{"line":52,"column":4},"end":{"line":54,"column":5}},"type":"if","locations":[{"start":{"line":52,"column":4},"end":{"line":54,"column":5}}]},"4":{"loc":{"start":{"line":56,"column":4},"end":{"line":58,"column":5}},"type":"if","locations":[{"start":{"line":56,"column":4},"end":{"line":58,"column":5}}]},"5":{"loc":{"start":{"line":56,"column":8},"end":{"line":56,"column":59}},"type":"binary-expr","locations":[{"start":{"line":56,"column":8},"end":{"line":56,"column":25}},{"start":{"line":56,"column":29},"end":{"line":56,"column":59}}]},"6":{"loc":{"start":{"line":65,"column":4},"end":{"line":70,"column":5}},"type":"if","locations":[{"start":{"line":65,"column":4},"end":{"line":70,"column":5}}]},"7":{"loc":{"start":{"line":67,"column":6},"end":{"line":69,"column":7}},"type":"if","locations":[{"start":{"line":67,"column":6},"end":{"line":69,"column":7}}]}},"s":{"0":4,"1":4,"2":4,"3":4,"4":4,"5":4,"6":8,"7":8,"8":8,"9":8,"10":8,"11":8,"12":1,"13":7,"14":7,"15":7,"16":7,"17":7,"18":5,"19":4,"20":4,"21":7,"22":3,"23":4,"24":1,"25":3,"26":3,"27":3,"28":3,"29":3,"30":1,"31":2,"32":1,"33":2,"34":2,"35":2,"36":2,"37":4,"38":4},"f":{"0":8,"1":8,"2":3,"3":1},"b":{"0":[1],"1":[7,0],"2":[4],"3":[3],"4":[1],"5":[4,1],"6":[3],"7":[1]}}
,"C:\\Users\\donda\\DON DEV\\Script-Pay-Backend\\src\\common\\guards\\csrf.guard.ts": {"path":"C:\\Users\\donda\\DON DEV\\Script-Pay-Backend\\src\\common\\guards\\csrf.guard.ts","statementMap":{"0":{"start":{"line":65,"column":0},"end":{"line":65,"column":16}},"1":{"start":{"line":1,"column":0},"end":{"line":1,"column":103}},"2":{"start":{"line":3,"column":0},"end":{"line":3,"column":49}},"3":{"start":{"line":17,"column":22},"end":{"line":57,"column":null}},"4":{"start":{"line":18,"column":28},"end":{"line":18,"column":54}},"5":{"start":{"line":21,"column":20},"end":{"line":21,"column":64}},"6":{"start":{"line":22,"column":19},"end":{"line":22,"column":47}},"7":{"start":{"line":25,"column":4},"end":{"line":27,"column":5}},"8":{"start":{"line":26,"column":6},"end":{"line":26,"column":18}},"9":{"start":{"line":30,"column":4},"end":{"line":32,"column":5}},"10":{"start":{"line":31,"column":6},"end":{"line":31,"column":18}},"11":{"start":{"line":35,"column":28},"end":{"line":35,"column":59}},"12":{"start":{"line":38,"column":28},"end":{"line":38,"column":69}},"13":{"start":{"line":41,"column":4},"end":{"line":46,"column":5}},"14":{"start":{"line":42,"column":6},"end":{"line":44,"column":8}},"15":{"start":{"line":45,"column":6},"end":{"line":45,"column":57}},"16":{"start":{"line":49,"column":4},"end":{"line":52,"column":5}},"17":{"start":{"line":50,"column":6},"end":{"line":50,"column":90}},"18":{"start":{"line":51,"column":6},"end":{"line":51,"column":58}},"19":{"start":{"line":55,"column":4},"end":{"line":55,"column":16}},"20":{"start":{"line":17,"column":13},"end":{"line":17,"column":22}},"21":{"start":{"line":17,"column":13},"end":{"line":57,"column":null}},"22":{"start":{"line":66,"column":21},"end":{"line":66,"column":36}},"23":{"start":{"line":67,"column":2},"end":{"line":67,"column":63}}},"fnMap":{"0":{"name":"(anonymous_1)","decl":{"start":{"line":20,"column":2},"end":{"line":20,"column":13}},"loc":{"start":{"line":20,"column":39},"end":{"line":56,"column":3}}},"1":{"name":"generateCsrfToken","decl":{"start":{"line":65,"column":16},"end":{"line":65,"column":33}},"loc":{"start":{"line":65,"column":33},"end":{"line":68,"column":1}}}},"branchMap":{"0":{"loc":{"start":{"line":25,"column":4},"end":{"line":27,"column":5}},"type":"if","locations":[{"start":{"line":25,"column":4},"end":{"line":27,"column":5}}]},"1":{"loc":{"start":{"line":30,"column":4},"end":{"line":32,"column":5}},"type":"if","locations":[{"start":{"line":30,"column":4},"end":{"line":32,"column":5}}]},"2":{"loc":{"start":{"line":41,"column":4},"end":{"line":46,"column":5}},"type":"if","locations":[{"start":{"line":41,"column":4},"end":{"line":46,"column":5}}]},"3":{"loc":{"start":{"line":41,"column":8},"end":{"line":41,"column":44}},"type":"binary-expr","locations":[{"start":{"line":41,"column":8},"end":{"line":41,"column":24}},{"start":{"line":41,"column":28},"end":{"line":41,"column":44}}]},"4":{"loc":{"start":{"line":49,"column":4},"end":{"line":52,"column":5}},"type":"if","locations":[{"start":{"line":49,"column":4},"end":{"line":52,"column":5}}]}},"s":{"0":8,"1":8,"2":8,"3":8,"4":15,"5":14,"6":14,"7":14,"8":3,"9":11,"10":1,"11":10,"12":10,"13":10,"14":6,"15":6,"16":4,"17":2,"18":2,"19":2,"20":8,"21":8,"22":8,"23":8},"f":{"0":14,"1":8},"b":{"0":[3],"1":[1],"2":[6],"3":[10,5],"4":[2]}}
,"C:\\Users\\donda\\DON DEV\\Script-Pay-Backend\\src\\common\\guards\\daraja-webhook-secret.guard.ts": {"path":"C:\\Users\\donda\\DON DEV\\Script-Pay-Backend\\src\\common\\guards\\daraja-webhook-secret.guard.ts","statementMap":{"0":{"start":{"line":1,"column":0},"end":{"line":1,"column":103}},"1":{"start":{"line":3,"column":0},"end":{"line":3,"column":41}},"2":{"start":{"line":17,"column":37},"end":{"line":41,"column":null}},"3":{"start":{"line":18,"column":28},"end":{"line":18,"column":69}},"4":{"start":{"line":21,"column":20},"end":{"line":21,"column":64}},"5":{"start":{"line":22,"column":21},"end":{"line":22,"column":60}},"6":{"start":{"line":23,"column":21},"end":{"line":23,"column":88}},"7":{"start":{"line":25,"column":24},"end":{"line":25,"column":45}},"8":{"start":{"line":26,"column":24},"end":{"line":26,"column":45}},"9":{"start":{"line":32,"column":6},"end":{"line":32,"column":118}},"10":{"start":{"line":34,"column":4},"end":{"line":37,"column":5}},"11":{"start":{"line":35,"column":6},"end":{"line":35,"column":104}},"12":{"start":{"line":36,"column":6},"end":{"line":36,"column":60}},"13":{"start":{"line":39,"column":4},"end":{"line":39,"column":16}},"14":{"start":{"line":17,"column":13},"end":{"line":17,"column":37}},"15":{"start":{"line":17,"column":13},"end":{"line":41,"column":null}}},"fnMap":{"0":{"name":"(anonymous_1)","decl":{"start":{"line":20,"column":2},"end":{"line":20,"column":13}},"loc":{"start":{"line":20,"column":39},"end":{"line":40,"column":3}}}},"branchMap":{"0":{"loc":{"start":{"line":22,"column":21},"end":{"line":22,"column":60}},"type":"binary-expr","locations":[{"start":{"line":22,"column":21},"end":{"line":22,"column":54}},{"start":{"line":22,"column":58},"end":{"line":22,"column":60}}]},"1":{"loc":{"start":{"line":23,"column":21},"end":{"line":23,"column":88}},"type":"cond-expr","locations":[{"start":{"line":23,"column":64},"end":{"line":23,"column":83}},{"start":{"line":23,"column":86},"end":{"line":23,"column":88}}]},"2":{"loc":{"start":{"line":32,"column":6},"end":{"line":32,"column":118}},"type":"binary-expr","locations":[{"start":{"line":32,"column":6},"end":{"line":32,"column":28}},{"start":{"line":32,"column":32},"end":{"line":32,"column":73}},{"start":{"line":32,"column":77},"end":{"line":32,"column":118}}]},"3":{"loc":{"start":{"line":34,"column":4},"end":{"line":37,"column":5}},"type":"if","locations":[{"start":{"line":34,"column":4},"end":{"line":37,"column":5}}]}},"s":{"0":1,"1":1,"2":1,"3":0,"4":0,"5":0,"6":0,"7":0,"8":0,"9":0,"10":0,"11":0,"12":0,"13":0,"14":1,"15":1},"f":{"0":0},"b":{"0":[0,0],"1":[0,0],"2":[0,0,0],"3":[0]}}
,"C:\\Users\\donda\\DON DEV\\Script-Pay-Backend\\src\\common\\guards\\internal-jobs-secret.guard.ts": {"path":"C:\\Users\\donda\\DON DEV\\Script-Pay-Backend\\src\\common\\guards\\internal-jobs-secret.guard.ts","statementMap":{"0":{"start":{"line":1,"column":0},"end":{"line":1,"column":103}},"1":{"start":{"line":3,"column":0},"end":{"line":3,"column":41}},"2":{"start":{"line":25,"column":36},"end":{"line":53,"column":null}},"3":{"start":{"line":26,"column":28},"end":{"line":26,"column":68}},"4":{"start":{"line":29,"column":20},"end":{"line":29,"column":64}},"5":{"start":{"line":30,"column":21},"end":{"line":30,"column":59}},"6":{"start":{"line":31,"column":24},"end":{"line":31,"column":65}},"7":{"start":{"line":32,"column":21},"end":{"line":32,"column":71}},"8":{"start":{"line":34,"column":24},"end":{"line":34,"column":45}},"9":{"start":{"line":35,"column":24},"end":{"line":35,"column":45}},"10":{"start":{"line":41,"column":6},"end":{"line":41,"column":118}},"11":{"start":{"line":43,"column":4},"end":{"line":49,"column":5}},"12":{"start":{"line":44,"column":6},"end":{"line":47,"column":8}},"13":{"start":{"line":48,"column":6},"end":{"line":48,"column":57}},"14":{"start":{"line":51,"column":4},"end":{"line":51,"column":16}},"15":{"start":{"line":25,"column":13},"end":{"line":25,"column":36}},"16":{"start":{"line":25,"column":13},"end":{"line":53,"column":null}}},"fnMap":{"0":{"name":"(anonymous_1)","decl":{"start":{"line":28,"column":2},"end":{"line":28,"column":13}},"loc":{"start":{"line":28,"column":39},"end":{"line":52,"column":3}}}},"branchMap":{"0":{"loc":{"start":{"line":30,"column":21},"end":{"line":30,"column":59}},"type":"binary-expr","locations":[{"start":{"line":30,"column":21},"end":{"line":30,"column":53}},{"start":{"line":30,"column":57},"end":{"line":30,"column":59}}]},"1":{"loc":{"start":{"line":32,"column":21},"end":{"line":32,"column":71}},"type":"cond-expr","locations":[{"start":{"line":32,"column":55},"end":{"line":32,"column":66}},{"start":{"line":32,"column":69},"end":{"line":32,"column":71}}]},"2":{"loc":{"start":{"line":41,"column":6},"end":{"line":41,"column":118}},"type":"binary-expr","locations":[{"start":{"line":41,"column":6},"end":{"line":41,"column":28}},{"start":{"line":41,"column":32},"end":{"line":41,"column":73}},{"start":{"line":41,"column":77},"end":{"line":41,"column":118}}]},"3":{"loc":{"start":{"line":43,"column":4},"end":{"line":49,"column":5}},"type":"if","locations":[{"start":{"line":43,"column":4},"end":{"line":49,"column":5}}]},"4":{"loc":{"start":{"line":46,"column":11},"end":{"line":46,"column":113}},"type":"cond-expr","locations":[{"start":{"line":46,"column":35},"end":{"line":46,"column":108}},{"start":{"line":46,"column":111},"end":{"line":46,"column":113}}]}},"s":{"0":1,"1":1,"2":1,"3":6,"4":7,"5":7,"6":7,"7":7,"8":7,"9":7,"10":7,"11":7,"12":6,"13":6,"14":1,"15":1,"16":1},"f":{"0":7},"b":{"0":[7,2],"1":[4,3],"2":[7,5,2],"3":[6],"4":[2,4]}}
,"C:\\Users\\donda\\DON DEV\\Script-Pay-Backend\\src\\common\\guards\\roles.guard.ts": {"path":"C:\\Users\\donda\\DON DEV\\Script-Pay-Backend\\src\\common\\guards\\roles.guard.ts","statementMap":{"0":{"start":{"line":1,"column":0},"end":{"line":1,"column":95}},"1":{"start":{"line":2,"column":0},"end":{"line":2,"column":41}},"2":{"start":{"line":4,"column":0},"end":{"line":4,"column":58}},"3":{"start":{"line":12,"column":7},"end":{"line":34,"column":null}},"4":{"start":{"line":13,"column":31},"end":{"line":13,"column":42}},"5":{"start":{"line":16,"column":26},"end":{"line":19,"column":6}},"6":{"start":{"line":21,"column":4},"end":{"line":23,"column":5}},"7":{"start":{"line":22,"column":6},"end":{"line":22,"column":18}},"8":{"start":{"line":25,"column":20},"end":{"line":25,"column":55}},"9":{"start":{"line":26,"column":17},"end":{"line":26,"column":29}},"10":{"start":{"line":28,"column":4},"end":{"line":30,"column":5}},"11":{"start":{"line":29,"column":6},"end":{"line":29,"column":72}},"12":{"start":{"line":32,"column":4},"end":{"line":32,"column":16}},"13":{"start":{"line":12,"column":13},"end":{"line":12,"column":23}},"14":{"start":{"line":12,"column":13},"end":{"line":34,"column":null}}},"fnMap":{"0":{"name":"(anonymous_2)","decl":{"start":{"line":13,"column":2},"end":{"line":13,"column":31}},"loc":{"start":{"line":13,"column":51},"end":{"line":13,"column":55}}},"1":{"name":"(anonymous_3)","decl":{"start":{"line":15,"column":2},"end":{"line":15,"column":13}},"loc":{"start":{"line":15,"column":39},"end":{"line":33,"column":3}}}},"branchMap":{"0":{"loc":{"start":{"line":21,"column":4},"end":{"line":23,"column":5}},"type":"if","locations":[{"start":{"line":21,"column":4},"end":{"line":23,"column":5}}]},"1":{"loc":{"start":{"line":21,"column":8},"end":{"line":21,"column":52}},"type":"binary-expr","locations":[{"start":{"line":21,"column":8},"end":{"line":21,"column":22}},{"start":{"line":21,"column":26},"end":{"line":21,"column":52}}]},"2":{"loc":{"start":{"line":28,"column":4},"end":{"line":30,"column":5}},"type":"if","locations":[{"start":{"line":28,"column":4},"end":{"line":30,"column":5}}]},"3":{"loc":{"start":{"line":28,"column":8},"end":{"line":28,"column":51}},"type":"binary-expr","locations":[{"start":{"line":28,"column":8},"end":{"line":28,"column":13}},{"start":{"line":28,"column":17},"end":{"line":28,"column":51}}]}},"s":{"0":8,"1":8,"2":8,"3":8,"4":5,"5":5,"6":5,"7":2,"8":3,"9":3,"10":3,"11":2,"12":1,"13":8,"14":8},"f":{"0":5,"1":5},"b":{"0":[2],"1":[5,4],"2":[2],"3":[3,2]}}
,"C:\\Users\\donda\\DON DEV\\Script-Pay-Backend\\src\\common\\guards\\tenant-aware-throttler.guard.ts": {"path":"C:\\Users\\donda\\DON DEV\\Script-Pay-Backend\\src\\common\\guards\\tenant-aware-throttler.guard.ts","statementMap":{"0":{"start":{"line":1,"column":0},"end":{"line":1,"column":44}},"1":{"start":{"line":2,"column":0},"end":{"line":2,"column":51}},"2":{"start":{"line":13,"column":7},"end":{"line":19,"column":null}},"3":{"start":{"line":15,"column":21},"end":{"line":15,"column":55}},"4":{"start":{"line":16,"column":4},"end":{"line":16,"column":63}},"5":{"start":{"line":16,"column":18},"end":{"line":16,"column":63}},"6":{"start":{"line":17,"column":4},"end":{"line":17,"column":66}},"7":{"start":{"line":13,"column":13},"end":{"line":13,"column":38}},"8":{"start":{"line":13,"column":13},"end":{"line":19,"column":null}}},"fnMap":{"0":{"name":"(anonymous_1)","decl":{"start":{"line":14,"column":12},"end":{"line":14,"column":22}},"loc":{"start":{"line":14,"column":48},"end":{"line":18,"column":3}}}},"branchMap":{"0":{"loc":{"start":{"line":15,"column":21},"end":{"line":15,"column":55}},"type":"binary-expr","locations":[{"start":{"line":15,"column":21},"end":{"line":15,"column":33}},{"start":{"line":15,"column":37},"end":{"line":15,"column":55}}]},"1":{"loc":{"start":{"line":16,"column":4},"end":{"line":16,"column":63}},"type":"if","locations":[{"start":{"line":16,"column":4},"end":{"line":16,"column":63}}]},"2":{"loc":{"start":{"line":17,"column":27},"end":{"line":17,"column":64}},"type":"cond-expr","locations":[{"start":{"line":17,"column":44},"end":{"line":17,"column":54}},{"start":{"line":17,"column":57},"end":{"line":17,"column":64}}]}},"s":{"0":12,"1":12,"2":12,"3":7,"4":7,"5":5,"6":2,"7":12,"8":12},"f":{"0":7},"b":{"0":[7,3],"1":[5],"2":[1,1]}}
,"C:\\Users\\donda\\DON DEV\\Script-Pay-Backend\\src\\common\\interceptors\\logging.interceptor.ts": {"path":"C:\\Users\\donda\\DON DEV\\Script-Pay-Backend\\src\\common\\interceptors\\logging.interceptor.ts","statementMap":{"0":{"start":{"line":1,"column":0},"end":{"line":1,"column":115}},"1":{"start":{"line":3,"column":0},"end":{"line":3,"column":37}},"2":{"start":{"line":4,"column":0},"end":{"line":4,"column":41}},"3":{"start":{"line":13,"column":7},"end":{"line":53,"column":null}},"4":{"start":{"line":14,"column":28},"end":{"line":14,"column":46}},"5":{"start":{"line":17,"column":20},"end":{"line":17,"column":55}},"6":{"start":{"line":18,"column":26},"end":{"line":18,"column":77}},"7":{"start":{"line":19,"column":18},"end":{"line":19,"column":28}},"8":{"start":{"line":21,"column":4},"end":{"line":21,"column":42}},"9":{"start":{"line":23,"column":4},"end":{"line":51,"column":6}},"10":{"start":{"line":26,"column":10},"end":{"line":35,"column":12}},"11":{"start":{"line":38,"column":10},"end":{"line":48,"column":12}},"12":{"start":{"line":13,"column":13},"end":{"line":13,"column":31}},"13":{"start":{"line":13,"column":13},"end":{"line":53,"column":null}}},"fnMap":{"0":{"name":"(anonymous_1)","decl":{"start":{"line":16,"column":2},"end":{"line":16,"column":11}},"loc":{"start":{"line":16,"column":56},"end":{"line":52,"column":3}}},"1":{"name":"(anonymous_2)","decl":{"start":{"line":25,"column":14},"end":{"line":25,"column":17}},"loc":{"start":{"line":25,"column":19},"end":{"line":36,"column":9}}},"2":{"name":"(anonymous_3)","decl":{"start":{"line":37,"column":15},"end":{"line":37,"column":16}},"loc":{"start":{"line":37,"column":23},"end":{"line":49,"column":9}}}},"branchMap":{"0":{"loc":{"start":{"line":18,"column":26},"end":{"line":18,"column":77}},"type":"binary-expr","locations":[{"start":{"line":18,"column":26},"end":{"line":18,"column":61}},{"start":{"line":18,"column":65},"end":{"line":18,"column":77}}]},"1":{"loc":{"start":{"line":31,"column":24},"end":{"line":31,"column":74}},"type":"binary-expr","locations":[{"start":{"line":31,"column":24},"end":{"line":31,"column":40}},{"start":{"line":31,"column":44},"end":{"line":31,"column":66}},{"start":{"line":31,"column":70},"end":{"line":31,"column":74}}]},"2":{"loc":{"start":{"line":43,"column":24},"end":{"line":43,"column":74}},"type":"binary-expr","locations":[{"start":{"line":43,"column":24},"end":{"line":43,"column":40}},{"start":{"line":43,"column":44},"end":{"line":43,"column":66}},{"start":{"line":43,"column":70},"end":{"line":43,"column":74}}]}},"s":{"0":0,"1":0,"2":0,"3":0,"4":0,"5":0,"6":0,"7":0,"8":0,"9":0,"10":0,"11":0,"12":0,"13":0},"f":{"0":0,"1":0,"2":0},"b":{"0":[0,0],"1":[0,0,0],"2":[0,0,0]}}
,"C:\\Users\\donda\\DON DEV\\Script-Pay-Backend\\src\\common\\interceptors\\response-transform.interceptor.ts": {"path":"C:\\Users\\donda\\DON DEV\\Script-Pay-Backend\\src\\common\\interceptors\\response-transform.interceptor.ts","statementMap":{"0":{"start":{"line":1,"column":0},"end":{"line":1,"column":107}},"1":{"start":{"line":2,"column":0},"end":{"line":2,"column":41}},"2":{"start":{"line":4,"column":0},"end":{"line":4,"column":37}},"3":{"start":{"line":5,"column":0},"end":{"line":5,"column":94}},"4":{"start":{"line":25,"column":7},"end":{"line":45,"column":null}},"5":{"start":{"line":26,"column":31},"end":{"line":26,"column":42}},"6":{"start":{"line":29,"column":17},"end":{"line":32,"column":6}},"7":{"start":{"line":33,"column":4},"end":{"line":33,"column":35}},"8":{"start":{"line":33,"column":14},"end":{"line":33,"column":35}},"9":{"start":{"line":35,"column":21},"end":{"line":35,"column":57}},"10":{"start":{"line":36,"column":4},"end":{"line":43,"column":6}},"11":{"start":{"line":37,"column":24},"end":{"line":42,"column":8}},"12":{"start":{"line":25,"column":13},"end":{"line":25,"column":41}},"13":{"start":{"line":25,"column":13},"end":{"line":45,"column":null}}},"fnMap":{"0":{"name":"(anonymous_2)","decl":{"start":{"line":26,"column":2},"end":{"line":26,"column":31}},"loc":{"start":{"line":26,"column":51},"end":{"line":26,"column":55}}},"1":{"name":"(anonymous_3)","decl":{"start":{"line":28,"column":2},"end":{"line":28,"column":11}},"loc":{"start":{"line":28,"column":59},"end":{"line":44,"column":3}}},"2":{"name":"(anonymous_4)","decl":{"start":{"line":37,"column":10},"end":{"line":37,"column":11}},"loc":{"start":{"line":37,"column":24},"end":{"line":42,"column":8}}}},"branchMap":{"0":{"loc":{"start":{"line":33,"column":4},"end":{"line":33,"column":35}},"type":"if","locations":[{"start":{"line":33,"column":4},"end":{"line":33,"column":35}}]}},"s":{"0":1,"1":1,"2":1,"3":1,"4":1,"5":3,"6":3,"7":3,"8":1,"9":2,"10":2,"11":2,"12":1,"13":1},"f":{"0":3,"1":3,"2":2},"b":{"0":[1]}}
,"C:\\Users\\donda\\DON DEV\\Script-Pay-Backend\\src\\common\\pipes\\zod-validation.pipe.ts": {"path":"C:\\Users\\donda\\DON DEV\\Script-Pay-Backend\\src\\common\\pipes\\zod-validation.pipe.ts","statementMap":{"0":{"start":{"line":1,"column":0},"end":{"line":1,"column":73}},"1":{"start":{"line":10,"column":31},"end":{"line":10,"column":46}},"2":{"start":{"line":13,"column":19},"end":{"line":13,"column":47}},"3":{"start":{"line":14,"column":4},"end":{"line":19,"column":5}},"4":{"start":{"line":15,"column":6},"end":{"line":18,"column":9}},"5":{"start":{"line":17,"column":48},"end":{"line":17,"column":94}},"6":{"start":{"line":20,"column":4},"end":{"line":20,"column":23}},"7":{"start":{"line":9,"column":0},"end":{"line":9,"column":13}}},"fnMap":{"0":{"name":"(anonymous_0)","decl":{"start":{"line":10,"column":2},"end":{"line":10,"column":31}},"loc":{"start":{"line":10,"column":46},"end":{"line":10,"column":50}}},"1":{"name":"(anonymous_1)","decl":{"start":{"line":12,"column":2},"end":{"line":12,"column":11}},"loc":{"start":{"line":12,"column":26},"end":{"line":21,"column":3}}},"2":{"name":"(anonymous_2)","decl":{"start":{"line":17,"column":40},"end":{"line":17,"column":41}},"loc":{"start":{"line":17,"column":48},"end":{"line":17,"column":94}}}},"branchMap":{"0":{"loc":{"start":{"line":14,"column":4},"end":{"line":19,"column":5}},"type":"if","locations":[{"start":{"line":14,"column":4},"end":{"line":19,"column":5}}]}},"s":{"0":9,"1":21,"2":5,"3":5,"4":3,"5":5,"6":2,"7":9},"f":{"0":21,"1":5,"2":5},"b":{"0":[3]}}
,"C:\\Users\\donda\\DON DEV\\Script-Pay-Backend\\src\\common\\utils\\mask-msisdn.ts": {"path":"C:\\Users\\donda\\DON DEV\\Script-Pay-Backend\\src\\common\\utils\\mask-msisdn.ts","statementMap":{"0":{"start":{"line":1,"column":0},"end":{"line":1,"column":16}},"1":{"start":{"line":4,"column":2},"end":{"line":4,"column":86}}},"fnMap":{"0":{"name":"maskMsisdn","decl":{"start":{"line":1,"column":16},"end":{"line":1,"column":26}},"loc":{"start":{"line":1,"column":41},"end":{"line":5,"column":1}}}},"branchMap":{"0":{"loc":{"start":{"line":4,"column":9},"end":{"line":4,"column":85}},"type":"cond-expr","locations":[{"start":{"line":4,"column":30},"end":{"line":4,"column":76}},{"start":{"line":4,"column":79},"end":{"line":4,"column":85}}]}},"s":{"0":7,"1":10},"f":{"0":10},"b":{"0":[9,1]}}
,"C:\\Users\\donda\\DON DEV\\Script-Pay-Backend\\src\\config\\env.schema.ts": {"path":"C:\\Users\\donda\\DON DEV\\Script-Pay-Backend\\src\\config\\env.schema.ts","statementMap":{"0":{"start":{"line":198,"column":0},"end":{"line":198,"column":16}},"1":{"start":{"line":1,"column":0},"end":{"line":1,"column":24}},"2":{"start":{"line":9,"column":20},"end":{"line":9,"column":102}},"3":{"start":{"line":9,"column":26},"end":{"line":9,"column":102}},"4":{"start":{"line":9,"column":47},"end":{"line":9,"column":71}},"5":{"start":{"line":10,"column":23},"end":{"line":10,"column":115}},"6":{"start":{"line":10,"column":36},"end":{"line":10,"column":115}},"7":{"start":{"line":10,"column":57},"end":{"line":10,"column":81}},"8":{"start":{"line":11,"column":22},"end":{"line":11,"column":106}},"9":{"start":{"line":11,"column":28},"end":{"line":11,"column":106}},"10":{"start":{"line":11,"column":49},"end":{"line":11,"column":73}},"11":{"start":{"line":24,"column":19},"end":{"line":37,"column":6}},"12":{"start":{"line":25,"column":2},"end":{"line":37,"column":6}},"13":{"start":{"line":29,"column":6},"end":{"line":32,"column":24}},"14":{"start":{"line":31,"column":20},"end":{"line":31,"column":28}},"15":{"start":{"line":34,"column":22},"end":{"line":34,"column":97}},"16":{"start":{"line":34,"column":59},"end":{"line":34,"column":96}},"17":{"start":{"line":45,"column":25},"end":{"line":54,"column":null}},"18":{"start":{"line":46,"column":2},"end":{"line":54,"column":null}},"19":{"start":{"line":48,"column":6},"end":{"line":52,"column":7}},"20":{"start":{"line":49,"column":8},"end":{"line":49,"column":54}},"21":{"start":{"line":51,"column":8},"end":{"line":51,"column":21}},"22":{"start":{"line":62,"column":2},"end":{"line":66,"column":64}},"23":{"start":{"line":73,"column":13},"end":{"line":194,"column":3}},"24":{"start":{"line":199,"column":17},"end":{"line":199,"column":44}},"25":{"start":{"line":200,"column":2},"end":{"line":204,"column":3}},"26":{"start":{"line":202,"column":19},"end":{"line":202,"column":99}},"27":{"start":{"line":202,"column":50},"end":{"line":202,"column":85}},"28":{"start":{"line":203,"column":4},"end":{"line":203,"column":71}},"29":{"start":{"line":205,"column":2},"end":{"line":205,"column":21}}},"fnMap":{"0":{"name":"(anonymous_0)","decl":{"start":{"line":9,"column":20},"end":{"line":9,"column":23}},"loc":{"start":{"line":9,"column":26},"end":{"line":9,"column":102}}},"1":{"name":"(anonymous_1)","decl":{"start":{"line":9,"column":39},"end":{"line":9,"column":40}},"loc":{"start":{"line":9,"column":47},"end":{"line":9,"column":71}}},"2":{"name":"(anonymous_2)","decl":{"start":{"line":10,"column":23},"end":{"line":10,"column":24}},"loc":{"start":{"line":10,"column":36},"end":{"line":10,"column":115}}},"3":{"name":"(anonymous_3)","decl":{"start":{"line":10,"column":49},"end":{"line":10,"column":50}},"loc":{"start":{"line":10,"column":57},"end":{"line":10,"column":81}}},"4":{"name":"(anonymous_4)","decl":{"start":{"line":11,"column":22},"end":{"line":11,"column":25}},"loc":{"start":{"line":11,"column":28},"end":{"line":11,"column":106}}},"5":{"name":"(anonymous_5)","decl":{"start":{"line":11,"column":41},"end":{"line":11,"column":42}},"loc":{"start":{"line":11,"column":49},"end":{"line":11,"column":73}}},"6":{"name":"(anonymous_6)","decl":{"start":{"line":24,"column":19},"end":{"line":24,"column":22}},"loc":{"start":{"line":25,"column":2},"end":{"line":37,"column":6}}},"7":{"name":"(anonymous_7)","decl":{"start":{"line":28,"column":15},"end":{"line":28,"column":16}},"loc":{"start":{"line":29,"column":6},"end":{"line":32,"column":24}}},"8":{"name":"(anonymous_8)","decl":{"start":{"line":31,"column":13},"end":{"line":31,"column":14}},"loc":{"start":{"line":31,"column":20},"end":{"line":31,"column":28}}},"9":{"name":"(anonymous_9)","decl":{"start":{"line":34,"column":12},"end":{"line":34,"column":13}},"loc":{"start":{"line":34,"column":22},"end":{"line":34,"column":97}}},"10":{"name":"(anonymous_10)","decl":{"start":{"line":34,"column":52},"end":{"line":34,"column":53}},"loc":{"start":{"line":34,"column":59},"end":{"line":34,"column":96}}},"11":{"name":"(anonymous_11)","decl":{"start":{"line":45,"column":25},"end":{"line":45,"column":26}},"loc":{"start":{"line":46,"column":2},"end":{"line":54,"column":null}}},"12":{"name":"(anonymous_12)","decl":{"start":{"line":47,"column":4},"end":{"line":47,"column":5}},"loc":{"start":{"line":47,"column":10},"end":{"line":53,"column":5}}},"13":{"name":"validateEnv","decl":{"start":{"line":198,"column":16},"end":{"line":198,"column":27}},"loc":{"start":{"line":198,"column":59},"end":{"line":206,"column":1}}},"14":{"name":"(anonymous_14)","decl":{"start":{"line":202,"column":43},"end":{"line":202,"column":44}},"loc":{"start":{"line":202,"column":50},"end":{"line":202,"column":85}}}},"branchMap":{"0":{"loc":{"start":{"line":9,"column":47},"end":{"line":9,"column":71}},"type":"cond-expr","locations":[{"start":{"line":9,"column":58},"end":{"line":9,"column":67}},{"start":{"line":9,"column":70},"end":{"line":9,"column":71}}]},"1":{"loc":{"start":{"line":10,"column":24},"end":{"line":10,"column":31}},"type":"default-arg","locations":[{"start":{"line":10,"column":30},"end":{"line":10,"column":31}}]},"2":{"loc":{"start":{"line":10,"column":57},"end":{"line":10,"column":81}},"type":"cond-expr","locations":[{"start":{"line":10,"column":68},"end":{"line":10,"column":77}},{"start":{"line":10,"column":80},"end":{"line":10,"column":81}}]},"3":{"loc":{"start":{"line":11,"column":49},"end":{"line":11,"column":73}},"type":"cond-expr","locations":[{"start":{"line":11,"column":60},"end":{"line":11,"column":69}},{"start":{"line":11,"column":72},"end":{"line":11,"column":73}}]},"4":{"loc":{"start":{"line":34,"column":22},"end":{"line":34,"column":97}},"type":"binary-expr","locations":[{"start":{"line":34,"column":22},"end":{"line":34,"column":37}},{"start":{"line":34,"column":41},"end":{"line":34,"column":97}}]},"5":{"loc":{"start":{"line":200,"column":2},"end":{"line":204,"column":3}},"type":"if","locations":[{"start":{"line":200,"column":2},"end":{"line":204,"column":3}}]}},"s":{"0":0,"1":0,"2":0,"3":0,"4":0,"5":0,"6":0,"7":0,"8":0,"9":0,"10":0,"11":0,"12":0,"13":0,"14":0,"15":0,"16":0,"17":0,"18":0,"19":0,"20":0,"21":0,"22":0,"23":0,"24":0,"25":0,"26":0,"27":0,"28":0,"29":0},"f":{"0":0,"1":0,"2":0,"3":0,"4":0,"5":0,"6":0,"7":0,"8":0,"9":0,"10":0,"11":0,"12":0,"13":0,"14":0},"b":{"0":[0,0],"1":[0],"2":[0,0],"3":[0,0],"4":[0,0],"5":[0]}}
,"C:\\Users\\donda\\DON DEV\\Script-Pay-Backend\\src\\infrastructure\\daraja\\daraja.client.ts": {"path":"C:\\Users\\donda\\DON DEV\\Script-Pay-Backend\\src\\infrastructure\\daraja\\daraja.client.ts","statementMap":{"0":{"start":{"line":1,"column":0},"end":{"line":1,"column":73}},"1":{"start":{"line":109,"column":25},"end":{"line":418,"column":null}},"2":{"start":{"line":110,"column":28},"end":{"line":110,"column":57}},"3":{"start":{"line":113,"column":23},"end":{"line":113,"column":53}},"4":{"start":{"line":116,"column":4},"end":{"line":116,"column":118}},"5":{"start":{"line":131,"column":16},"end":{"line":131,"column":37}},"6":{"start":{"line":132,"column":4},"end":{"line":139,"column":5}},"7":{"start":{"line":133,"column":6},"end":{"line":133,"column":29}},"8":{"start":{"line":135,"column":6},"end":{"line":135,"column":124}},"9":{"start":{"line":136,"column":6},"end":{"line":138,"column":8}},"10":{"start":{"line":143,"column":16},"end":{"line":143,"column":26}},"11":{"start":{"line":144,"column":19},"end":{"line":144,"column":62}},"12":{"start":{"line":145,"column":4},"end":{"line":145,"column":62}},"13":{"start":{"line":145,"column":42},"end":{"line":145,"column":62}},"14":{"start":{"line":147,"column":24},"end":{"line":148,"column":null}},"15":{"start":{"line":150,"column":21},"end":{"line":153,"column":6}},"16":{"start":{"line":155,"column":4},"end":{"line":169,"column":5}},"17":{"start":{"line":156,"column":19},"end":{"line":156,"column":40}},"18":{"start":{"line":157,"column":6},"end":{"line":157,"column":89}},"19":{"start":{"line":166,"column":6},"end":{"line":168,"column":8}},"20":{"start":{"line":171,"column":18},"end":{"line":171,"column":69}},"21":{"start":{"line":172,"column":18},"end":{"line":172,"column":55}},"22":{"start":{"line":173,"column":4},"end":{"line":173,"column":102}},"23":{"start":{"line":174,"column":4},"end":{"line":174,"column":29}},"24":{"start":{"line":184,"column":17},"end":{"line":184,"column":52}},"25":{"start":{"line":185,"column":18},"end":{"line":185,"column":77}},"26":{"start":{"line":186,"column":4},"end":{"line":186,"column":63}},"27":{"start":{"line":204,"column":4},"end":{"line":209,"column":5}},"28":{"start":{"line":205,"column":6},"end":{"line":208,"column":8}},"29":{"start":{"line":210,"column":4},"end":{"line":210,"column":18}},"30":{"start":{"line":214,"column":22},"end":{"line":217,"column":19}},"31":{"start":{"line":218,"column":21},"end":{"line":218,"column":115}},"32":{"start":{"line":219,"column":4},"end":{"line":219,"column":35}},"33":{"start":{"line":223,"column":24},"end":{"line":223,"column":56}},"34":{"start":{"line":224,"column":36},"end":{"line":224,"column":64}},"35":{"start":{"line":226,"column":21},"end":{"line":242,"column":6}},"36":{"start":{"line":244,"column":17},"end":{"line":244,"column":65}},"37":{"start":{"line":245,"column":4},"end":{"line":254,"column":5}},"38":{"start":{"line":246,"column":6},"end":{"line":246,"column":77}},"39":{"start":{"line":251,"column":6},"end":{"line":253,"column":8}},"40":{"start":{"line":256,"column":4},"end":{"line":260,"column":6}},"41":{"start":{"line":278,"column":24},"end":{"line":278,"column":56}},"42":{"start":{"line":280,"column":21},"end":{"line":299,"column":6}},"43":{"start":{"line":301,"column":17},"end":{"line":301,"column":68}},"44":{"start":{"line":302,"column":4},"end":{"line":311,"column":5}},"45":{"start":{"line":303,"column":6},"end":{"line":303,"column":80}},"46":{"start":{"line":308,"column":6},"end":{"line":310,"column":8}},"47":{"start":{"line":313,"column":4},"end":{"line":319,"column":6}},"48":{"start":{"line":331,"column":4},"end":{"line":331,"column":37}},"49":{"start":{"line":348,"column":24},"end":{"line":348,"column":56}},"50":{"start":{"line":349,"column":28},"end":{"line":349,"column":68}},"51":{"start":{"line":351,"column":21},"end":{"line":360,"column":6}},"52":{"start":{"line":362,"column":17},"end":{"line":362,"column":77}},"53":{"start":{"line":363,"column":4},"end":{"line":368,"column":5}},"54":{"start":{"line":364,"column":6},"end":{"line":364,"column":89}},"55":{"start":{"line":365,"column":6},"end":{"line":367,"column":8}},"56":{"start":{"line":380,"column":24},"end":{"line":380,"column":56}},"57":{"start":{"line":381,"column":36},"end":{"line":381,"column":64}},"58":{"start":{"line":383,"column":21},"end":{"line":392,"column":6}},"59":{"start":{"line":394,"column":17},"end":{"line":394,"column":78}},"60":{"start":{"line":399,"column":26},"end":{"line":399,"column":41}},"61":{"start":{"line":400,"column":19},"end":{"line":402,"column":29}},"62":{"start":{"line":404,"column":4},"end":{"line":414,"column":5}},"63":{"start":{"line":405,"column":6},"end":{"line":408,"column":8}},"64":{"start":{"line":409,"column":6},"end":{"line":413,"column":8}},"65":{"start":{"line":416,"column":4},"end":{"line":416,"column":63}},"66":{"start":{"line":109,"column":13},"end":{"line":109,"column":25}},"67":{"start":{"line":109,"column":13},"end":{"line":418,"column":null}}},"fnMap":{"0":{"name":"(anonymous_1)","decl":{"start":{"line":115,"column":2},"end":{"line":115,"column":14}},"loc":{"start":{"line":115,"column":21},"end":{"line":117,"column":3}}},"1":{"name":"(anonymous_2)","decl":{"start":{"line":130,"column":10},"end":{"line":130,"column":15}},"loc":{"start":{"line":130,"column":67},"end":{"line":140,"column":3}}},"2":{"name":"(anonymous_3)","decl":{"start":{"line":142,"column":10},"end":{"line":142,"column":15}},"loc":{"start":{"line":142,"column":59},"end":{"line":175,"column":3}}},"3":{"name":"(anonymous_4)","decl":{"start":{"line":183,"column":10},"end":{"line":183,"column":25}},"loc":{"start":{"line":183,"column":38},"end":{"line":187,"column":3}}},"4":{"name":"(anonymous_5)","decl":{"start":{"line":203,"column":10},"end":{"line":203,"column":30}},"loc":{"start":{"line":203,"column":62},"end":{"line":211,"column":3}}},"5":{"name":"(anonymous_6)","decl":{"start":{"line":213,"column":10},"end":{"line":213,"column":26}},"loc":{"start":{"line":213,"column":56},"end":{"line":220,"column":3}}},"6":{"name":"(anonymous_7)","decl":{"start":{"line":222,"column":2},"end":{"line":222,"column":7}},"loc":{"start":{"line":222,"column":76},"end":{"line":261,"column":3}}},"7":{"name":"(anonymous_8)","decl":{"start":{"line":277,"column":2},"end":{"line":277,"column":7}},"loc":{"start":{"line":277,"column":69},"end":{"line":320,"column":3}}},"8":{"name":"(anonymous_9)","decl":{"start":{"line":330,"column":2},"end":{"line":330,"column":7}},"loc":{"start":{"line":330,"column":54},"end":{"line":332,"column":3}}},"9":{"name":"(anonymous_10)","decl":{"start":{"line":347,"column":2},"end":{"line":347,"column":7}},"loc":{"start":{"line":347,"column":59},"end":{"line":369,"column":3}}},"10":{"name":"(anonymous_11)","decl":{"start":{"line":376,"column":2},"end":{"line":376,"column":7}},"loc":{"start":{"line":378,"column":29},"end":{"line":417,"column":3}}}},"branchMap":{"0":{"loc":{"start":{"line":116,"column":11},"end":{"line":116,"column":117}},"type":"cond-expr","locations":[{"start":{"line":116,"column":52},"end":{"line":116,"column":81}},{"start":{"line":116,"column":84},"end":{"line":116,"column":117}}]},"1":{"loc":{"start":{"line":145,"column":4},"end":{"line":145,"column":62}},"type":"if","locations":[{"start":{"line":145,"column":4},"end":{"line":145,"column":62}}]},"2":{"loc":{"start":{"line":145,"column":8},"end":{"line":145,"column":40}},"type":"binary-expr","locations":[{"start":{"line":145,"column":8},"end":{"line":145,"column":14}},{"start":{"line":145,"column":18},"end":{"line":145,"column":40}}]},"3":{"loc":{"start":{"line":155,"column":4},"end":{"line":169,"column":5}},"type":"if","locations":[{"start":{"line":155,"column":4},"end":{"line":169,"column":5}}]},"4":{"loc":{"start":{"line":185,"column":37},"end":{"line":185,"column":76}},"type":"binary-expr","locations":[{"start":{"line":185,"column":37},"end":{"line":185,"column":70}},{"start":{"line":185,"column":74},"end":{"line":185,"column":76}}]},"5":{"loc":{"start":{"line":204,"column":4},"end":{"line":209,"column":5}},"type":"if","locations":[{"start":{"line":204,"column":4},"end":{"line":209,"column":5}}]},"6":{"loc":{"start":{"line":245,"column":4},"end":{"line":254,"column":5}},"type":"if","locations":[{"start":{"line":245,"column":4},"end":{"line":254,"column":5}}]},"7":{"loc":{"start":{"line":245,"column":8},"end":{"line":245,"column":49}},"type":"binary-expr","locations":[{"start":{"line":245,"column":8},"end":{"line":245,"column":20}},{"start":{"line":245,"column":24},"end":{"line":245,"column":49}}]},"8":{"loc":{"start":{"line":252,"column":8},"end":{"line":252,"column":95}},"type":"binary-expr","locations":[{"start":{"line":252,"column":8},"end":{"line":252,"column":25}},{"start":{"line":252,"column":29},"end":{"line":252,"column":53}},{"start":{"line":252,"column":57},"end":{"line":252,"column":95}}]},"9":{"loc":{"start":{"line":297,"column":18},"end":{"line":297,"column":39}},"type":"binary-expr","locations":[{"start":{"line":297,"column":18},"end":{"line":297,"column":33}},{"start":{"line":297,"column":37},"end":{"line":297,"column":39}}]},"10":{"loc":{"start":{"line":302,"column":4},"end":{"line":311,"column":5}},"type":"if","locations":[{"start":{"line":302,"column":4},"end":{"line":311,"column":5}}]},"11":{"loc":{"start":{"line":302,"column":8},"end":{"line":302,"column":49}},"type":"binary-expr","locations":[{"start":{"line":302,"column":8},"end":{"line":302,"column":20}},{"start":{"line":302,"column":24},"end":{"line":302,"column":49}}]},"12":{"loc":{"start":{"line":309,"column":8},"end":{"line":309,"column":98}},"type":"binary-expr","locations":[{"start":{"line":309,"column":8},"end":{"line":309,"column":25}},{"start":{"line":309,"column":29},"end":{"line":309,"column":53}},{"start":{"line":309,"column":57},"end":{"line":309,"column":98}}]},"13":{"loc":{"start":{"line":363,"column":4},"end":{"line":368,"column":5}},"type":"if","locations":[{"start":{"line":363,"column":4},"end":{"line":368,"column":5}}]},"14":{"loc":{"start":{"line":363,"column":8},"end":{"line":363,"column":49}},"type":"binary-expr","locations":[{"start":{"line":363,"column":8},"end":{"line":363,"column":20}},{"start":{"line":363,"column":24},"end":{"line":363,"column":49}}]},"15":{"loc":{"start":{"line":366,"column":8},"end":{"line":366,"column":95}},"type":"binary-expr","locations":[{"start":{"line":366,"column":8},"end":{"line":366,"column":25}},{"start":{"line":366,"column":29},"end":{"line":366,"column":53}},{"start":{"line":366,"column":57},"end":{"line":366,"column":95}}]},"16":{"loc":{"start":{"line":400,"column":19},"end":{"line":402,"column":29}},"type":"cond-expr","locations":[{"start":{"line":401,"column":8},"end":{"line":401,"column":18}},{"start":{"line":402,"column":8},"end":{"line":402,"column":29}}]},"17":{"loc":{"start":{"line":400,"column":19},"end":{"line":400,"column":96}},"type":"binary-expr","locations":[{"start":{"line":400,"column":19},"end":{"line":400,"column":46}},{"start":{"line":400,"column":50},"end":{"line":400,"column":72}},{"start":{"line":400,"column":76},"end":{"line":400,"column":96}}]},"18":{"loc":{"start":{"line":404,"column":4},"end":{"line":414,"column":5}},"type":"if","locations":[{"start":{"line":404,"column":4},"end":{"line":414,"column":5}}]},"19":{"loc":{"start":{"line":407,"column":51},"end":{"line":407,"column":75}},"type":"binary-expr","locations":[{"start":{"line":407,"column":51},"end":{"line":407,"column":65}},{"start":{"line":407,"column":69},"end":{"line":407,"column":75}}]},"20":{"loc":{"start":{"line":407,"column":81},"end":{"line":407,"column":141}},"type":"binary-expr","locations":[{"start":{"line":407,"column":81},"end":{"line":407,"column":98}},{"start":{"line":407,"column":102},"end":{"line":407,"column":126}},{"start":{"line":407,"column":130},"end":{"line":407,"column":141}}]},"21":{"loc":{"start":{"line":411,"column":20},"end":{"line":411,"column":65}},"type":"binary-expr","locations":[{"start":{"line":411,"column":20},"end":{"line":411,"column":37}},{"start":{"line":411,"column":41},"end":{"line":411,"column":65}}]}},"s":{"0":12,"1":12,"2":19,"3":19,"4":38,"5":36,"6":36,"7":36,"8":0,"9":0,"10":21,"11":21,"12":21,"13":2,"14":19,"15":19,"16":19,"17":2,"18":2,"19":2,"20":17,"21":17,"22":17,"23":17,"24":23,"25":23,"26":23,"27":15,"28":0,"29":15,"30":11,"31":11,"32":11,"33":8,"34":7,"35":7,"36":7,"37":7,"38":1,"39":1,"40":6,"41":9,"42":8,"43":8,"44":8,"45":1,"46":1,"47":7,"48":0,"49":0,"50":0,"51":0,"52":0,"53":0,"54":0,"55":0,"56":4,"57":4,"58":4,"59":4,"60":4,"61":4,"62":4,"63":2,"64":2,"65":2,"66":12,"67":12},"f":{"0":38,"1":36,"2":21,"3":23,"4":15,"5":11,"6":8,"7":9,"8":0,"9":0,"10":4},"b":{"0":[4,34],"1":[2],"2":[21,2],"3":[2],"4":[23,0],"5":[0],"6":[1],"7":[7,7],"8":[1,0,0],"9":[8,8],"10":[1],"11":[8,8],"12":[1,0,0],"13":[0],"14":[0,0],"15":[0,0,0],"16":[2,2],"17":[4,2,2],"18":[2],"19":[2,1],"20":[2,1,0],"21":[2,1]}}
,"C:\\Users\\donda\\DON DEV\\Script-Pay-Backend\\src\\modules\\alerts\\alerts.service.ts": {"path":"C:\\Users\\donda\\DON DEV\\Script-Pay-Backend\\src\\modules\\alerts\\alerts.service.ts","statementMap":{"0":{"start":{"line":1,"column":0},"end":{"line":1,"column":52}},"1":{"start":{"line":2,"column":0},"end":{"line":2,"column":32}},"2":{"start":{"line":19,"column":26},"end":{"line":91,"column":null}},"3":{"start":{"line":20,"column":28},"end":{"line":20,"column":58}},"4":{"start":{"line":21,"column":37},"end":{"line":21,"column":66}},"5":{"start":{"line":22,"column":35},"end":{"line":22,"column":62}},"6":{"start":{"line":23,"column":31},"end":{"line":23,"column":53}},"7":{"start":{"line":24,"column":34},"end":{"line":24,"column":74}},"8":{"start":{"line":28,"column":4},"end":{"line":30,"column":5}},"9":{"start":{"line":29,"column":6},"end":{"line":29,"column":59}},"10":{"start":{"line":34,"column":4},"end":{"line":34,"column":32}},"11":{"start":{"line":36,"column":4},"end":{"line":44,"column":5}},"12":{"start":{"line":37,"column":6},"end":{"line":43,"column":8}},"13":{"start":{"line":48,"column":4},"end":{"line":51,"column":5}},"14":{"start":{"line":49,"column":6},"end":{"line":49,"column":112}},"15":{"start":{"line":50,"column":6},"end":{"line":50,"column":13}},"16":{"start":{"line":53,"column":4},"end":{"line":71,"column":5}},"17":{"start":{"line":54,"column":23},"end":{"line":62,"column":8}},"18":{"start":{"line":64,"column":6},"end":{"line":66,"column":7}},"19":{"start":{"line":65,"column":8},"end":{"line":65,"column":100}},"20":{"start":{"line":70,"column":6},"end":{"line":70,"column":73}},"21":{"start":{"line":75,"column":4},"end":{"line":78,"column":5}},"22":{"start":{"line":76,"column":6},"end":{"line":76,"column":110}},"23":{"start":{"line":77,"column":6},"end":{"line":77,"column":13}},"24":{"start":{"line":80,"column":4},"end":{"line":85,"column":5}},"25":{"start":{"line":81,"column":6},"end":{"line":81,"column":87}},"26":{"start":{"line":84,"column":6},"end":{"line":84,"column":79}},"27":{"start":{"line":89,"column":4},"end":{"line":89,"column":84}},"28":{"start":{"line":19,"column":13},"end":{"line":19,"column":26}},"29":{"start":{"line":19,"column":13},"end":{"line":91,"column":null}}},"fnMap":{"0":{"name":"(anonymous_2)","decl":{"start":{"line":27,"column":2},"end":{"line":27,"column":null}},"loc":{"start":{"line":27,"column":2},"end":{"line":31,"column":3}}},"1":{"name":"(anonymous_3)","decl":{"start":{"line":33,"column":2},"end":{"line":33,"column":7}},"loc":{"start":{"line":33,"column":32},"end":{"line":45,"column":3}}},"2":{"name":"(anonymous_4)","decl":{"start":{"line":47,"column":10},"end":{"line":47,"column":15}},"loc":{"start":{"line":47,"column":45},"end":{"line":72,"column":3}}},"3":{"name":"(anonymous_5)","decl":{"start":{"line":74,"column":2},"end":{"line":74,"column":7}},"loc":{"start":{"line":74,"column":59},"end":{"line":86,"column":3}}},"4":{"name":"(anonymous_6)","decl":{"start":{"line":88,"column":10},"end":{"line":88,"column":20}},"loc":{"start":{"line":88,"column":34},"end":{"line":90,"column":3}}}},"branchMap":{"0":{"loc":{"start":{"line":24,"column":34},"end":{"line":24,"column":74}},"type":"binary-expr","locations":[{"start":{"line":24,"column":34},"end":{"line":24,"column":59}},{"start":{"line":24,"column":63},"end":{"line":24,"column":74}}]},"1":{"loc":{"start":{"line":28,"column":4},"end":{"line":30,"column":5}},"type":"if","locations":[{"start":{"line":28,"column":4},"end":{"line":30,"column":5}}]},"2":{"loc":{"start":{"line":36,"column":4},"end":{"line":44,"column":5}},"type":"if","locations":[{"start":{"line":36,"column":4},"end":{"line":44,"column":5}}]},"3":{"loc":{"start":{"line":36,"column":8},"end":{"line":36,"column":59}},"type":"binary-expr","locations":[{"start":{"line":36,"column":8},"end":{"line":36,"column":37}},{"start":{"line":36,"column":41},"end":{"line":36,"column":59}}]},"4":{"loc":{"start":{"line":41,"column":10},"end":{"line":41,"column":null}},"type":"cond-expr","locations":[{"start":{"line":41,"column":26},"end":{"line":41,"column":97}},{"start":{"line":41,"column":100},"end":{"line":41,"column":null}}]},"5":{"loc":{"start":{"line":48,"column":4},"end":{"line":51,"column":5}},"type":"if","locations":[{"start":{"line":48,"column":4},"end":{"line":51,"column":5}}]},"6":{"loc":{"start":{"line":58,"column":19},"end":{"line":58,"column":62}},"type":"cond-expr","locations":[{"start":{"line":58,"column":51},"end":{"line":58,"column":55}},{"start":{"line":58,"column":58},"end":{"line":58,"column":62}}]},"7":{"loc":{"start":{"line":59,"column":12},"end":{"line":59,"column":null}},"type":"cond-expr","locations":[{"start":{"line":59,"column":28},"end":{"line":59,"column":85}},{"start":{"line":59,"column":88},"end":{"line":59,"column":null}}]},"8":{"loc":{"start":{"line":64,"column":6},"end":{"line":66,"column":7}},"type":"if","locations":[{"start":{"line":64,"column":6},"end":{"line":66,"column":7}}]},"9":{"loc":{"start":{"line":75,"column":4},"end":{"line":78,"column":5}},"type":"if","locations":[{"start":{"line":75,"column":4},"end":{"line":78,"column":5}}]},"10":{"loc":{"start":{"line":75,"column":8},"end":{"line":75,"column":39}},"type":"binary-expr","locations":[{"start":{"line":75,"column":8},"end":{"line":75,"column":20}},{"start":{"line":75,"column":24},"end":{"line":75,"column":39}}]}},"s":{"0":11,"1":11,"2":11,"3":9,"4":9,"5":9,"6":9,"7":9,"8":9,"9":5,"10":6,"11":6,"12":1,"13":6,"14":4,"15":4,"16":2,"17":2,"18":1,"19":0,"20":1,"21":4,"22":1,"23":1,"24":3,"25":3,"26":1,"27":0,"28":11,"29":11},"f":{"0":9,"1":6,"2":6,"3":4,"4":0},"b":{"0":[9,9],"1":[5],"2":[1],"3":[6,2],"4":[0,1],"5":[4],"6":[0,2],"7":[0,2],"8":[0],"9":[1],"10":[4,3]}}
,"C:\\Users\\donda\\DON DEV\\Script-Pay-Backend\\src\\modules\\api-keys\\api-key.dto.ts": {"path":"C:\\Users\\donda\\DON DEV\\Script-Pay-Backend\\src\\modules\\api-keys\\api-key.dto.ts","statementMap":{"0":{"start":{"line":1,"column":0},"end":{"line":1,"column":24}},"1":{"start":{"line":3,"column":13},"end":{"line":22,"column":12}}},"fnMap":{},"branchMap":{},"s":{"0":1,"1":1},"f":{},"b":{}}
,"C:\\Users\\donda\\DON DEV\\Script-Pay-Backend\\src\\modules\\api-keys\\api-keys.controller.ts": {"path":"C:\\Users\\donda\\DON DEV\\Script-Pay-Backend\\src\\modules\\api-keys\\api-keys.controller.ts","statementMap":{"0":{"start":{"line":1,"column":0},"end":{"line":1,"column":135}},"1":{"start":{"line":2,"column":0},"end":{"line":2,"column":62}},"2":{"start":{"line":3,"column":0},"end":{"line":3,"column":59}},"3":{"start":{"line":4,"column":0},"end":{"line":4,"column":61}},"4":{"start":{"line":5,"column":0},"end":{"line":5,"column":93}},"5":{"start":{"line":6,"column":0},"end":{"line":6,"column":64}},"6":{"start":{"line":7,"column":0},"end":{"line":7,"column":101}},"7":{"start":{"line":8,"column":0},"end":{"line":8,"column":75}},"8":{"start":{"line":9,"column":0},"end":{"line":9,"column":68}},"9":{"start":{"line":10,"column":0},"end":{"line":10,"column":73}},"10":{"start":{"line":11,"column":0},"end":{"line":11,"column":52}},"11":{"start":{"line":26,"column":7},"end":{"line":65,"column":null}},"12":{"start":{"line":27,"column":31},"end":{"line":27,"column":40}},"13":{"start":{"line":36,"column":4},"end":{"line":36,"column":105}},"14":{"start":{"line":41,"column":4},"end":{"line":41,"column":76}},"15":{"start":{"line":46,"column":4},"end":{"line":46,"column":82}},"16":{"start":{"line":58,"column":4},"end":{"line":61,"column":5}},"17":{"start":{"line":59,"column":6},"end":{"line":59,"column":95}},"18":{"start":{"line":59,"column":26},"end":{"line":59,"column":95}},"19":{"start":{"line":60,"column":6},"end":{"line":60,"column":27}},"20":{"start":{"line":62,"column":4},"end":{"line":62,"column":104}},"21":{"start":{"line":62,"column":24},"end":{"line":62,"column":104}},"22":{"start":{"line":63,"column":4},"end":{"line":63,"column":25}},"23":{"start":{"line":26,"column":13},"end":{"line":26,"column":30}},"24":{"start":{"line":31,"column":2},"end":{"line":37,"column":null}},"25":{"start":{"line":40,"column":2},"end":{"line":42,"column":null}},"26":{"start":{"line":45,"column":2},"end":{"line":47,"column":null}},"27":{"start":{"line":26,"column":13},"end":{"line":65,"column":null}}},"fnMap":{"0":{"name":"(anonymous_4)","decl":{"start":{"line":27,"column":2},"end":{"line":27,"column":31}},"loc":{"start":{"line":27,"column":54},"end":{"line":27,"column":58}}},"1":{"name":"(anonymous_5)","decl":{"start":{"line":31,"column":2},"end":{"line":31,"column":8}},"loc":{"start":{"line":34,"column":40},"end":{"line":37,"column":3}}},"2":{"name":"(anonymous_6)","decl":{"start":{"line":40,"column":2},"end":{"line":40,"column":6}},"loc":{"start":{"line":40,"column":83},"end":{"line":42,"column":3}}},"3":{"name":"(anonymous_7)","decl":{"start":{"line":45,"column":2},"end":{"line":45,"column":8}},"loc":{"start":{"line":45,"column":110},"end":{"line":47,"column":3}}},"4":{"name":"(anonymous_8)","decl":{"start":{"line":57,"column":10},"end":{"line":57,"column":25}},"loc":{"start":{"line":57,"column":73},"end":{"line":64,"column":3}}}},"branchMap":{"0":{"loc":{"start":{"line":58,"column":4},"end":{"line":61,"column":5}},"type":"if","locations":[{"start":{"line":58,"column":4},"end":{"line":61,"column":5}}]},"1":{"loc":{"start":{"line":59,"column":6},"end":{"line":59,"column":95}},"type":"if","locations":[{"start":{"line":59,"column":6},"end":{"line":59,"column":95}}]},"2":{"loc":{"start":{"line":62,"column":4},"end":{"line":62,"column":104}},"type":"if","locations":[{"start":{"line":62,"column":4},"end":{"line":62,"column":104}}]}},"s":{"0":1,"1":1,"2":1,"3":1,"4":1,"5":1,"6":1,"7":1,"8":1,"9":1,"10":1,"11":1,"12":8,"13":3,"14":3,"15":2,"16":8,"17":5,"18":3,"19":2,"20":3,"21":0,"22":3,"23":1,"24":1,"25":1,"26":1,"27":1},"f":{"0":8,"1":3,"2":3,"3":2,"4":8},"b":{"0":[5],"1":[3],"2":[0]}}
,"C:\\Users\\donda\\DON DEV\\Script-Pay-Backend\\src\\modules\\api-keys\\api-keys.service.ts": {"path":"C:\\Users\\donda\\DON DEV\\Script-Pay-Backend\\src\\modules\\api-keys\\api-keys.service.ts","statementMap":{"0":{"start":{"line":1,"column":0},"end":{"line":1,"column":52}},"1":{"start":{"line":2,"column":0},"end":{"line":2,"column":33}},"2":{"start":{"line":4,"column":0},"end":{"line":4,"column":57}},"3":{"start":{"line":5,"column":0},"end":{"line":5,"column":65}},"4":{"start":{"line":6,"column":0},"end":{"line":6,"column":53}},"5":{"start":{"line":8,"column":0},"end":{"line":8,"column":37}},"6":{"start":{"line":14,"column":15},"end":{"line":14,"column":52}},"7":{"start":{"line":17,"column":27},"end":{"line":199,"column":null}},"8":{"start":{"line":18,"column":28},"end":{"line":18,"column":59}},"9":{"start":{"line":21,"column":21},"end":{"line":21,"column":29}},"10":{"start":{"line":22,"column":21},"end":{"line":22,"column":31}},"11":{"start":{"line":23,"column":21},"end":{"line":23,"column":35}},"12":{"start":{"line":32,"column":43},"end":{"line":32,"column":71}},"13":{"start":{"line":34,"column":19},"end":{"line":37,"column":null}},"14":{"start":{"line":35,"column":6},"end":{"line":37,"column":8}},"15":{"start":{"line":40,"column":4},"end":{"line":48,"column":7}},"16":{"start":{"line":50,"column":4},"end":{"line":50,"column":84}},"17":{"start":{"line":52,"column":4},"end":{"line":52,"column":89}},"18":{"start":{"line":69,"column":4},"end":{"line":100,"column":5}},"19":{"start":{"line":76,"column":47},"end":{"line":84,"column":8}},"20":{"start":{"line":77,"column":47},"end":{"line":82,"column":10}},"21":{"start":{"line":83,"column":8},"end":{"line":83,"column":48}},"22":{"start":{"line":86,"column":6},"end":{"line":97,"column":9}},"23":{"start":{"line":87,"column":33},"end":{"line":87,"column":94}},"24":{"start":{"line":89,"column":10},"end":{"line":94,"column":null}},"25":{"start":{"line":99,"column":6},"end":{"line":99,"column":103}},"26":{"start":{"line":110,"column":43},"end":{"line":110,"column":71}},"27":{"start":{"line":112,"column":19},"end":{"line":115,"column":null}},"28":{"start":{"line":113,"column":6},"end":{"line":115,"column":8}},"29":{"start":{"line":118,"column":4},"end":{"line":125,"column":7}},"30":{"start":{"line":127,"column":4},"end":{"line":127,"column":89}},"31":{"start":{"line":142,"column":21},"end":{"line":143,"column":null}},"32":{"start":{"line":143,"column":6},"end":{"line":143,"column":67}},"33":{"start":{"line":145,"column":4},"end":{"line":145,"column":30}},"34":{"start":{"line":145,"column":18},"end":{"line":145,"column":30}},"35":{"start":{"line":147,"column":4},"end":{"line":147,"column":104}},"36":{"start":{"line":151,"column":19},"end":{"line":151,"column":58}},"37":{"start":{"line":152,"column":20},"end":{"line":152,"column":54}},"38":{"start":{"line":153,"column":4},"end":{"line":153,"column":62}},"39":{"start":{"line":158,"column":4},"end":{"line":172,"column":6}},"40":{"start":{"line":159,"column":6},"end":{"line":171,"column":8}},"41":{"start":{"line":179,"column":19},"end":{"line":183,"column":null}},"42":{"start":{"line":180,"column":6},"end":{"line":183,"column":8}},"43":{"start":{"line":186,"column":4},"end":{"line":195,"column":5}},"44":{"start":{"line":187,"column":6},"end":{"line":194,"column":9}},"45":{"start":{"line":197,"column":4},"end":{"line":197,"column":18}},"46":{"start":{"line":17,"column":13},"end":{"line":17,"column":27}},"47":{"start":{"line":17,"column":13},"end":{"line":199,"column":null}}},"fnMap":{"0":{"name":"(anonymous_11)","decl":{"start":{"line":20,"column":2},"end":{"line":20,"column":null}},"loc":{"start":{"line":23,"column":47},"end":{"line":24,"column":6}}},"1":{"name":"(anonymous_12)","decl":{"start":{"line":31,"column":2},"end":{"line":31,"column":7}},"loc":{"start":{"line":31,"column":89},"end":{"line":53,"column":3}}},"2":{"name":"(anonymous_13)","decl":{"start":{"line":34,"column":65},"end":{"line":34,"column":66}},"loc":{"start":{"line":35,"column":6},"end":{"line":37,"column":8}}},"3":{"name":"(anonymous_14)","decl":{"start":{"line":62,"column":10},"end":{"line":62,"column":15}},"loc":{"start":{"line":67,"column":25},"end":{"line":101,"column":3}}},"4":{"name":"(anonymous_15)","decl":{"start":{"line":76,"column":93},"end":{"line":76,"column":98}},"loc":{"start":{"line":76,"column":106},"end":{"line":84,"column":7}}},"5":{"name":"(anonymous_16)","decl":{"start":{"line":87,"column":22},"end":{"line":87,"column":23}},"loc":{"start":{"line":87,"column":33},"end":{"line":87,"column":94}}},"6":{"name":"(anonymous_17)","decl":{"start":{"line":88,"column":21},"end":{"line":88,"column":22}},"loc":{"start":{"line":89,"column":10},"end":{"line":94,"column":null}}},"7":{"name":"(anonymous_18)","decl":{"start":{"line":109,"column":10},"end":{"line":109,"column":15}},"loc":{"start":{"line":109,"column":74},"end":{"line":128,"column":3}}},"8":{"name":"(anonymous_19)","decl":{"start":{"line":112,"column":65},"end":{"line":112,"column":66}},"loc":{"start":{"line":113,"column":6},"end":{"line":115,"column":8}}},"9":{"name":"(anonymous_20)","decl":{"start":{"line":141,"column":2},"end":{"line":141,"column":7}},"loc":{"start":{"line":141,"column":52},"end":{"line":148,"column":3}}},"10":{"name":"(anonymous_21)","decl":{"start":{"line":142,"column":67},"end":{"line":142,"column":68}},"loc":{"start":{"line":143,"column":6},"end":{"line":143,"column":67}}},"11":{"name":"(anonymous_22)","decl":{"start":{"line":150,"column":10},"end":{"line":150,"column":15}},"loc":{"start":{"line":150,"column":31},"end":{"line":154,"column":3}}},"12":{"name":"(anonymous_23)","decl":{"start":{"line":156,"column":2},"end":{"line":156,"column":7}},"loc":{"start":{"line":156,"column":38},"end":{"line":173,"column":3}}},"13":{"name":"(anonymous_24)","decl":{"start":{"line":158,"column":51},"end":{"line":158,"column":52}},"loc":{"start":{"line":159,"column":6},"end":{"line":171,"column":8}}},"14":{"name":"(anonymous_25)","decl":{"start":{"line":175,"column":2},"end":{"line":175,"column":7}},"loc":{"start":{"line":175,"column":63},"end":{"line":198,"column":3}}},"15":{"name":"(anonymous_26)","decl":{"start":{"line":179,"column":65},"end":{"line":179,"column":66}},"loc":{"start":{"line":180,"column":6},"end":{"line":183,"column":8}}}},"branchMap":{"0":{"loc":{"start":{"line":14,"column":15},"end":{"line":14,"column":52}},"type":"binary-expr","locations":[{"start":{"line":14,"column":15},"end":{"line":14,"column":46}},{"start":{"line":14,"column":50},"end":{"line":14,"column":52}}]},"1":{"loc":{"start":{"line":91,"column":12},"end":{"line":91,"column":36}},"type":"binary-expr","locations":[{"start":{"line":91,"column":12},"end":{"line":91,"column":24}},{"start":{"line":91,"column":28},"end":{"line":91,"column":36}}]},"2":{"loc":{"start":{"line":94,"column":12},"end":{"line":94,"column":35}},"type":"binary-expr","locations":[{"start":{"line":94,"column":12},"end":{"line":94,"column":24}},{"start":{"line":94,"column":28},"end":{"line":94,"column":35}}]},"3":{"loc":{"start":{"line":145,"column":4},"end":{"line":145,"column":30}},"type":"if","locations":[{"start":{"line":145,"column":4},"end":{"line":145,"column":30}}]},"4":{"loc":{"start":{"line":186,"column":4},"end":{"line":195,"column":5}},"type":"if","locations":[{"start":{"line":186,"column":4},"end":{"line":195,"column":5}}]}},"s":{"0":12,"1":12,"2":12,"3":12,"4":12,"5":12,"6":12,"7":12,"8":10,"9":10,"10":10,"11":10,"12":6,"13":6,"14":6,"15":6,"16":6,"17":6,"18":6,"19":6,"20":6,"21":5,"22":5,"23":1,"24":1,"25":1,"26":1,"27":1,"28":1,"29":1,"30":1,"31":2,"32":2,"33":2,"34":1,"35":1,"36":7,"37":7,"38":7,"39":1,"40":1,"41":2,"42":2,"43":2,"44":1,"45":2,"46":12,"47":12},"f":{"0":10,"1":6,"2":6,"3":6,"4":6,"5":1,"6":1,"7":1,"8":1,"9":2,"10":2,"11":7,"12":1,"13":1,"14":2,"15":2},"b":{"0":[12,0],"1":[1,0],"2":[1,0],"3":[1],"4":[1]}}
,"C:\\Users\\donda\\DON DEV\\Script-Pay-Backend\\src\\modules\\audit-log\\audit-log.controller.ts": {"path":"C:\\Users\\donda\\DON DEV\\Script-Pay-Backend\\src\\modules\\audit-log\\audit-log.controller.ts","statementMap":{"0":{"start":{"line":1,"column":0},"end":{"line":1,"column":74}},"1":{"start":{"line":2,"column":0},"end":{"line":2,"column":62}},"2":{"start":{"line":3,"column":0},"end":{"line":3,"column":61}},"3":{"start":{"line":4,"column":0},"end":{"line":4,"column":93}},"4":{"start":{"line":5,"column":0},"end":{"line":5,"column":64}},"5":{"start":{"line":6,"column":0},"end":{"line":6,"column":101}},"6":{"start":{"line":7,"column":0},"end":{"line":7,"column":59}},"7":{"start":{"line":8,"column":0},"end":{"line":8,"column":54}},"8":{"start":{"line":23,"column":7},"end":{"line":39,"column":null}},"9":{"start":{"line":24,"column":31},"end":{"line":24,"column":41}},"10":{"start":{"line":32,"column":4},"end":{"line":32,"column":58}},"11":{"start":{"line":37,"column":4},"end":{"line":37,"column":43}},"12":{"start":{"line":23,"column":13},"end":{"line":23,"column":31}},"13":{"start":{"line":27,"column":2},"end":{"line":33,"column":null}},"14":{"start":{"line":36,"column":2},"end":{"line":38,"column":null}},"15":{"start":{"line":23,"column":13},"end":{"line":39,"column":null}}},"fnMap":{"0":{"name":"(anonymous_4)","decl":{"start":{"line":24,"column":2},"end":{"line":24,"column":31}},"loc":{"start":{"line":24,"column":56},"end":{"line":24,"column":60}}},"1":{"name":"(anonymous_5)","decl":{"start":{"line":27,"column":2},"end":{"line":27,"column":6}},"loc":{"start":{"line":30,"column":36},"end":{"line":33,"column":3}}},"2":{"name":"(anonymous_6)","decl":{"start":{"line":36,"column":2},"end":{"line":36,"column":9}},"loc":{"start":{"line":36,"column":73},"end":{"line":38,"column":3}}}},"branchMap":{},"s":{"0":1,"1":1,"2":1,"3":1,"4":1,"5":1,"6":1,"7":1,"8":1,"9":3,"10":2,"11":1,"12":1,"13":1,"14":1,"15":1},"f":{"0":3,"1":2,"2":1},"b":{}}
,"C:\\Users\\donda\\DON DEV\\Script-Pay-Backend\\src\\modules\\audit-log\\audit-log.service.ts": {"path":"C:\\Users\\donda\\DON DEV\\Script-Pay-Backend\\src\\modules\\audit-log\\audit-log.service.ts","statementMap":{"0":{"start":{"line":1,"column":0},"end":{"line":1,"column":91}},"1":{"start":{"line":2,"column":0},"end":{"line":2,"column":78}},"2":{"start":{"line":16,"column":28},"end":{"line":89,"column":null}},"3":{"start":{"line":17,"column":28},"end":{"line":17,"column":60}},"4":{"start":{"line":23,"column":31},"end":{"line":23,"column":39}},"5":{"start":{"line":32,"column":4},"end":{"line":44,"column":5}},"6":{"start":{"line":33,"column":6},"end":{"line":38,"column":9}},"7":{"start":{"line":40,"column":6},"end":{"line":43,"column":9}},"8":{"start":{"line":56,"column":4},"end":{"line":61,"column":5}},"9":{"start":{"line":57,"column":6},"end":{"line":59,"column":7}},"10":{"start":{"line":58,"column":8},"end":{"line":58,"column":79}},"11":{"start":{"line":60,"column":6},"end":{"line":60,"column":53}},"12":{"start":{"line":63,"column":4},"end":{"line":70,"column":7}},"13":{"start":{"line":80,"column":18},"end":{"line":80,"column":74}},"14":{"start":{"line":81,"column":4},"end":{"line":81,"column":73}},"15":{"start":{"line":81,"column":16},"end":{"line":81,"column":73}},"16":{"start":{"line":83,"column":4},"end":{"line":85,"column":5}},"17":{"start":{"line":84,"column":6},"end":{"line":84,"column":83}},"18":{"start":{"line":87,"column":4},"end":{"line":87,"column":17}},"19":{"start":{"line":16,"column":13},"end":{"line":16,"column":28}},"20":{"start":{"line":16,"column":13},"end":{"line":89,"column":null}}},"fnMap":{"0":{"name":"(anonymous_2)","decl":{"start":{"line":23,"column":2},"end":{"line":23,"column":31}},"loc":{"start":{"line":23,"column":62},"end":{"line":23,"column":66}}},"1":{"name":"(anonymous_3)","decl":{"start":{"line":31,"column":2},"end":{"line":31,"column":7}},"loc":{"start":{"line":31,"column":32},"end":{"line":45,"column":3}}},"2":{"name":"(anonymous_4)","decl":{"start":{"line":55,"column":2},"end":{"line":55,"column":7}},"loc":{"start":{"line":55,"column":101},"end":{"line":71,"column":3}}},"3":{"name":"(anonymous_5)","decl":{"start":{"line":79,"column":2},"end":{"line":79,"column":7}},"loc":{"start":{"line":79,"column":53},"end":{"line":88,"column":3}}}},"branchMap":{"0":{"loc":{"start":{"line":56,"column":4},"end":{"line":61,"column":5}},"type":"if","locations":[{"start":{"line":56,"column":4},"end":{"line":61,"column":5}}]},"1":{"loc":{"start":{"line":57,"column":6},"end":{"line":59,"column":7}},"type":"if","locations":[{"start":{"line":57,"column":6},"end":{"line":59,"column":7}}]},"2":{"loc":{"start":{"line":57,"column":10},"end":{"line":57,"column":64}},"type":"binary-expr","locations":[{"start":{"line":57,"column":10},"end":{"line":57,"column":25}},{"start":{"line":57,"column":29},"end":{"line":57,"column":64}}]},"3":{"loc":{"start":{"line":60,"column":24},"end":{"line":60,"column":52}},"type":"binary-expr","locations":[{"start":{"line":60,"column":24},"end":{"line":60,"column":39}},{"start":{"line":60,"column":43},"end":{"line":60,"column":52}}]},"4":{"loc":{"start":{"line":65,"column":12},"end":{"line":65,"column":64}},"type":"cond-expr","locations":[{"start":{"line":65,"column":30},"end":{"line":65,"column":59}},{"start":{"line":65,"column":62},"end":{"line":65,"column":64}}]},"5":{"loc":{"start":{"line":66,"column":12},"end":{"line":66,"column":58}},"type":"cond-expr","locations":[{"start":{"line":66,"column":28},"end":{"line":66,"column":53}},{"start":{"line":66,"column":56},"end":{"line":66,"column":58}}]},"6":{"loc":{"start":{"line":69,"column":12},"end":{"line":69,"column":30}},"type":"binary-expr","locations":[{"start":{"line":69,"column":12},"end":{"line":69,"column":23}},{"start":{"line":69,"column":27},"end":{"line":69,"column":30}}]},"7":{"loc":{"start":{"line":81,"column":4},"end":{"line":81,"column":73}},"type":"if","locations":[{"start":{"line":81,"column":4},"end":{"line":81,"column":73}}]},"8":{"loc":{"start":{"line":83,"column":4},"end":{"line":85,"column":5}},"type":"if","locations":[{"start":{"line":83,"column":4},"end":{"line":85,"column":5}}]},"9":{"loc":{"start":{"line":83,"column":8},"end":{"line":83,"column":75}},"type":"binary-expr","locations":[{"start":{"line":83,"column":8},"end":{"line":83,"column":37}},{"start":{"line":83,"column":41},"end":{"line":83,"column":75}}]}},"s":{"0":19,"1":19,"2":19,"3":10,"4":10,"5":2,"6":2,"7":1,"8":4,"9":2,"10":1,"11":1,"12":3,"13":4,"14":4,"15":1,"16":3,"17":1,"18":2,"19":19,"20":19},"f":{"0":10,"1":2,"2":4,"3":4},"b":{"0":[2],"1":[1],"2":[2,1],"3":[1,0],"4":[2,1],"5":[0,3],"6":[3,3],"7":[1],"8":[1],"9":[3,2]}}
[...]
t":{"line":1,"column":0},"end":{"line":1,"column":110}},"1":{"start":{"line":2,"column":0},"end":{"line":2,"column":40}},"2":{"start":{"line":3,"column":0},"end":{"line":3,"column":42}},"3":{"start":{"line":4,"column":0},"end":{"line":4,"column":57}},"4":{"start":{"line":5,"column":0},"end":{"line":5,"column":65}},"5":{"start":{"line":6,"column":0},"end":{"line":6,"column":62}},"6":{"start":{"line":7,"column":0},"end":{"line":7,"column":53}},"7":{"start":{"line":12,"column":0},"end":{"line":12,"column":80}},"8":{"start":{"line":13,"column":0},"end":{"line":13,"column":73}},"9":{"start":{"line":16,"column":27},"end":{"line":476,"column":null}},"10":{"start":{"line":17,"column":28},"end":{"line":17,"column":59}},"11":{"start":{"line":20,"column":21},"end":{"line":20,"column":29}},"12":{"start":{"line":21,"column":21},"end":{"line":21,"column":31}},"13":{"start":{"line":22,"column":21},"end":{"line":22,"column":33}},"14":{"start":{"line":23,"column":21},"end":{"line":23,"column":37}},"15":{"start":{"line":24,"column":21},"end":{"line":24,"column":35}},"16":{"start":{"line":25,"column":21},"end":{"line":25,"column":29}},"17":{"start":{"line":31,"column":19},"end":{"line":31,"column":103}},"18":{"start":{"line":32,"column":4},"end":{"line":32,"column":72}},"19":{"start":{"line":34,"column":4},"end":{"line":42,"column":7}},"20":{"start":{"line":44,"column":4},"end":{"line":44,"column":18}},"21":{"start":{"line":58,"column":4},"end":{"line":62,"column":6}},"22":{"start":{"line":59,"column":6},"end":{"line":61,"column":8}},"23":{"start":{"line":72,"column":4},"end":{"line":74,"column":5}},"24":{"start":{"line":73,"column":6},"end":{"line":73,"column":84}},"25":{"start":{"line":81,"column":4},"end":{"line":84,"column":7}},"26":{"start":{"line":86,"column":4},"end":{"line":93,"column":7}},"27":{"start":{"line":95,"column":4},"end":{"line":100,"column":7}},"28":{"start":{"line":102,"column":4},"end":{"line":102,"column":32}},"29":{"start":{"line":116,"column":26},"end":{"line":116,"column":68}},"30":{"start":{"line":118,"column":4},"end":{"line":125,"column":7}},"31":{"start":{"line":127,"column":4},"end":{"line":133,"column":7}},"32":{"start":{"line":135,"column":4},"end":{"line":135,"column":79}},"33":{"start":{"line":137,"column":4},"end":{"line":137,"column":41}},"34":{"start":{"line":148,"column":4},"end":{"line":180,"column":5}},"35":{"start":{"line":161,"column":40},"end":{"line":168,"column":8}},"36":{"start":{"line":162,"column":40},"end":{"line":166,"column":10}},"37":{"start":{"line":167,"column":8},"end":{"line":167,"column":41}},"38":{"start":{"line":170,"column":6},"end":{"line":177,"column":9}},"39":{"start":{"line":172,"column":10},"end":{"line":172,"column":97}},"40":{"start":{"line":175,"column":10},"end":{"line":175,"column":108}},"41":{"start":{"line":179,"column":6},"end":{"line":179,"column":106}},"42":{"start":{"line":193,"column":19},"end":{"line":193,"column":90}},"43":{"start":{"line":204,"column":4},"end":{"line":206,"column":5}},"44":{"start":{"line":205,"column":6},"end":{"line":205,"column":92}},"45":{"start":{"line":208,"column":4},"end":{"line":212,"column":5}},"46":{"start":{"line":209,"column":6},"end":{"line":211,"column":8}},"47":{"start":{"line":214,"column":22},"end":{"line":215,"column":null}},"48":{"start":{"line":215,"column":6},"end":{"line":215,"column":82}},"49":{"start":{"line":217,"column":4},"end":{"line":221,"column":5}},"50":{"start":{"line":218,"column":6},"end":{"line":220,"column":8}},"51":{"start":{"line":223,"column":4},"end":{"line":228,"column":6}},"52":{"start":{"line":238,"column":19},"end":{"line":238,"column":90}},"53":{"start":{"line":244,"column":4},"end":{"line":246,"column":5}},"54":{"start":{"line":245,"column":6},"end":{"line":245,"column":92}},"55":{"start":{"line":248,"column":4},"end":{"line":252,"column":5}},"56":{"start":{"line":249,"column":6},"end":{"line":251,"column":8}},"57":{"start":{"line":254,"column":22},"end":{"line":255,"column":null}},"58":{"start":{"line":255,"column":6},"end":{"line":255,"column":89}},"59":{"start":{"line":257,"column":4},"end":{"line":259,"column":5}},"60":{"start":{"line":258,"column":6},"end":{"line":258,"column":86}},"61":{"start":{"line":266,"column":4},"end":{"line":271,"column":5}},"62":{"start":{"line":267,"column":6},"end":{"line":270,"column":8}},"63":{"start":{"line":273,"column":4},"end":{"line":281,"column":6}},"64":{"start":{"line":291,"column":4},"end":{"line":293,"column":5}},"65":{"start":{"line":292,"column":6},"end":{"line":292,"column":74}},"66":{"start":{"line":295,"column":19},"end":{"line":295,"column":73}},"67":{"start":{"line":296,"column":4},"end":{"line":296,"column":65}},"68":{"start":{"line":296,"column":17},"end":{"line":296,"column":65}},"69":{"start":{"line":297,"column":4},"end":{"line":297,"column":18}},"70":{"start":{"line":301,"column":4},"end":{"line":301,"column":75}},"71":{"start":{"line":312,"column":4},"end":{"line":314,"column":5}},"72":{"start":{"line":313,"column":6},"end":{"line":313,"column":82}},"73":{"start":{"line":315,"column":4},"end":{"line":317,"column":5}},"74":{"start":{"line":316,"column":6},"end":{"line":316,"column":81}},"75":{"start":{"line":328,"column":19},"end":{"line":340,"column":6}},"76":{"start":{"line":329,"column":22},"end":{"line":329,"column":97}},"77":{"start":{"line":331,"column":21},"end":{"line":334,"column":8}},"78":{"start":{"line":335,"column":6},"end":{"line":337,"column":7}},"79":{"start":{"line":336,"column":8},"end":{"line":336,"column":83}},"80":{"start":{"line":339,"column":6},"end":{"line":339,"column":21}},"81":{"start":{"line":341,"column":4},"end":{"line":341,"column":72}},"82":{"start":{"line":343,"column":4},"end":{"line":351,"column":7}},"83":{"start":{"line":353,"column":4},"end":{"line":353,"column":18}},"84":{"start":{"line":368,"column":19},"end":{"line":368,"column":116}},"85":{"start":{"line":370,"column":4},"end":{"line":399,"column":5}},"86":{"start":{"line":371,"column":6},"end":{"line":373,"column":7}},"87":{"start":{"line":372,"column":8},"end":{"line":372,"column":78}},"88":{"start":{"line":385,"column":36},"end":{"line":385,"column":59}},"89":{"start":{"line":387,"column":6},"end":{"line":390,"column":7}},"90":{"start":{"line":389,"column":8},"end":{"line":389,"column":93}},"91":{"start":{"line":391,"column":6},"end":{"line":395,"column":7}},"92":{"start":{"line":392,"column":8},"end":{"line":394,"column":10}},"93":{"start":{"line":396,"column":6},"end":{"line":398,"column":7}},"94":{"start":{"line":397,"column":8},"end":{"line":397,"column":94}},"95":{"start":{"line":401,"column":19},"end":{"line":405,"column":null}},"96":{"start":{"line":408,"column":4},"end":{"line":416,"column":7}},"97":{"start":{"line":418,"column":4},"end":{"line":420,"column":5}},"98":{"start":{"line":419,"column":6},"end":{"line":419,"column":55}},"99":{"start":{"line":422,"column":4},"end":{"line":422,"column":18}},"100":{"start":{"line":435,"column":4},"end":{"line":454,"column":5}},"101":{"start":{"line":436,"column":26},"end":{"line":436,"column":89}},"102":{"start":{"line":437,"column":6},"end":{"line":437,"column":31}},"103":{"start":{"line":437,"column":24},"end":{"line":437,"column":31}},"104":{"start":{"line":442,"column":21},"end":{"line":446,"column":null}},"105":{"start":{"line":443,"column":8},"end":{"line":446,"column":10}},"106":{"start":{"line":449,"column":6},"end":{"line":451,"column":8}},"107":{"start":{"line":450,"column":30},"end":{"line":450,"column":107}},"108":{"start":{"line":453,"column":6},"end":{"line":453,"column":102}},"109":{"start":{"line":467,"column":4},"end":{"line":474,"column":5}},"110":{"start":{"line":468,"column":6},"end":{"line":468,"column":22}},"111":{"start":{"line":470,"column":6},"end":{"line":472,"column":7}},"112":{"start":{"line":471,"column":8},"end":{"line":471,"column":109}},"113":{"start":{"line":473,"column":6},"end":{"line":473,"column":18}},"114":{"start":{"line":16,"column":13},"end":{"line":16,"column":27}},"115":{"start":{"line":16,"column":13},"end":{"line":476,"column":null}}},"fnMap":{"0":{"name":"(anonymous_2)","decl":{"start":{"line":19,"column":2},"end":{"line":19,"column":null}},"loc":{"start":{"line":25,"column":41},"end":{"line":26,"column":6}}},"1":{"name":"(anonymous_3)","decl":{"start":{"line":30,"column":2},"end":{"line":30,"column":7}},"loc":{"start":{"line":30,"column":61},"end":{"line":45,"column":3}}},"2":{"name":"(anonymous_4)","decl":{"start":{"line":57,"column":10},"end":{"line":57,"column":15}},"loc":{"start":{"line":57,"column":74},"end":{"line":63,"column":3}}},"3":{"name":"(anonymous_5)","decl":{"start":{"line":58,"column":50},"end":{"line":58,"column":51}},"loc":{"start":{"line":59,"column":6},"end":{"line":61,"column":8}}},"4":{"name":"(anonymous_6)","decl":{"start":{"line":71,"column":2},"end":{"line":71,"column":7}},"loc":{"start":{"line":71,"column":95},"end":{"line":103,"column":3}}},"5":{"name":"(anonymous_7)","decl":{"start":{"line":115,"column":2},"end":{"line":115,"column":7}},"loc":{"start":{"line":115,"column":91},"end":{"line":138,"column":3}}},"6":{"name":"(anonymous_8)","decl":{"start":{"line":147,"column":10},"end":{"line":147,"column":15}},"loc":{"start":{"line":147,"column":102},"end":{"line":181,"column":3}}},"7":{"name":"(anonymous_9)","decl":{"start":{"line":161,"column":86},"end":{"line":161,"column":91}},"loc":{"start":{"line":161,"column":99},"end":{"line":168,"column":7}}},"8":{"name":"(anonymous_10)","decl":{"start":{"line":171,"column":22},"end":{"line":171,"column":23}},"loc":{"start":{"line":172,"column":10},"end":{"line":172,"column":97}}},"9":{"name":"(anonymous_11)","decl":{"start":{"line":174,"column":21},"end":{"line":174,"column":22}},"loc":{"start":{"line":175,"column":10},"end":{"line":175,"column":108}}},"10":{"name":"(anonymous_12)","decl":{"start":{"line":189,"column":2},"end":{"line":189,"column":7}},"loc":{"start":{"line":191,"column":40},"end":{"line":229,"column":3}}},"11":{"name":"(anonymous_13)","decl":{"start":{"line":214,"column":68},"end":{"line":214,"column":69}},"loc":{"start":{"line":215,"column":6},"end":{"line":215,"column":82}}},"12":{"name":"(anonymous_14)","decl":{"start":{"line":237,"column":2},"end":{"line":237,"column":7}},"loc":{"start":{"line":237,"column":74},"end":{"line":282,"column":3}}},"13":{"name":"(anonymous_15)","decl":{"start":{"line":254,"column":68},"end":{"line":254,"column":69}},"loc":{"start":{"line":255,"column":6},"end":{"line":255,"column":89}}},"14":{"name":"(anonymous_16)","decl":{"start":{"line":290,"column":2},"end":{"line":290,"column":7}},"loc":{"start":{"line":290,"column":53},"end":{"line":298,"column":3}}},"15":{"name":"(anonymous_17)","decl":{"start":{"line":300,"column":2},"end":{"line":300,"column":7}},"loc":{"start":{"line":300,"column":15},"end":{"line":302,"column":3}}},"16":{"name":"(anonymous_18)","decl":{"start":{"line":311,"column":2},"end":{"line":311,"column":7}},"loc":{"start":{"line":311,"column":66},"end":{"line":354,"column":3}}},"17":{"name":"(anonymous_19)","decl":{"start":{"line":328,"column":50},"end":{"line":328,"column":55}},"loc":{"start":{"line":328,"column":63},"end":{"line":340,"column":5}}},"18":{"name":"(anonymous_20)","decl":{"start":{"line":367,"column":2},"end":{"line":367,"column":7}},"loc":{"start":{"line":367,"column":91},"end":{"line":423,"column":3}}},"19":{"name":"(anonymous_21)","decl":{"start":{"line":434,"column":10},"end":{"line":434,"column":15}},"loc":{"start":{"line":434,"column":60},"end":{"line":455,"column":3}}},"20":{"name":"(anonymous_22)","decl":{"start":{"line":442,"column":67},"end":{"line":442,"column":68}},"loc":{"start":{"line":443,"column":8},"end":{"line":446,"column":10}}},"21":{"name":"(anonymous_23)","decl":{"start":{"line":450,"column":19},"end":{"line":450,"column":20}},"loc":{"start":{"line":450,"column":30},"end":{"line":450,"column":107}}},"22":{"name":"(anonymous_24)","decl":{"start":{"line":466,"column":10},"end":{"line":466,"column":15}},"loc":{"start":{"line":466,"column":60},"end":{"line":475,"column":3}}}},"branchMap":{"0":{"loc":{"start":{"line":72,"column":4},"end":{"line":74,"column":5}},"type":"if","locations":[{"start":{"line":72,"column":4},"end":{"line":74,"column":5}}]},"1":{"loc":{"start":{"line":72,"column":8},"end":{"line":72,"column":67}},"type":"binary-expr","locations":[{"start":{"line":72,"column":8},"end":{"line":72,"column":35}},{"start":{"line":72,"column":39},"end":{"line":72,"column":67}}]},"2":{"loc":{"start":{"line":175,"column":71},"end":{"line":175,"column":95}},"type":"binary-expr","locations":[{"start":{"line":175,"column":71},"end":{"line":175,"column":83}},{"start":{"line":175,"column":87},"end":{"line":175,"column":95}}]},"3":{"loc":{"start":{"line":191,"column":4},"end":{"line":191,"column":40}},"type":"default-arg","locations":[{"start":{"line":191,"column":31},"end":{"line":191,"column":40}}]},"4":{"loc":{"start":{"line":204,"column":4},"end":{"line":206,"column":5}},"type":"if","locations":[{"start":{"line":204,"column":4},"end":{"line":206,"column":5}}]},"5":{"loc":{"start":{"line":204,"column":8},"end":{"line":204,"column":68}},"type":"binary-expr","locations":[{"start":{"line":204,"column":8},"end":{"line":204,"column":37}},{"start":{"line":204,"column":41},"end":{"line":204,"column":68}}]},"6":{"loc":{"start":{"line":208,"column":4},"end":{"line":212,"column":5}},"type":"if","locations":[{"start":{"line":208,"column":4},"end":{"line":212,"column":5}}]},"7":{"loc":{"start":{"line":208,"column":8},"end":{"line":208,"column":72}},"type":"binary-expr","locations":[{"start":{"line":208,"column":8},"end":{"line":208,"column":32}},{"start":{"line":208,"column":36},"end":{"line":208,"column":72}}]},"8":{"loc":{"start":{"line":217,"column":4},"end":{"line":221,"column":5}},"type":"if","locations":[{"start":{"line":217,"column":4},"end":{"line":221,"column":5}}]},"9":{"loc":{"start":{"line":217,"column":8},"end":{"line":217,"column":54}},"type":"binary-expr","locations":[{"start":{"line":217,"column":8},"end":{"line":217,"column":18}},{"start":{"line":217,"column":22},"end":{"line":217,"column":54}}]},"10":{"loc":{"start":{"line":244,"column":4},"end":{"line":246,"column":5}},"type":"if","locations":[{"start":{"line":244,"column":4},"end":{"line":246,"column":5}}]},"11":{"loc":{"start":{"line":244,"column":8},"end":{"line":244,"column":68}},"type":"binary-expr","locations":[{"start":{"line":244,"column":8},"end":{"line":244,"column":37}},{"start":{"line":244,"column":41},"end":{"line":244,"column":68}}]},"12":{"loc":{"start":{"line":248,"column":4},"end":{"line":252,"column":5}},"type":"if","locations":[{"start":{"line":248,"column":4},"end":{"line":252,"column":5}}]},"13":{"loc":{"start":{"line":248,"column":8},"end":{"line":248,"column":72}},"type":"binary-expr","locations":[{"start":{"line":248,"column":8},"end":{"line":248,"column":32}},{"start":{"line":248,"column":36},"end":{"line":248,"column":72}}]},"14":{"loc":{"start":{"line":257,"column":4},"end":{"line":259,"column":5}},"type":"if","locations":[{"start":{"line":257,"column":4},"end":{"line":259,"column":5}}]},"15":{"loc":{"start":{"line":266,"column":4},"end":{"line":271,"column":5}},"type":"if","locations":[{"start":{"line":266,"column":4},"end":{"line":271,"column":5}}]},"16":{"loc":{"start":{"line":266,"column":8},"end":{"line":266,"column":84}},"type":"binary-expr","locations":[{"start":{"line":266,"column":8},"end":{"line":266,"column":37}},{"start":{"line":266,"column":41},"end":{"line":266,"column":84}}]},"17":{"loc":{"start":{"line":291,"column":4},"end":{"line":293,"column":5}},"type":"if","locations":[{"start":{"line":291,"column":4},"end":{"line":293,"column":5}}]},"18":{"loc":{"start":{"line":291,"column":8},"end":{"line":291,"column":63}},"type":"binary-expr","locations":[{"start":{"line":291,"column":8},"end":{"line":291,"column":37}},{"start":{"line":291,"column":41},"end":{"line":291,"column":63}}]},"19":{"loc":{"start":{"line":296,"column":4},"end":{"line":296,"column":65}},"type":"if","locations":[{"start":{"line":296,"column":4},"end":{"line":296,"column":65}}]},"20":{"loc":{"start":{"line":312,"column":4},"end":{"line":314,"column":5}},"type":"if","locations":[{"start":{"line":312,"column":4},"end":{"line":314,"column":5}}]},"21":{"loc":{"start":{"line":315,"column":4},"end":{"line":317,"column":5}},"type":"if","locations":[{"start":{"line":315,"column":4},"end":{"line":317,"column":5}}]},"22":{"loc":{"start":{"line":335,"column":6},"end":{"line":337,"column":7}},"type":"if","locations":[{"start":{"line":335,"column":6},"end":{"line":337,"column":7}}]},"23":{"loc":{"start":{"line":370,"column":4},"end":{"line":399,"column":5}},"type":"if","locations":[{"start":{"line":370,"column":4},"end":{"line":399,"column":5}}]},"24":{"loc":{"start":{"line":371,"column":6},"end":{"line":373,"column":7}},"type":"if","locations":[{"start":{"line":371,"column":6},"end":{"line":373,"column":7}}]},"25":{"loc":{"start":{"line":387,"column":6},"end":{"line":390,"column":7}},"type":"if","locations":[{"start":{"line":387,"column":6},"end":{"line":390,"column":7}}]},"26":{"loc":{"start":{"line":387,"column":10},"end":{"line":387,"column":65}},"type":"binary-expr","locations":[{"start":{"line":387,"column":10},"end":{"line":387,"column":37}},{"start":{"line":387,"column":41},"end":{"line":387,"column":65}}]},"27":{"loc":{"start":{"line":391,"column":6},"end":{"line":395,"column":7}},"type":"if","locations":[{"start":{"line":391,"column":6},"end":{"line":395,"column":7}}]},"28":{"loc":{"start":{"line":396,"column":6},"end":{"line":398,"column":7}},"type":"if","locations":[{"start":{"line":396,"column":6},"end":{"line":398,"column":7}}]},"29":{"loc":{"start":{"line":418,"column":4},"end":{"line":420,"column":5}},"type":"if","locations":[{"start":{"line":418,"column":4},"end":{"line":420,"column":5}}]},"30":{"loc":{"start":{"line":418,"column":8},"end":{"line":418,"column":61}},"type":"binary-expr","locations":[{"start":{"line":418,"column":8},"end":{"line":418,"column":34}},{"start":{"line":418,"column":38},"end":{"line":418,"column":61}}]},"31":{"loc":{"start":{"line":437,"column":6},"end":{"line":437,"column":31}},"type":"if","locations":[{"start":{"line":437,"column":6},"end":{"line":437,"column":31}}]},"32":{"loc":{"start":{"line":470,"column":6},"end":{"line":472,"column":7}},"type":"if","locations":[{"start":{"line":470,"column":6},"end":{"line":472,"column":7}}]},"33":{"loc":{"start":{"line":470,"column":10},"end":{"line":470,"column":89}},"type":"binary-expr","locations":[{"start":{"line":470,"column":10},"end":{"line":470,"column":63}},{"start":{"line":470,"column":67},"end":{"line":470,"column":89}}]}},"s":{"0":10,"1":10,"2":10,"3":10,"4":10,"5":10,"6":10,"7":10,"8":10,"9":10,"10":45,"11":45,"12":45,"13":45,"14":45,"15":45,"16":45,"17":1,"18":1,"19":1,"20":1,"21":2,"22":2,"23":4,"24":1,"25":3,"26":2,"27":2,"28":2,"29":4,"30":4,"31":4,"32":4,"33":4,"34":4,"35":4,"36":4,"37":3,"38":3,"39":1,"40":1,"41":1,"42":7,"43":7,"44":2,"45":5,"46":1,"47":4,"48":4,"49":4,"50":1,"51":3,"52":4,"53":4,"54":1,"55":3,"56":0,"57":3,"58":3,"59":3,"60":1,"61":2,"62":1,"63":1,"64":4,"65":1,"66":3,"67":3,"68":1,"69":2,"70":0,"71":4,"72":1,"73":3,"74":1,"75":2,"76":2,"77":2,"78":2,"79":1,"80":1,"81":1,"82":1,"83":1,"84":17,"85":17,"86":8,"87":1,"88":7,"89":7,"90":2,"91":5,"92":2,"93":3,"94":1,"95":11,"96":10,"97":10,"98":5,"99":10,"100":5,"101":5,"102":4,"103":3,"104":1,"105":1,"106":1,"107":2,"108":1,"109":11,"110":11,"111":1,"112":1,"113":0,"114":10,"115":10},"f":{"0":45,"1":1,"2":2,"3":2,"4":4,"5":4,"6":4,"7":4,"8":1,"9":1,"10":7,"11":4,"12":4,"13":3,"14":4,"15":0,"16":4,"17":2,"18":17,"19":5,"20":1,"21":2,"22":11},"b":{"0":[1],"1":[4,2],"2":[1,0],"3":[5],"4":[2],"5":[7,6],"6":[1],"7":[5,4],"8":[1],"9":[4,3],"10":[1],"11":[4,3],"12":[0],"13":[3,3],"14":[1],"15":[1],"16":[2,1],"17":[1],"18":[4,3],"19":[1],"20":[1],"21":[1],"22":[1],"23":[8],"24":[1],"25":[2],"26":[7,6],"27":[2],"28":[1],"29":[5],"30":[10,7],"31":[3],"32":[1],"33":[1,1]}}
}
