TN:
SF:src\main.ts
FN:11,bootstrap
FN:52,(anonymous_11)
FNF:2
FNH:0
FNDA:0,bootstrap
FNDA:0,(anonymous_11)
DA:1,0
DA:2,0
DA:3,0
DA:4,0
DA:5,0
DA:6,0
DA:7,0
DA:13,0
DA:15,0
DA:16,0
DA:29,0
DA:30,0
DA:43,0
DA:44,0
DA:49,0
DA:52,0
DA:56,0
DA:57,0
LF:18
LH:0
BRDA:15,0,0,0
BRDA:19,1,0,0
BRDA:19,1,1,0
BRF:3
BRH:0
end_of_record
TN:
SF:src\common\throttle-tiers.ts
FN:8,(anonymous_0)
FN:11,(anonymous_1)
FN:18,(anonymous_2)
FNF:3
FNH:3
FNDA:12,(anonymous_0)
FNDA:5,(anonymous_1)
FNDA:1,(anonymous_2)
DA:1,13
DA:8,13
DA:11,13
DA:18,13
LF:4
LH:4
BRF:0
BRH:0
end_of_record
TN:
SF:src\common\decorators\api-key-scopes.decorator.ts
FN:7,(anonymous_0)
FNF:1
FNH:1
FNDA:3,(anonymous_0)
DA:1,4
DA:4,4
DA:7,4
LF:3
LH:3
BRF:0
BRH:0
end_of_record
TN:
SF:src\common\decorators\current-user.decorator.ts
FN:18,(anonymous_0)
FNF:1
FNH:0
FNDA:0,(anonymous_0)
DA:1,8
DA:18,8
DA:19,0
DA:20,0
LF:4
LH:2
BRF:0
BRH:0
end_of_record
TN:
SF:src\common\decorators\roles.decorator.ts
FN:10,(anonymous_0)
FNF:1
FNH:1
FNDA:8,(anonymous_0)
DA:1,8
DA:4,8
DA:10,8
LF:3
LH:3
BRF:0
BRH:0
end_of_record
TN:
SF:src\common\decorators\skip-response-transform.decorator.ts
FN:10,(anonymous_0)
FNF:1
FNH:1
FNDA:1,(anonymous_0)
DA:1,2
DA:3,2
DA:10,2
LF:3
LH:3
BRF:0
BRH:0
end_of_record
TN:
SF:src\common\filters\http-exception.filter.ts
FN:17,(anonymous_10)
FNF:1
FNH:1
FNDA:7,(anonymous_10)
DA:1,1
DA:2,1
DA:14,1
DA:15,7
DA:18,7
DA:19,7
DA:21,7
DA:22,5
DA:23,5
DA:24,5
DA:28,5
DA:29,1
DA:32,5
DA:38,5
DA:41,2
DA:42,2
DA:43,2
LF:17
LH:17
BRDA:21,0,0,5
BRDA:24,1,0,0
BRDA:24,1,1,5
BRDA:24,2,0,5
BRDA:24,2,1,0
BRDA:28,3,0,1
BRDA:34,4,0,1
BRDA:34,4,1,4
BRDA:36,5,0,1
BRDA:36,5,1,4
BRDA:36,6,0,5
BRDA:36,6,1,5
BRF:12
BRH:10
end_of_record
TN:
SF:src\common\guards\api-key.guard.ts
FN:18,(anonymous_11)
FN:26,(anonymous_12)
FN:66,(anonymous_13)
FN:83,(anonymous_14)
FNF:4
FNH:4
FNDA:8,(anonymous_11)
FNDA:8,(anonymous_12)
FNDA:3,(anonymous_13)
FNDA:1,(anonymous_14)
DA:1,4
DA:2,4
DA:3,4
DA:4,4
DA:5,4
DA:15,4
DA:16,8
DA:22,8
DA:23,8
DA:27,8
DA:28,8
DA:30,8
DA:31,1
DA:34,7
DA:38,7
DA:42,7
DA:44,7
DA:45,7
DA:46,5
DA:47,4
DA:48,4
DA:52,7
DA:53,3
DA:56,4
DA:57,1
DA:60,3
DA:65,3
DA:66,3
DA:67,3
DA:68,1
DA:78,2
DA:84,1
DA:87,2
DA:88,2
DA:89,2
DA:91,2
LF:36
LH:36
BRDA:30,0,0,1
BRDA:42,1,0,7
BRDA:42,1,1,0
BRDA:46,2,0,4
BRDA:52,3,0,3
BRDA:56,4,0,1
BRDA:56,5,0,4
BRDA:56,5,1,1
BRDA:65,6,0,3
BRDA:67,7,0,1
BRF:10
BRH:9
end_of_record
TN:
SF:src\common\guards\csrf.guard.ts
FN:20,(anonymous_1)
FN:65,generateCsrfToken
FNF:2
FNH:2
FNDA:14,(anonymous_1)
FNDA:8,generateCsrfToken
DA:1,8
DA:3,8
DA:17,8
DA:18,15
DA:21,14
DA:22,14
DA:25,14
DA:26,3
DA:30,11
DA:31,1
DA:35,10
DA:38,10
DA:41,10
DA:42,6
DA:45,6
DA:49,4
DA:50,2
DA:51,2
DA:55,2
DA:65,8
DA:66,8
DA:67,8
LF:22
LH:22
BRDA:25,0,0,3
BRDA:30,1,0,1
BRDA:41,2,0,6
BRDA:41,3,0,10
BRDA:41,3,1,5
BRDA:49,4,0,2
BRF:6
BRH:6
end_of_record
TN:
SF:src\common\guards\daraja-webhook-secret.guard.ts
FN:20,(anonymous_1)
FNF:1
FNH:0
FNDA:0,(anonymous_1)
DA:1,1
DA:3,1
DA:17,1
DA:18,0
DA:21,0
DA:22,0
DA:23,0
DA:25,0
DA:26,0
DA:32,0
DA:34,0
DA:35,0
DA:36,0
DA:39,0
LF:14
LH:3
BRDA:22,0,0,0
BRDA:22,0,1,0
BRDA:23,1,0,0
BRDA:23,1,1,0
BRDA:32,2,0,0
BRDA:32,2,1,0
BRDA:32,2,2,0
BRDA:34,3,0,0
BRF:8
BRH:0
end_of_record
TN:
SF:src\common\guards\internal-jobs-secret.guard.ts
FN:28,(anonymous_1)
FNF:1
FNH:1
FNDA:7,(anonymous_1)
DA:1,1
DA:3,1
DA:25,1
DA:26,6
DA:29,7
DA:30,7
DA:31,7
DA:32,7
DA:34,7
DA:35,7
DA:41,7
DA:43,7
DA:44,6
DA:48,6
DA:51,1
LF:15
LH:15
BRDA:30,0,0,7
BRDA:30,0,1,2
BRDA:32,1,0,4
BRDA:32,1,1,3
BRDA:41,2,0,7
BRDA:41,2,1,5
BRDA:41,2,2,2
BRDA:43,3,0,6
BRDA:46,4,0,2
BRDA:46,4,1,4
BRF:10
BRH:10
end_of_record
TN:
SF:src\common\guards\roles.guard.ts
FN:13,(anonymous_2)
FN:15,(anonymous_3)
FNF:2
FNH:2
FNDA:5,(anonymous_2)
FNDA:5,(anonymous_3)
DA:1,8
DA:2,8
DA:4,8
DA:12,8
DA:13,5
DA:16,5
DA:21,5
DA:22,2
DA:25,3
DA:26,3
DA:28,3
DA:29,2
DA:32,1
LF:13
LH:13
BRDA:21,0,0,2
BRDA:21,1,0,5
BRDA:21,1,1,4
BRDA:28,2,0,2
BRDA:28,3,0,3
BRDA:28,3,1,2
BRF:6
BRH:6
end_of_record
TN:
SF:src\common\guards\tenant-aware-throttler.guard.ts
FN:14,(anonymous_1)
FNF:1
FNH:1
FNDA:7,(anonymous_1)
DA:1,12
DA:2,12
DA:13,12
DA:15,7
DA:16,7
DA:17,2
LF:6
LH:6
BRDA:15,0,0,7
BRDA:15,0,1,3
BRDA:16,1,0,5
BRDA:17,2,0,1
BRDA:17,2,1,1
BRF:5
BRH:5
end_of_record
TN:
SF:src\common\interceptors\logging.interceptor.ts
FN:16,(anonymous_1)
FN:25,(anonymous_2)
FN:37,(anonymous_3)
FNF:3
FNH:0
FNDA:0,(anonymous_1)
FNDA:0,(anonymous_2)
FNDA:0,(anonymous_3)
DA:1,0
DA:3,0
DA:4,0
DA:13,0
DA:14,0
DA:17,0
DA:18,0
DA:19,0
DA:21,0
DA:23,0
DA:26,0
DA:38,0
LF:12
LH:0
BRDA:18,0,0,0
BRDA:18,0,1,0
BRDA:31,1,0,0
BRDA:31,1,1,0
BRDA:31,1,2,0
BRDA:43,2,0,0
BRDA:43,2,1,0
BRDA:43,2,2,0
BRF:8
BRH:0
end_of_record
TN:
SF:src\common\interceptors\response-transform.interceptor.ts
FN:26,(anonymous_2)
FN:28,(anonymous_3)
FN:37,(anonymous_4)
FNF:3
FNH:3
FNDA:3,(anonymous_2)
FNDA:3,(anonymous_3)
FNDA:2,(anonymous_4)
DA:1,1
DA:2,1
DA:4,1
DA:5,1
DA:25,1
DA:26,3
DA:29,3
DA:33,3
DA:35,2
DA:36,2
DA:37,2
LF:11
LH:11
BRDA:33,0,0,1
BRF:1
BRH:1
end_of_record
TN:
SF:src\common\pipes\zod-validation.pipe.ts
FN:10,(anonymous_0)
FN:12,(anonymous_1)
FN:17,(anonymous_2)
FNF:3
FNH:3
FNDA:21,(anonymous_0)
FNDA:5,(anonymous_1)
FNDA:5,(anonymous_2)
DA:1,9
DA:9,9
DA:10,21
DA:13,5
DA:14,5
DA:15,3
DA:17,5
DA:20,2
LF:8
LH:8
BRDA:14,0,0,3
BRF:1
BRH:1
end_of_record
TN:
SF:src\common\utils\mask-msisdn.ts
FN:1,maskMsisdn
FNF:1
FNH:1
FNDA:10,maskMsisdn
DA:1,7
DA:4,10
LF:2
LH:2
BRDA:4,0,0,9
BRDA:4,0,1,1
BRF:2
BRH:2
end_of_record
TN:
SF:src\config\env.schema.ts
FN:9,(anonymous_0)
FN:9,(anonymous_1)
FN:10,(anonymous_2)
FN:10,(anonymous_3)
FN:11,(anonymous_4)
FN:11,(anonymous_5)
FN:24,(anonymous_6)
FN:28,(anonymous_7)
FN:31,(anonymous_8)
FN:34,(anonymous_9)
FN:34,(anonymous_10)
FN:45,(anonymous_11)
FN:47,(anonymous_12)
FN:198,validateEnv
FN:202,(anonymous_14)
FNF:15
FNH:0
FNDA:0,(anonymous_0)
FNDA:0,(anonymous_1)
FNDA:0,(anonymous_2)
FNDA:0,(anonymous_3)
FNDA:0,(anonymous_4)
FNDA:0,(anonymous_5)
FNDA:0,(anonymous_6)
FNDA:0,(anonymous_7)
FNDA:0,(anonymous_8)
FNDA:0,(anonymous_9)
FNDA:0,(anonymous_10)
FNDA:0,(anonymous_11)
FNDA:0,(anonymous_12)
FNDA:0,validateEnv
FNDA:0,(anonymous_14)
DA:1,0
DA:9,0
DA:10,0
DA:11,0
DA:24,0
DA:25,0
DA:29,0
DA:31,0
DA:34,0
DA:45,0
DA:46,0
DA:48,0
DA:49,0
DA:51,0
DA:62,0
DA:73,0
DA:198,0
DA:199,0
DA:200,0
DA:202,0
DA:203,0
DA:205,0
LF:22
LH:0
BRDA:9,0,0,0
BRDA:9,0,1,0
BRDA:10,1,0,0
BRDA:10,2,0,0
BRDA:10,2,1,0
BRDA:11,3,0,0
BRDA:11,3,1,0
BRDA:34,4,0,0
BRDA:34,4,1,0
BRDA:200,5,0,0
BRF:10
BRH:0
end_of_record
TN:
SF:src\infrastructure\daraja\daraja.client.ts
FN:115,(anonymous_1)
FN:130,(anonymous_2)
FN:142,(anonymous_3)
FN:183,(anonymous_4)
FN:203,(anonymous_5)
FN:213,(anonymous_6)
FN:222,(anonymous_7)
FN:277,(anonymous_8)
FN:330,(anonymous_9)
FN:347,(anonymous_10)
FN:376,(anonymous_11)
FNF:11
FNH:9
FNDA:38,(anonymous_1)
FNDA:36,(anonymous_2)
FNDA:21,(anonymous_3)
FNDA:23,(anonymous_4)
FNDA:15,(anonymous_5)
FNDA:11,(anonymous_6)
FNDA:8,(anonymous_7)
FNDA:9,(anonymous_8)
FNDA:0,(anonymous_9)
FNDA:0,(anonymous_10)
FNDA:4,(anonymous_11)
DA:1,12
DA:109,12
DA:110,19
DA:113,19
DA:116,38
DA:131,36
DA:132,36
DA:133,36
DA:135,0
DA:136,0
DA:143,21
DA:144,21
DA:145,21
DA:147,19
DA:150,19
DA:155,19
DA:156,2
DA:157,2
DA:166,2
DA:171,17
DA:172,17
DA:173,17
DA:174,17
DA:184,23
DA:185,23
DA:186,23
DA:204,15
DA:205,0
DA:210,15
DA:214,11
DA:218,11
DA:219,11
DA:223,8
DA:224,7
DA:226,7
DA:244,7
DA:245,7
DA:246,1
DA:251,1
DA:256,6
DA:278,9
DA:280,8
DA:301,8
DA:302,8
DA:303,1
DA:308,1
DA:313,7
DA:331,0
DA:348,0
DA:349,0
DA:351,0
DA:362,0
DA:363,0
DA:364,0
DA:365,0
DA:380,4
DA:381,4
DA:383,4
DA:394,4
DA:399,4
DA:400,4
DA:404,4
DA:405,2
DA:409,2
DA:416,2
LF:65
LH:54
BRDA:116,0,0,4
BRDA:116,0,1,34
BRDA:145,1,0,2
BRDA:145,2,0,21
BRDA:145,2,1,2
BRDA:155,3,0,2
BRDA:185,4,0,23
BRDA:185,4,1,0
BRDA:204,5,0,0
BRDA:245,6,0,1
BRDA:245,7,0,7
BRDA:245,7,1,7
BRDA:252,8,0,1
BRDA:252,8,1,0
BRDA:252,8,2,0
BRDA:297,9,0,8
BRDA:297,9,1,8
BRDA:302,10,0,1
BRDA:302,11,0,8
BRDA:302,11,1,8
BRDA:309,12,0,1
BRDA:309,12,1,0
BRDA:309,12,2,0
BRDA:363,13,0,0
BRDA:363,14,0,0
BRDA:363,14,1,0
BRDA:366,15,0,0
BRDA:366,15,1,0
BRDA:366,15,2,0
BRDA:400,16,0,2
BRDA:400,16,1,2
BRDA:400,17,0,4
BRDA:400,17,1,2
BRDA:400,17,2,2
BRDA:404,18,0,2
BRDA:407,19,0,2
BRDA:407,19,1,1
BRDA:407,20,0,2
BRDA:407,20,1,1
BRDA:407,20,2,0
BRDA:411,21,0,2
BRDA:411,21,1,1
BRF:42
BRH:29
end_of_record
TN:
SF:src\modules\alerts\alerts.service.ts
FN:27,(anonymous_2)
FN:33,(anonymous_3)
FN:47,(anonymous_4)
FN:74,(anonymous_5)
FN:88,(anonymous_6)
FNF:5
FNH:4
FNDA:9,(anonymous_2)
FNDA:6,(anonymous_3)
FNDA:6,(anonymous_4)
FNDA:4,(anonymous_5)
FNDA:0,(anonymous_6)
DA:1,11
DA:2,11
DA:19,11
DA:20,9
DA:21,9
DA:22,9
DA:23,9
DA:24,9
DA:28,9
DA:29,5
DA:34,6
DA:36,6
DA:37,1
DA:48,6
DA:49,4
DA:50,4
DA:53,2
DA:54,2
DA:64,1
DA:65,0
DA:70,1
DA:75,4
DA:76,1
DA:77,1
DA:80,3
DA:81,3
DA:84,1
DA:89,0
LF:28
LH:26
BRDA:24,0,0,9
BRDA:24,0,1,9
BRDA:28,1,0,5
BRDA:36,2,0,1
BRDA:36,3,0,6
BRDA:36,3,1,2
BRDA:41,4,0,0
BRDA:41,4,1,1
BRDA:48,5,0,4
BRDA:58,6,0,0
BRDA:58,6,1,2
BRDA:59,7,0,0
BRDA:59,7,1,2
BRDA:64,8,0,0
BRDA:75,9,0,1
BRDA:75,10,0,4
BRDA:75,10,1,3
BRF:17
BRH:13
end_of_record
TN:
SF:src\modules\api-keys\api-key.dto.ts
FNF:0
FNH:0
DA:1,1
DA:3,1
LF:2
LH:2
BRF:0
BRH:0
end_of_record
TN:
SF:src\modules\api-keys\api-keys.controller.ts
FN:27,(anonymous_4)
FN:31,(anonymous_5)
FN:40,(anonymous_6)
FN:45,(anonymous_7)
FN:57,(anonymous_8)
FNF:5
FNH:5
FNDA:8,(anonymous_4)
FNDA:3,(anonymous_5)
FNDA:3,(anonymous_6)
FNDA:2,(anonymous_7)
FNDA:8,(anonymous_8)
DA:1,1
DA:2,1
DA:3,1
DA:4,1
DA:5,1
DA:6,1
DA:7,1
DA:8,1
DA:9,1
DA:10,1
DA:11,1
DA:26,1
DA:27,8
DA:31,1
DA:36,3
DA:40,1
DA:41,3
DA:45,1
DA:46,2
DA:58,8
DA:59,5
DA:60,2
DA:62,3
DA:63,3
LF:24
LH:24
BRDA:58,0,0,5
BRDA:59,1,0,3
BRDA:62,2,0,0
BRF:3
BRH:2
end_of_record
TN:
SF:src\modules\api-keys\api-keys.service.ts
FN:20,(anonymous_11)
FN:31,(anonymous_12)
FN:34,(anonymous_13)
FN:62,(anonymous_14)
FN:76,(anonymous_15)
FN:87,(anonymous_16)
FN:88,(anonymous_17)
FN:109,(anonymous_18)
FN:112,(anonymous_19)
FN:141,(anonymous_20)
FN:142,(anonymous_21)
FN:150,(anonymous_22)
FN:156,(anonymous_23)
FN:158,(anonymous_24)
FN:175,(anonymous_25)
FN:179,(anonymous_26)
FNF:16
FNH:16
FNDA:10,(anonymous_11)
FNDA:6,(anonymous_12)
FNDA:6,(anonymous_13)
FNDA:6,(anonymous_14)
FNDA:6,(anonymous_15)
FNDA:1,(anonymous_16)
FNDA:1,(anonymous_17)
FNDA:1,(anonymous_18)
FNDA:1,(anonymous_19)
FNDA:2,(anonymous_20)
FNDA:2,(anonymous_21)
FNDA:7,(anonymous_22)
FNDA:1,(anonymous_23)
FNDA:1,(anonymous_24)
FNDA:2,(anonymous_25)
FNDA:2,(anonymous_26)
DA:1,12
DA:2,12
DA:4,12
DA:5,12
DA:6,12
DA:8,12
DA:14,12
DA:17,12
DA:18,10
DA:21,10
DA:22,10
DA:23,10
DA:32,6
DA:34,6
DA:35,6
DA:40,6
DA:50,6
DA:52,6
DA:69,6
DA:76,6
DA:77,6
DA:83,5
DA:86,5
DA:87,1
DA:89,1
DA:99,1
DA:110,1
DA:112,1
DA:113,1
DA:118,1
DA:127,1
DA:142,2
DA:143,2
DA:145,2
DA:147,1
DA:151,7
DA:152,7
DA:153,7
DA:158,1
DA:159,1
DA:179,2
DA:180,2
DA:186,2
DA:187,1
DA:197,2
LF:45
LH:45
BRDA:14,0,0,12
BRDA:14,0,1,0
BRDA:91,1,0,1
BRDA:91,1,1,0
BRDA:94,2,0,1
BRDA:94,2,1,0
BRDA:145,3,0,1
BRDA:186,4,0,1
BRF:8
BRH:5
end_of_record
TN:
SF:src\modules\audit-log\audit-log.controller.ts
FN:24,(anonymous_4)
FN:27,(anonymous_5)
FN:36,(anonymous_6)
FNF:3
FNH:3
FNDA:3,(anonymous_4)
FNDA:2,(anonymous_5)
FNDA:1,(anonymous_6)
DA:1,1
DA:2,1
DA:3,1
DA:4,1
DA:5,1
DA:6,1
DA:7,1
DA:8,1
DA:23,1
DA:24,3
DA:27,1
DA:32,2
DA:36,1
DA:37,1
LF:14
LH:14
BRF:0
BRH:0
end_of_record
TN:
SF:src\modules\audit-log\audit-log.service.ts
FN:23,(anonymous_2)
FN:31,(anonymous_3)
FN:55,(anonymous_4)
FN:79,(anonymous_5)
FNF:4
FNH:4
FNDA:10,(anonymous_2)
FNDA:2,(anonymous_3)
FNDA:4,(anonymous_4)
FNDA:4,(anonymous_5)
DA:1,19
DA:2,19
DA:16,19
DA:17,10
DA:23,10
DA:32,2
DA:33,2
DA:40,1
DA:56,4
DA:57,2
DA:58,1
DA:60,1
DA:63,3
DA:80,4
DA:81,4
DA:83,3
DA:84,1
DA:87,2
LF:18
LH:18
BRDA:56,0,0,2
BRDA:57,1,0,1
BRDA:57,2,0,2
BRDA:57,2,1,1
BRDA:60,3,0,1
BRDA:60,3,1,0
BRDA:65,4,0,2
BRDA:65,4,1,1
BRDA:66,5,0,0
BRDA:66,5,1,3
BRDA:69,6,0,3
BRDA:69,6,1,3
BRDA:81,7,0,1
BRDA:83,8,0,1
BRDA:83,9,0,3
BRDA:83,9,1,2
BRF:16
BRH:14
end_of_record
TN:
SF:src\modules\auth\access-token.guard.ts
FN:18,(anonymous_2)
FN:20,(anonymous_3)
FNF:2
FNH:2
FNDA:4,(anonymous_2)
FNDA:4,(anonymous_3)
DA:1,9
DA:2,9
DA:17,9
DA:18,4
DA:21,4
DA:22,4
DA:24,4
DA:25,2
DA:28,2
DA:30,2
DA:31,2
DA:32,1
DA:38,1
DA:40,1
LF:14
LH:14
BRDA:24,0,0,2
BRF:1
BRH:1
end_of_record
TN:
SF:src\modules\auth\auth.controller.ts
FN:47,(anonymous_4)
FN:54,(anonymous_5)
FN:64,(anonymous_6)
FN:88,(anonymous_7)
FN:109,(anonymous_8)
FN:117,(anonymous_9)
FN:124,(anonymous_10)
FN:132,(anonymous_11)
FN:137,(anonymous_12)
FN:147,(anonymous_13)
FN:157,(anonymous_14)
FNF:11
FNH:8
FNDA:8,(anonymous_4)
FNDA:1,(anonymous_5)
FNDA:2,(anonymous_6)
FNDA:3,(anonymous_7)
FNDA:1,(anonymous_8)
FNDA:0,(anonymous_9)
FNDA:0,(anonymous_10)
FNDA:0,(anonymous_11)
FNDA:5,(anonymous_12)
FNDA:5,(anonymous_13)
FNDA:5,(anonymous_14)
DA:1,1
DA:3,1
DA:4,1
DA:5,1
DA:6,1
DA:7,1
DA:8,1
DA:9,1
DA:23,1
DA:25,1
DA:36,1
DA:46,1
DA:48,8
DA:49,8
DA:54,1
DA:55,1
DA:56,1
DA:57,1
DA:58,1
DA:59,1
DA:64,1
DA:65,2
DA:66,2
DA:67,2
DA:68,2
DA:69,2
DA:88,1
DA:89,3
DA:90,3
DA:91,1
DA:94,2
DA:95,2
DA:96,2
DA:102,2
DA:103,2
DA:109,1
DA:110,1
DA:111,1
DA:117,1
DA:118,0
DA:119,0
DA:124,1
DA:125,0
DA:126,0
DA:132,1
DA:133,0
DA:134,0
DA:138,5
DA:148,5
DA:158,5
DA:159,5
LF:51
LH:45
BRDA:90,0,0,1
BRF:1
BRH:1
end_of_record
TN:
SF:src\modules\auth\auth.schema.ts
FN:13,(anonymous_0)
FN:43,(anonymous_1)
FNF:2
FNH:0
FNDA:0,(anonymous_0)
FNDA:0,(anonymous_1)
DA:1,1
DA:5,1
DA:13,0
DA:21,1
DA:29,1
DA:36,1
DA:43,0
DA:49,1
DA:56,1
LF:9
LH:7
BRF:0
BRH:0
end_of_record
TN:
SF:src\modules\auth\auth.service.ts
FN:34,(anonymous_11)
FN:53,(anonymous_12)
FN:95,(anonymous_13)
FN:109,(anonymous_14)
FN:121,(anonymous_15)
FN:133,(anonymous_16)
FN:141,(anonymous_17)
FN:166,(anonymous_18)
FN:177,(anonymous_19)
FN:185,(anonymous_20)
FNF:10
FNH:4
FNDA:4,(anonymous_11)
FNDA:2,(anonymous_12)
FNDA:3,(anonymous_13)
FNDA:0,(anonymous_14)
FNDA:0,(anonymous_15)
FNDA:0,(anonymous_16)
FNDA:0,(anonymous_17)
FNDA:0,(anonymous_18)
FNDA:0,(anonymous_19)
FNDA:3,(anonymous_20)
DA:1,2
DA:2,2
DA:4,2
DA:5,2
DA:6,2
DA:7,2
DA:8,2
DA:9,2
DA:33,2
DA:38,4
DA:39,4
DA:40,4
DA:41,4
DA:42,4
DA:43,4
DA:54,2
DA:55,2
DA:56,0
DA:59,2
DA:64,2
DA:75,2
DA:76,2
DA:78,2
DA:86,2
DA:96,3
DA:97,3
DA:98,2
DA:101,1
DA:102,1
DA:103,0
DA:106,1
DA:110,0
DA:111,0
DA:112,0
DA:118,0
DA:122,0
DA:123,0
DA:134,0
DA:135,0
DA:136,0
DA:137,0
DA:143,0
DA:144,0
DA:146,0
DA:149,0
DA:150,0
DA:155,0
DA:157,0
DA:168,0
DA:169,0
DA:171,0
DA:173,0
DA:178,0
DA:179,0
DA:180,0
DA:181,0
DA:193,3
DA:194,3
DA:195,3
LF:59
LH:32
BRDA:55,0,0,0
BRDA:97,1,0,2
BRDA:102,2,0,0
BRDA:122,3,0,0
BRDA:135,4,0,0
BRDA:179,5,0,0
BRDA:179,6,0,0
BRDA:179,6,1,0
BRF:8
BRH:1
end_of_record
TN:
SF:src\modules\auth\email.service.ts
FN:16,(anonymous_2)
FN:24,(anonymous_3)
FN:45,(anonymous_4)
FN:71,(anonymous_5)
FN:98,(anonymous_6)
FN:124,(anonymous_7)
FN:153,(anonymous_8)
FN:175,(anonymous_9)
FNF:8
FNH:6
FNDA:8,(anonymous_2)
FNDA:0,(anonymous_3)
FNDA:0,(anonymous_4)
FNDA:3,(anonymous_5)
FNDA:1,(anonymous_6)
FNDA:1,(anonymous_7)
FNDA:2,(anonymous_8)
FNDA:1,(anonymous_9)
DA:1,15
DA:2,15
DA:5,15
DA:6,8
DA:9,8
DA:13,8
DA:14,8
DA:17,8
DA:18,6
DA:20,2
DA:25,0
DA:26,0
DA:27,0
DA:30,0
DA:32,0
DA:33,0
DA:41,0
DA:46,0
DA:47,0
DA:48,0
DA:51,0
DA:53,0
DA:54,0
DA:61,0
DA:72,3
DA:73,1
DA:74,1
DA:77,2
DA:78,2
DA:87,1
DA:99,1
DA:100,0
DA:101,0
DA:104,1
DA:105,1
DA:115,0
DA:131,1
DA:133,1
DA:134,1
DA:143,0
DA:154,2
DA:155,1
DA:156,1
DA:159,1
DA:160,1
DA:170,0
DA:176,1
DA:178,1
DA:179,1
DA:188,0
LF:50
LH:30
BRDA:14,0,0,8
BRDA:14,0,1,8
BRDA:17,1,0,6
BRDA:17,1,1,2
BRDA:25,2,0,0
BRDA:25,3,0,0
BRDA:25,3,1,0
BRDA:25,3,2,0
BRDA:46,4,0,0
BRDA:46,5,0,0
BRDA:46,5,1,0
BRDA:46,5,2,0
BRDA:72,6,0,1
BRDA:72,7,0,3
BRDA:72,7,1,2
BRDA:99,8,0,0
BRDA:99,9,0,1
BRDA:99,9,1,1
BRDA:131,10,0,0
BRDA:131,11,0,1
BRDA:131,11,1,1
BRDA:154,12,0,1
BRDA:154,13,0,2
BRDA:154,13,1,1
BRDA:176,14,0,0
BRDA:176,15,0,1
BRDA:176,15,1,1
BRF:27
BRH:16
end_of_record
TN:
SF:src\modules\auth\profile.controller.ts
FN:36,(anonymous_4)
FN:43,(anonymous_5)
FN:48,(anonymous_6)
FN:65,(anonymous_7)
FNF:4
FNH:4
FNDA:4,(anonymous_4)
FNDA:2,(anonymous_5)
FNDA:1,(anonymous_6)
FNDA:2,(anonymous_7)
DA:1,1
DA:3,1
DA:4,1
DA:5,1
DA:6,1
DA:7,1
DA:8,1
DA:9,1
DA:11,1
DA:16,1
DA:35,1
DA:37,4
DA:38,4
DA:43,1
DA:47,2
DA:48,1
DA:50,2
DA:65,1
DA:66,2
DA:67,2
DA:68,1
DA:70,2
DA:71,2
DA:72,2
DA:73,2
LF:25
LH:25
BRDA:47,0,0,1
BRDA:47,0,1,1
BRDA:67,1,0,1
BRF:3
BRH:3
end_of_record
TN:
SF:src\modules\auth\refresh-csrf.guard.ts
FN:29,(anonymous_1)
FNF:1
FNH:1
FNDA:4,(anonymous_1)
DA:1,2
DA:3,2
DA:8,2
DA:28,2
DA:30,4
DA:32,4
DA:33,1
DA:36,3
LF:8
LH:8
BRDA:32,0,0,1
BRF:1
BRH:1
end_of_record
TN:
SF:src\modules\auth\refresh-token.service.ts
FN:17,hashToken
FN:23,(anonymous_3)
FN:25,(anonymous_4)
FN:45,(anonymous_5)
FN:75,(anonymous_6)
FN:90,(anonymous_7)
FN:108,(anonymous_8)
FN:117,(anonymous_9)
FN:124,(anonymous_10)
FNF:9
FNH:8
FNDA:10,hashToken
FNDA:9,(anonymous_3)
FNDA:1,(anonymous_4)
FNDA:6,(anonymous_5)
FNDA:2,(anonymous_6)
FNDA:2,(anonymous_7)
FNDA:1,(anonymous_8)
FNDA:3,(anonymous_9)
FNDA:0,(anonymous_10)
DA:1,4
DA:2,4
DA:3,4
DA:6,4
DA:15,4
DA:18,10
DA:22,4
DA:23,9
DA:26,1
DA:27,1
DA:34,1
DA:46,6
DA:47,6
DA:49,6
DA:50,1
DA:53,5
DA:54,3
DA:55,3
DA:57,3
DA:60,2
DA:61,2
DA:64,1
DA:67,2
DA:68,1
DA:71,1
DA:76,2
DA:77,2
DA:79,2
DA:80,1
DA:81,1
DA:82,1
DA:83,1
DA:84,1
DA:87,2
DA:91,2
DA:92,2
DA:100,2
DA:105,2
DA:109,1
DA:110,1
DA:118,3
DA:125,0
LF:42
LH:41
BRDA:6,0,0,4
BRDA:6,0,1,0
BRDA:49,1,0,1
BRDA:53,2,0,3
BRDA:55,3,0,2
BRDA:55,3,1,1
BRDA:57,4,0,2
BRDA:67,5,0,1
BRDA:80,6,0,0
BRDA:82,7,0,0
BRDA:87,8,0,1
BRDA:87,8,1,1
BRF:12
BRH:9
end_of_record
TN:
SF:src\modules\auth\token.service.ts
FN:38,(anonymous_1)
FN:49,(anonymous_2)
FN:64,(anonymous_3)
FNF:3
FNH:3
FNDA:4,(anonymous_1)
FNDA:5,(anonymous_2)
FNDA:1,(anonymous_3)
DA:1,12
DA:2,12
DA:30,12
DA:31,12
DA:34,12
DA:35,7
DA:36,7
DA:39,4
DA:52,5
DA:56,2
DA:65,1
LF:11
LH:11
BRDA:36,0,0,7
BRDA:36,0,1,0
BRDA:60,1,0,2
BRDA:60,1,1,1
BRF:4
BRH:3
end_of_record
TN:
SF:src\modules\auth\verification-token.service.ts
FN:5,hashToken
FN:17,(anonymous_3)
FN:19,(anonymous_4)
FN:28,(anonymous_5)
FN:37,(anonymous_6)
FN:46,(anonymous_7)
FNF:6
FNH:0
FNDA:0,hashToken
FNDA:0,(anonymous_3)
FNDA:0,(anonymous_4)
FNDA:0,(anonymous_5)
FNDA:0,(anonymous_6)
FNDA:0,(anonymous_7)
DA:1,2
DA:2,2
DA:3,2
DA:6,0
DA:16,2
DA:17,0
DA:20,0
DA:21,0
DA:22,0
DA:25,0
DA:29,0
DA:30,0
DA:31,0
DA:33,0
DA:34,0
DA:38,0
DA:39,0
DA:40,0
DA:43,0
DA:47,0
DA:48,0
DA:49,0
DA:51,0
DA:52,0
LF:24
LH:4
BRDA:20,0,0,0
BRDA:20,0,1,0
BRDA:30,1,0,0
BRDA:30,2,0,0
BRDA:30,2,1,0
BRDA:30,2,2,0
BRDA:38,3,0,0
BRDA:38,3,1,0
BRDA:48,4,0,0
BRDA:48,5,0,0
BRDA:48,5,1,0
BRDA:48,5,2,0
BRF:12
BRH:0
end_of_record
TN:
SF:src\modules\callbacks\daraja-webhook.controller.ts
FN:37,(anonymous_4)
FN:63,(anonymous_5)
FN:64,(anonymous_6)
FN:77,(anonymous_7)
FN:114,(anonymous_8)
FN:146,(anonymous_9)
FN:181,(anonymous_10)
FNF:7
FNH:7
FNDA:14,(anonymous_4)
FNDA:8,(anonymous_5)
FNDA:1,(anonymous_6)
FNDA:8,(anonymous_7)
FNDA:4,(anonymous_8)
FNDA:1,(anonymous_9)
FNDA:1,(anonymous_10)
DA:1,1
DA:2,1
DA:3,1
DA:4,1
DA:5,1
DA:6,1
DA:7,1
DA:8,1
DA:34,1
DA:35,14
DA:38,14
DA:39,14
DA:64,8
DA:65,1
DA:77,1
DA:78,8
DA:79,8
DA:82,8
DA:83,2
DA:87,6
DA:88,4
DA:91,4
DA:94,4
DA:102,4
DA:114,1
DA:115,4
DA:116,4
DA:118,4
DA:119,1
DA:122,3
DA:123,2
DA:125,2
DA:127,2
DA:134,2
DA:146,1
DA:147,1
DA:148,1
DA:150,1
DA:151,0
DA:154,1
DA:155,1
DA:157,1
DA:159,0
DA:166,0
DA:181,1
DA:182,1
DA:183,1
DA:185,1
DA:186,0
DA:189,1
DA:190,1
DA:192,1
DA:194,0
DA:201,0
LF:54
LH:48
BRDA:82,0,0,2
BRDA:82,1,0,8
BRDA:82,1,1,7
BRDA:118,2,0,1
BRDA:118,3,0,4
BRDA:118,3,1,3
BRDA:150,4,0,0
BRDA:150,5,0,1
BRDA:150,5,1,1
BRDA:185,6,0,0
BRDA:185,7,0,1
BRDA:185,7,1,1
BRF:12
BRH:10
end_of_record
TN:
SF:src\modules\callbacks\extract-natural-key.ts
FN:8,extractNaturalKey
FNF:1
FNH:1
FNDA:23,extractNaturalKey
DA:8,3
DA:9,23
DA:11,19
DA:12,7
DA:13,7
DA:16,12
DA:17,3
DA:18,3
DA:27,9
DA:28,8
DA:29,8
DA:32,1
LF:12
LH:12
BRDA:9,0,0,4
BRDA:9,1,0,23
BRDA:9,1,1,21
BRDA:11,2,0,7
BRDA:13,3,0,7
BRDA:13,3,1,3
BRDA:16,4,0,3
BRDA:18,5,0,1
BRDA:18,5,1,2
BRDA:27,6,0,8
BRDA:27,7,0,9
BRDA:27,7,1,3
BRDA:29,8,0,4
BRDA:29,8,1,4
BRF:14
BRH:14
end_of_record
TN:
SF:src\modules\callbacks\redact-callback-payload.ts
FN:48,collectSafeFields
FN:69,redactCallbackPayload
FNF:2
FNH:2
FNDA:94,collectSafeFields
FNDA:23,redactCallbackPayload
DA:29,3
DA:46,3
DA:49,94
DA:51,54
DA:52,10
DA:53,4
DA:56,50
DA:57,100
DA:58,31
DA:59,31
DA:61,69
DA:69,3
DA:70,23
DA:71,8
DA:74,15
DA:75,15
DA:77,15
LF:17
LH:17
BRDA:49,0,0,40
BRDA:49,1,0,94
BRDA:49,1,1,92
BRDA:49,1,2,54
BRDA:51,2,0,4
BRDA:57,3,0,31
BRDA:57,4,0,100
BRDA:57,4,1,31
BRDA:57,4,2,0
BRDA:70,5,0,8
BRDA:70,6,0,23
BRDA:70,6,1,17
BRDA:71,7,0,2
BRDA:71,7,1,6
BRF:14
BRH:13
end_of_record
TN:
SF:src\modules\callbacks\tenant-webhook-poller.service.ts
FN:39,(anonymous_2)
FN:50,(anonymous_3)
FN:55,(anonymous_4)
FN:75,(anonymous_5)
FN:112,(anonymous_6)
FNF:5
FNH:4
FNDA:5,(anonymous_2)
FNDA:0,(anonymous_3)
FNDA:6,(anonymous_4)
FNDA:4,(anonymous_5)
FNDA:2,(anonymous_6)
DA:1,1
DA:2,1
DA:3,1
DA:4,1
DA:5,1
DA:6,1
DA:7,1
DA:9,1
DA:15,1
DA:16,1
DA:35,1
DA:36,5
DA:37,5
DA:43,5
DA:44,5
DA:45,5
DA:50,1
DA:51,0
DA:52,0
DA:56,6
DA:57,5
DA:59,5
DA:60,5
DA:67,5
DA:68,4
DA:71,5
DA:76,4
DA:79,1
DA:83,1
DA:86,3
DA:87,3
DA:88,3
DA:90,3
DA:91,3
DA:98,2
DA:99,1
DA:103,1
DA:106,1
DA:108,1
DA:113,2
DA:114,2
DA:116,2
DA:117,1
DA:121,1
DA:127,1
DA:130,1
LF:46
LH:44
BRDA:51,0,0,0
BRDA:56,1,0,1
BRDA:76,2,0,1
BRDA:76,3,0,4
BRDA:76,3,1,3
BRDA:98,4,0,1
BRDA:116,5,0,1
BRF:7
BRH:6
end_of_record
TN:
SF:src\modules\callbacks\webhook-ingest.service.ts
FN:16,(anonymous_2)
FN:30,(anonymous_3)
FN:92,(anonymous_4)
FN:103,(anonymous_5)
FN:117,(anonymous_6)
FN:134,(anonymous_7)
FN:175,parseDarajaTimestamp
FN:191,isUniqueConstraintViolation
FNF:8
FNH:8
FNDA:14,(anonymous_2)
FNDA:5,(anonymous_3)
FNDA:7,(anonymous_4)
FNDA:4,(anonymous_5)
FNDA:8,(anonymous_6)
FNDA:3,(anonymous_7)
FNDA:9,parseDarajaTimestamp
FNDA:2,isUniqueConstraintViolation
DA:1,2
DA:2,2
DA:3,2
DA:4,2
DA:13,2
DA:14,14
DA:16,14
DA:32,5
DA:33,1
DA:34,1
DA:38,4
DA:39,4
DA:40,1
DA:41,1
DA:44,3
DA:46,3
DA:48,3
DA:57,1
DA:68,1
DA:71,2
DA:74,1
DA:75,1
DA:79,1
DA:84,1
DA:96,7
DA:97,4
DA:99,3
DA:104,4
DA:105,0
DA:108,4
DA:109,4
DA:111,4
DA:112,1
DA:116,3
DA:117,8
DA:119,3
DA:135,3
DA:136,1
DA:144,2
DA:146,2
DA:147,1
DA:150,1
DA:175,2
DA:176,9
DA:178,7
DA:179,7
DA:180,7
DA:182,5
DA:183,5
DA:185,5
DA:192,2
LF:51
LH:50
BRDA:32,0,0,1
BRDA:32,1,0,5
BRDA:32,1,1,5
BRDA:39,2,0,1
BRDA:71,3,0,1
BRDA:96,4,0,4
BRDA:96,4,1,3
BRDA:104,5,0,0
BRDA:104,6,0,4
BRDA:104,6,1,4
BRDA:111,7,0,1
BRDA:116,8,0,3
BRDA:116,8,1,1
BRDA:125,9,0,2
BRDA:125,9,1,1
BRDA:127,10,0,2
BRDA:127,10,1,1
BRDA:135,11,0,1
BRDA:135,12,0,3
BRDA:135,12,1,2
BRDA:146,13,0,1
BRDA:146,14,0,2
BRDA:146,14,1,1
BRDA:157,15,0,1
BRDA:157,15,1,0
BRDA:159,16,0,1
BRDA:159,16,1,0
BRDA:176,17,0,2
BRDA:176,18,0,9
BRDA:176,18,1,7
BRDA:180,19,0,2
BRDA:185,20,0,0
BRDA:185,20,1,5
BRDA:193,21,0,2
BRDA:193,21,1,2
BRDA:193,21,2,2
BRDA:193,21,3,1
BRF:37
BRH:33
end_of_record
TN:
SF:src\modules\callbacks\webhook-poller.service.ts
FN:24,(anonymous_2)
FN:42,(anonymous_3)
FN:47,(anonymous_4)
FN:66,(anonymous_5)
FN:102,(anonymous_6)
FN:121,(anonymous_7)
FN:159,(anonymous_8)
FN:193,(anonymous_9)
FN:244,(anonymous_10)
FN:276,(anonymous_11)
FN:316,(anonymous_12)
FN:322,(anonymous_13)
FNF:12
FNH:9
FNDA:12,(anonymous_2)
FNDA:0,(anonymous_3)
FNDA:12,(anonymous_4)
FNDA:12,(anonymous_5)
FNDA:0,(anonymous_6)
FNDA:0,(anonymous_7)
FNDA:6,(anonymous_8)
FNDA:3,(anonymous_9)
FNDA:3,(anonymous_10)
FNDA:3,(anonymous_11)
FNDA:2,(anonymous_12)
FNDA:2,(anonymous_13)
DA:1,2
DA:2,2
DA:3,2
DA:4,2
DA:5,2
DA:6,2
DA:7,2
DA:9,2
DA:20,2
DA:21,12
DA:22,12
DA:28,12
DA:29,12
DA:30,12
DA:31,12
DA:42,2
DA:43,0
DA:44,0
DA:48,12
DA:49,12
DA:51,12
DA:52,12
DA:58,12
DA:59,12
DA:62,12
DA:67,12
DA:68,12
DA:69,0
DA:70,12
DA:71,3
DA:72,9
DA:73,6
DA:74,3
DA:75,3
DA:78,12
DA:83,0
DA:84,0
DA:86,0
DA:91,0
DA:92,0
DA:103,0
DA:104,0
DA:105,0
DA:107,0
DA:109,0
DA:110,0
DA:111,0
DA:116,0
DA:119,0
DA:120,0
DA:121,0
DA:122,0
DA:123,0
DA:132,0
DA:135,0
DA:143,0
DA:160,6
DA:161,6
DA:162,6
DA:164,6
DA:168,1
DA:169,1
DA:174,1
DA:177,5
DA:179,5
DA:180,1
DA:181,1
DA:186,1
DA:189,4
DA:192,3
DA:193,3
DA:194,3
DA:196,3
DA:199,3
DA:208,1
DA:211,1
DA:219,1
DA:245,3
DA:246,3
DA:248,3
DA:252,3
DA:257,3
DA:266,3
DA:277,3
DA:278,3
DA:279,3
DA:280,3
DA:281,3
DA:290,3
DA:295,3
DA:296,1
DA:297,1
DA:302,1
DA:305,2
DA:310,1
DA:313,1
DA:316,2
DA:318,1
DA:322,2
DA:324,1
DA:327,1
DA:329,1
DA:331,1
DA:339,1
LF:104
LH:80
BRDA:43,0,0,0
BRDA:48,1,0,0
BRDA:68,2,0,0
BRDA:68,2,1,12
BRDA:70,3,0,3
BRDA:70,3,1,9
BRDA:72,4,0,6
BRDA:72,4,1,3
BRDA:74,5,0,3
BRDA:91,6,0,0
BRDA:109,7,0,0
BRDA:119,8,0,0
BRDA:119,8,1,0
BRDA:120,9,0,0
BRDA:120,9,1,0
BRDA:133,10,0,0
BRDA:133,10,1,0
BRDA:145,11,0,0
BRDA:145,11,1,0
BRDA:164,12,0,1
BRDA:179,13,0,1
BRDA:189,14,0,3
BRDA:189,14,1,1
BRDA:192,15,0,3
BRDA:192,15,1,1
BRDA:194,16,0,3
BRDA:194,16,1,1
BRDA:197,17,0,3
BRDA:197,17,1,0
BRDA:209,18,0,1
BRDA:209,18,1,0
BRDA:221,19,0,1
BRDA:221,19,1,0
BRDA:248,20,0,3
BRDA:248,20,1,0
BRDA:253,21,0,3
BRDA:253,21,1,0
BRDA:261,22,0,3
BRDA:261,22,1,0
BRDA:269,23,0,3
BRDA:269,23,1,0
BRDA:281,24,0,0
BRDA:281,24,1,3
BRDA:295,25,0,1
BRDA:305,26,0,1
BRF:45
BRH:24
end_of_record
TN:
SF:src\modules\health\health.controller.ts
FN:29,(anonymous_2)
FN:33,(anonymous_3)
FNF:2
FNH:0
FNDA:0,(anonymous_2)
FNDA:0,(anonymous_3)
DA:1,0
DA:2,0
DA:3,0
DA:4,0
DA:5,0
DA:6,0
DA:26,0
DA:27,0
DA:29,0
DA:33,0
DA:34,0
DA:35,0
DA:39,0
DA:43,0
DA:46,0
LF:15
LH:0
BRF:0
BRH:0
end_of_record
TN:
SF:src\modules\jobs\internal-jobs.controller.ts
FN:36,(anonymous_2)
FN:50,(anonymous_3)
FN:63,(anonymous_4)
FN:78,(anonymous_5)
FNF:4
FNH:0
FNDA:0,(anonymous_2)
FNDA:0,(anonymous_3)
FNDA:0,(anonymous_4)
FNDA:0,(anonymous_5)
DA:1,0
DA:2,0
DA:3,0
DA:4,0
DA:5,0
DA:6,0
DA:7,0
DA:33,0
DA:34,0
DA:37,0
DA:38,0
DA:39,0
DA:50,0
DA:51,0
DA:52,0
DA:53,0
DA:63,0
DA:64,0
DA:65,0
DA:66,0
DA:78,0
DA:79,0
DA:80,0
DA:81,0
LF:24
LH:0
BRF:0
BRH:0
end_of_record
TN:
SF:src\modules\jobs\job-scheduling.ts
FN:22,jobScheduler
FN:31,inProcessCronEnabled
FNF:2
FNH:2
FNDA:10,jobScheduler
FNDA:8,inProcessCronEnabled
DA:22,5
DA:23,10
DA:31,5
DA:32,8
LF:4
LH:4
BRDA:23,0,0,2
BRDA:23,0,1,8
BRF:2
BRH:2
end_of_record
TN:
SF:src\modules\ledger\insufficient-balance.exception.ts
FN:17,(anonymous_0)
FN:29,formatMinorUnits
FNF:2
FNH:2
FNDA:5,(anonymous_0)
FNDA:10,formatMinorUnits
DA:1,9
DA:16,9
DA:18,5
DA:19,5
DA:21,5
DA:30,10
DA:31,10
DA:32,10
LF:8
LH:8
BRDA:30,0,0,0
BRDA:30,0,1,10
BRF:2
BRH:1
end_of_record
TN:
SF:src\modules\ledger\ledger.accounts.ts
FNF:0
FNH:0
DA:16,9
DA:39,9
LF:2
LH:2
BRF:0
BRH:0
end_of_record
TN:
SF:src\modules\ledger\ledger.controller.ts
FN:24,(anonymous_4)
FN:30,(anonymous_5)
FN:40,(anonymous_6)
FNF:3
FNH:3
FNDA:5,(anonymous_4)
FNDA:4,(anonymous_5)
FNDA:2,(anonymous_6)
DA:1,1
DA:2,1
DA:3,1
DA:4,1
DA:5,1
DA:6,1
DA:7,1
DA:8,1
DA:23,1
DA:25,5
DA:26,5
DA:30,1
DA:32,4
DA:33,2
DA:34,1
DA:36,2
DA:37,1
DA:40,2
DA:41,2
DA:44,2
LF:20
LH:20
BRDA:32,0,0,2
BRDA:32,0,1,2
BRDA:33,1,0,1
BRDA:36,2,0,1
BRF:4
BRH:4
end_of_record
TN:
SF:src\modules\ledger\ledger.service.ts
FN:53,(anonymous_1)
FN:60,(anonymous_2)
FN:61,(anonymous_3)
FN:84,(anonymous_4)
FN:111,(anonymous_5)
FN:156,(anonymous_6)
FN:160,(anonymous_7)
FN:164,(anonymous_8)
FN:169,(anonymous_9)
FN:199,(anonymous_10)
FNF:10
FNH:10
FNDA:21,(anonymous_1)
FNDA:42,(anonymous_2)
FNDA:41,(anonymous_3)
FNDA:19,(anonymous_4)
FNDA:21,(anonymous_5)
FNDA:9,(anonymous_6)
FNDA:5,(anonymous_7)
FNDA:5,(anonymous_8)
FNDA:19,(anonymous_9)
FNDA:21,(anonymous_10)
DA:1,9
DA:3,9
DA:4,9
DA:36,9
DA:37,56
DA:54,21
DA:60,21
DA:61,42
DA:63,21
DA:89,19
DA:93,19
DA:98,1
DA:116,21
DA:122,20
DA:123,3
DA:126,17
DA:127,17
DA:129,17
DA:130,5
DA:133,5
DA:136,12
DA:157,9
DA:161,5
DA:165,5
DA:170,19
DA:200,21
DA:201,1
LF:27
LH:27
BRDA:61,0,0,42
BRDA:61,0,1,20
BRDA:93,1,0,1
BRDA:122,2,0,3
BRDA:122,3,0,20
BRDA:122,3,1,19
BRDA:129,4,0,5
BRDA:200,5,0,1
BRF:8
BRH:8
end_of_record
TN:
SF:src\modules\payments\transaction-state-machine.ts
FN:29,(anonymous_2)
FN:44,(anonymous_3)
FN:45,(anonymous_4)
FN:124,(anonymous_5)
FN:125,(anonymous_6)
FN:160,(anonymous_7)
FN:161,(anonymous_8)
FN:233,(anonymous_9)
FN:234,(anonymous_10)
FN:270,(anonymous_11)
FN:315,(anonymous_12)
FN:322,(anonymous_13)
FN:385,(anonymous_14)
FN:394,(anonymous_15)
FN:421,(anonymous_16)
FN:425,(anonymous_17)
FNF:16
FNH:16
FNDA:29,(anonymous_2)
FNDA:11,(anonymous_3)
FNDA:11,(anonymous_4)
FNDA:6,(anonymous_5)
FNDA:6,(anonymous_6)
FNDA:8,(anonymous_7)
FNDA:8,(anonymous_8)
FNDA:3,(anonymous_9)
FNDA:3,(anonymous_10)
FNDA:14,(anonymous_11)
FNDA:1,(anonymous_12)
FNDA:1,(anonymous_13)
FNDA:17,(anonymous_14)
FNDA:11,(anonymous_15)
FNDA:28,(anonymous_16)
FNDA:17,(anonymous_17)
DA:1,4
DA:2,4
DA:5,4
DA:6,4
DA:14,4
DA:23,4
DA:24,29
DA:30,29
DA:34,29
DA:45,11
DA:49,11
DA:51,11
DA:56,11
DA:58,10
DA:63,5
DA:64,1
DA:68,1
DA:70,4
DA:71,3
DA:73,1
DA:79,5
DA:81,4
DA:88,4
DA:107,4
DA:120,4
DA:125,6
DA:126,6
DA:128,6
DA:132,6
DA:133,5
DA:135,3
DA:140,3
DA:161,8
DA:162,8
DA:164,8
DA:169,8
DA:171,7
DA:176,2
DA:177,1
DA:181,1
DA:183,1
DA:184,1
DA:186,0
DA:192,5
DA:194,5
DA:199,5
DA:207,5
DA:217,5
DA:234,3
DA:235,3
DA:237,3
DA:242,3
DA:243,2
DA:245,2
DA:250,2
DA:258,2
DA:285,14
DA:287,3
DA:322,1
DA:323,1
DA:334,1
DA:353,1
DA:363,1
DA:386,17
DA:387,2
DA:395,11
DA:396,2
DA:422,28
DA:426,17
DA:427,3
LF:70
LH:69
BRDA:58,0,0,5
BRDA:63,1,0,1
BRDA:63,2,0,5
BRDA:63,2,1,2
BRDA:70,3,0,3
BRDA:70,4,0,4
BRDA:70,4,1,3
BRDA:120,5,0,4
BRDA:120,5,1,2
BRDA:171,6,0,2
BRDA:176,7,0,1
BRDA:176,8,0,2
BRDA:176,8,1,1
BRDA:183,9,0,1
BRDA:183,10,0,1
BRDA:183,10,1,1
BRDA:217,11,0,5
BRDA:217,11,1,1
BRDA:285,12,0,11
BRDA:297,13,0,3
BRDA:297,13,1,0
BRDA:298,14,0,3
BRDA:298,14,1,0
BRDA:299,15,0,3
BRDA:299,15,1,1
BRDA:299,15,2,1
BRDA:301,16,0,3
BRDA:301,16,1,2
BRDA:386,17,0,2
BRDA:395,18,0,2
BRDA:397,19,0,2
BRDA:397,19,1,0
BRDA:426,20,0,3
BRF:33
BRH:30
end_of_record
TN:
SF:src\modules\payments\transactions.controller.ts
FN:21,(anonymous_4)
FN:33,(anonymous_5)
FN:51,(anonymous_6)
FN:67,(anonymous_7)
FN:79,(anonymous_8)
FN:88,(anonymous_9)
FN:103,(anonymous_10)
FNF:7
FNH:7
FNDA:9,(anonymous_4)
FNDA:3,(anonymous_5)
FNDA:2,(anonymous_6)
FNDA:6,(anonymous_7)
FNDA:1,(anonymous_8)
FNDA:3,(anonymous_9)
FNDA:3,(anonymous_10)
DA:1,1
DA:2,1
DA:3,1
DA:4,1
DA:5,1
DA:6,1
DA:7,1
DA:8,1
DA:20,1
DA:22,9
DA:29,9
DA:33,1
DA:49,3
DA:51,2
DA:52,2
DA:67,1
DA:68,6
DA:76,2
DA:77,2
DA:79,1
DA:80,1
DA:82,1
DA:83,1
DA:86,4
DA:88,3
DA:89,3
DA:91,3
DA:96,2
DA:97,1
DA:100,1
DA:104,3
DA:105,2
DA:106,1
DA:108,1
DA:109,1
LF:35
LH:35
BRDA:53,0,0,0
BRDA:53,0,1,2
BRDA:53,1,0,0
BRDA:53,1,1,2
BRDA:68,2,0,2
BRDA:77,3,0,1
BRDA:82,4,0,0
BRDA:86,5,0,1
BRDA:91,6,0,1
BRDA:96,7,0,1
BRDA:104,8,0,2
BRDA:105,9,0,1
BRDA:108,10,0,0
BRF:13
BRH:9
end_of_record
TN:
SF:src\modules\payments\b2c\b2c.controller.ts
FN:29,(anonymous_4)
FN:34,(anonymous_5)
FNF:2
FNH:2
FNDA:4,(anonymous_4)
FNDA:2,(anonymous_5)
DA:1,1
DA:3,1
DA:4,1
DA:5,1
DA:6,1
DA:7,1
DA:8,1
DA:9,1
DA:28,1
DA:29,4
DA:34,1
DA:43,2
LF:12
LH:12
BRDA:45,0,0,2
BRDA:45,0,1,2
BRDA:46,1,0,2
BRDA:46,1,1,1
BRF:4
BRH:4
end_of_record
TN:
SF:src\modules\payments\b2c\b2c.service.ts
FN:28,(anonymous_2)
FN:56,(anonymous_3)
FN:83,(anonymous_4)
FN:149,(anonymous_5)
FN:218,(anonymous_6)
FN:219,(anonymous_7)
FN:235,(anonymous_8)
FN:236,(anonymous_9)
FN:246,isUniqueConstraintViolation
FNF:9
FNH:6
FNDA:11,(anonymous_2)
FNDA:11,(anonymous_3)
FNDA:11,(anonymous_4)
FNDA:6,(anonymous_5)
FNDA:3,(anonymous_6)
FNDA:3,(anonymous_7)
FNDA:0,(anonymous_8)
FNDA:0,(anonymous_9)
FNDA:0,isUniqueConstraintViolation
DA:1,3
DA:2,3
DA:3,3
DA:4,3
DA:5,3
DA:6,3
DA:7,3
DA:8,3
DA:9,3
DA:25,3
DA:26,11
DA:29,11
DA:30,11
DA:31,11
DA:32,11
DA:33,11
DA:34,11
DA:62,11
DA:63,0
DA:64,0
DA:65,0
DA:68,0
DA:76,11
DA:82,11
DA:83,11
DA:84,11
DA:86,9
DA:102,9
DA:110,9
DA:115,9
DA:122,2
DA:123,0
DA:124,0
DA:125,0
DA:128,0
DA:131,2
DA:134,9
DA:136,9
DA:138,9
DA:149,6
DA:150,6
DA:156,6
DA:172,6
DA:174,3
DA:185,3
DA:187,3
DA:197,3
DA:204,3
DA:219,3
DA:220,3
DA:225,3
DA:236,0
DA:237,0
DA:247,0
LF:54
LH:43
BRDA:62,0,0,0
BRDA:64,1,0,0
BRDA:122,2,0,0
BRDA:122,3,0,2
BRDA:122,3,1,0
BRDA:124,4,0,0
BRDA:185,5,0,3
BRDA:185,5,1,0
BRDA:247,6,0,0
BRDA:247,6,1,0
BRDA:247,6,2,0
BRDA:247,6,3,0
BRF:12
BRH:2
end_of_record
TN:
SF:src\modules\payments\b2c\dashboard-b2c.controller.ts
FN:34,(anonymous_4)
FN:38,(anonymous_5)
FNF:2
FNH:2
FNDA:5,(anonymous_4)
FNDA:3,(anonymous_5)
DA:1,1
DA:2,1
DA:3,1
DA:4,1
DA:5,1
DA:6,1
DA:7,1
DA:8,1
DA:9,1
DA:10,1
DA:11,1
DA:33,1
DA:34,5
DA:38,1
DA:46,3
DA:48,2
LF:16
LH:16
BRDA:46,0,0,1
BRDA:50,1,0,2
BRDA:50,1,1,2
BRF:3
BRH:3
end_of_record
TN:
SF:src\modules\payments\b2c\initiate-b2c.dto.ts
FNF:0
FNH:0
DA:1,3
DA:19,3
DA:21,3
LF:3
LH:3
BRF:0
BRH:0
end_of_record
TN:
SF:src\modules\payments\stk-push\dashboard-stk-push.controller.ts
FN:28,(anonymous_4)
FN:32,(anonymous_5)
FNF:2
FNH:2
FNDA:2,(anonymous_4)
FNDA:2,(anonymous_5)
DA:1,1
DA:2,1
DA:3,1
DA:4,1
DA:5,1
DA:6,1
DA:7,1
DA:8,1
DA:9,1
DA:10,1
DA:11,1
DA:27,1
DA:28,2
DA:32,1
DA:36,2
DA:37,1
LF:16
LH:16
BRDA:36,0,0,1
BRF:1
BRH:1
end_of_record
TN:
SF:src\modules\payments\stk-push\initiate-stk-push.dto.ts
FNF:0
FNH:0
DA:1,3
DA:3,3
LF:2
LH:2
BRF:0
BRH:0
end_of_record
TN:
SF:src\modules\payments\stk-push\stk-push.controller.ts
FN:24,(anonymous_4)
FN:29,(anonymous_5)
FNF:2
FNH:2
FNDA:1,(anonymous_4)
FNDA:1,(anonymous_5)
DA:1,1
DA:3,1
DA:4,1
DA:5,1
DA:6,1
DA:7,1
DA:8,1
DA:9,1
DA:23,1
DA:24,1
DA:29,1
DA:33,1
LF:12
LH:12
BRF:0
BRH:0
end_of_record
TN:
SF:src\modules\payments\stk-push\stk-push.service.ts
FN:14,(anonymous_2)
FN:22,(anonymous_3)
FN:30,(anonymous_4)
FN:58,(anonymous_5)
FN:90,(anonymous_6)
FNF:5
FNH:5
FNDA:2,(anonymous_2)
FNDA:2,(anonymous_3)
FNDA:2,(anonymous_4)
FNDA:1,(anonymous_5)
FNDA:1,(anonymous_6)
DA:1,3
DA:2,3
DA:3,3
DA:4,3
DA:5,3
DA:7,3
DA:8,3
DA:11,3
DA:12,2
DA:15,2
DA:16,2
DA:17,2
DA:18,2
DA:19,2
DA:30,2
DA:31,2
DA:43,2
DA:47,2
DA:49,2
DA:58,1
DA:59,1
DA:70,1
DA:83,1
DA:85,1
DA:90,1
DA:91,1
DA:97,1
DA:106,1
DA:113,1
LF:29
LH:29
BRDA:54,0,0,0
BRDA:54,0,1,2
BRDA:93,1,0,1
BRDA:93,1,1,0
BRF:4
BRH:2
end_of_record
TN:
SF:src\modules\prisma\prisma-privileged.service.ts
FN:51,(anonymous_2)
FN:64,(anonymous_3)
FN:68,(anonymous_4)
FNF:3
FNH:0
FNDA:0,(anonymous_2)
FNDA:0,(anonymous_3)
FNDA:0,(anonymous_4)
DA:1,23
DA:2,23
DA:50,23
DA:52,0
DA:53,0
DA:54,0
DA:61,0
DA:65,0
DA:69,0
LF:9
LH:3
BRDA:53,0,0,0
BRF:1
BRH:0
end_of_record
TN:
SF:src\modules\prisma\prisma.service.ts
FN:6,(anonymous_1)
FN:10,(anonymous_2)
FN:21,(anonymous_3)
FN:35,(anonymous_4)
FNF:4
FNH:0
FNDA:0,(anonymous_1)
FNDA:0,(anonymous_2)
FNDA:0,(anonymous_3)
FNDA:0,(anonymous_4)
DA:1,22
DA:2,22
DA:5,22
DA:7,0
DA:11,0
DA:25,0
DA:26,0
DA:32,0
DA:35,0
DA:36,0
DA:37,0
LF:11
LH:3
BRDA:26,0,0,0
BRF:1
BRH:0
end_of_record
TN:
SF:src\modules\reconciliation\drift-detector.service.ts
FN:33,(anonymous_2)
FN:50,(anonymous_3)
FN:60,(anonymous_4)
FN:68,(anonymous_5)
FN:128,(anonymous_6)
FN:198,(anonymous_7)
FNF:6
FNH:4
FNDA:15,(anonymous_2)
FNDA:0,(anonymous_3)
FNDA:0,(anonymous_4)
FNDA:10,(anonymous_5)
FNDA:5,(anonymous_6)
FNDA:7,(anonymous_7)
DA:1,1
DA:2,1
DA:3,1
DA:4,1
DA:5,1
DA:6,1
DA:7,1
DA:8,1
DA:9,1
DA:21,1
DA:22,15
DA:23,1
DA:31,1
DA:36,15
DA:37,15
DA:38,15
DA:39,15
DA:40,15
DA:41,15
DA:50,1
DA:51,0
DA:52,0
DA:61,0
DA:62,0
DA:64,0
DA:69,10
DA:71,10
DA:84,10
DA:86,8
DA:88,8
DA:89,9
DA:91,8
DA:97,8
DA:98,8
DA:99,8
DA:102,7
DA:104,1
DA:129,5
DA:131,5
DA:136,5
DA:138,4
DA:140,4
DA:141,5
DA:145,5
DA:148,4
DA:150,3
DA:161,3
DA:175,3
DA:193,1
DA:212,7
DA:213,1
DA:218,1
DA:231,6
DA:232,5
DA:236,1
DA:244,6
LF:56
LH:51
BRDA:51,0,0,0
BRDA:84,1,0,2
BRDA:89,2,0,1
BRDA:97,3,0,1
BRDA:97,3,1,7
BRDA:136,4,0,1
BRDA:148,5,0,1
BRDA:181,6,0,3
BRDA:181,6,1,0
BRDA:212,7,0,1
BRDA:215,8,0,1
BRDA:215,8,1,0
BRDA:215,9,0,1
BRDA:215,9,1,0
BRDA:231,10,0,5
BRDA:231,10,1,1
BRDA:237,11,0,1
BRDA:237,11,1,0
BRF:18
BRH:13
end_of_record
TN:
SF:src\modules\reporting\reporting.controller.ts
FN:21,parseDays
FN:35,(anonymous_5)
FN:38,(anonymous_6)
FNF:3
FNH:0
FNDA:0,parseDays
FNDA:0,(anonymous_5)
FNDA:0,(anonymous_6)
DA:1,0
DA:2,0
DA:3,0
DA:4,0
DA:5,0
DA:6,0
DA:7,0
DA:9,0
DA:12,0
DA:22,0
DA:24,0
DA:25,0
DA:26,0
DA:28,0
DA:34,0
DA:35,0
DA:38,0
DA:44,0
DA:45,0
DA:46,0
DA:48,0
DA:49,0
DA:52,0
LF:23
LH:0
BRDA:22,0,0,0
BRDA:22,1,0,0
BRDA:22,1,1,0
BRDA:25,2,0,0
BRDA:25,3,0,0
BRDA:25,3,1,0
BRDA:25,3,2,0
BRDA:44,4,0,0
BRDA:44,4,1,0
BRDA:45,5,0,0
BRDA:48,6,0,0
BRF:11
BRH:0
end_of_record
TN:
SF:src\modules\reporting\reporting.service.ts
FN:5,summarize
FN:6,(anonymous_3)
FN:7,(anonymous_4)
FN:22,(anonymous_5)
FN:28,(anonymous_6)
FN:35,(anonymous_7)
FN:41,(anonymous_8)
FN:77,(anonymous_9)
FN:78,(anonymous_10)
FNF:9
FNH:9
FNDA:12,summarize
FNDA:6,(anonymous_3)
FNDA:6,(anonymous_4)
FNDA:4,(anonymous_5)
FNDA:6,(anonymous_6)
FNDA:6,(anonymous_7)
FNDA:6,(anonymous_8)
FNDA:6,(anonymous_9)
FNDA:6,(anonymous_10)
DA:1,1
DA:2,1
DA:6,12
DA:7,12
DA:8,12
DA:10,12
DA:22,4
DA:27,1
DA:28,6
DA:36,6
DA:41,6
DA:46,6
DA:56,6
DA:65,6
DA:74,6
DA:77,6
DA:78,6
DA:80,6
LF:18
LH:18
BRDA:8,0,0,12
BRDA:8,0,1,9
BRDA:14,1,0,4
BRDA:14,1,1,8
BRDA:16,2,0,12
BRDA:16,2,1,12
BRDA:17,3,0,12
BRDA:17,3,1,12
BRDA:19,4,0,12
BRDA:19,4,1,9
BRDA:20,5,0,12
BRDA:20,5,1,12
BRDA:22,6,0,12
BRDA:22,6,1,9
BRDA:35,7,0,0
BRF:15
BRH:14
end_of_record
TN:
SF:src\modules\tenants\credentials-encryption.service.ts
FN:19,(anonymous_1)
FN:27,(anonymous_2)
FNF:2
FNH:2
FNDA:6,(anonymous_1)
FNDA:5,(anonymous_2)
DA:1,13
DA:2,13
DA:4,13
DA:16,13
DA:17,5
DA:20,6
DA:21,6
DA:22,6
DA:23,6
DA:24,6
DA:28,5
DA:29,5
DA:30,5
DA:31,5
DA:32,3
LF:15
LH:15
BRDA:17,0,0,5
BRDA:17,0,1,0
BRF:2
BRH:1
end_of_record
TN:
SF:src\modules\tenants\tenant-shortcodes.controller.ts
FN:24,(anonymous_4)
FN:32,(anonymous_5)
FN:41,(anonymous_6)
FN:46,(anonymous_7)
FN:72,(anonymous_8)
FN:81,(anonymous_9)
FN:86,(anonymous_10)
FNF:7
FNH:0
FNDA:0,(anonymous_4)
FNDA:0,(anonymous_5)
FNDA:0,(anonymous_6)
FNDA:0,(anonymous_7)
FNDA:0,(anonymous_8)
FNDA:0,(anonymous_9)
FNDA:0,(anonymous_10)
DA:1,0
DA:2,0
DA:3,0
DA:4,0
DA:5,0
DA:6,0
DA:7,0
DA:8,0
DA:9,0
DA:10,0
DA:11,0
DA:23,0
DA:24,0
DA:32,0
DA:37,0
DA:41,0
DA:42,0
DA:46,0
DA:52,0
DA:72,0
DA:77,0
DA:81,0
DA:82,0
DA:87,0
DA:88,0
DA:89,0
DA:91,0
DA:92,0
LF:28
LH:0
BRDA:87,0,0,0
BRDA:88,1,0,0
BRDA:91,2,0,0
BRF:3
BRH:0
end_of_record
TN:
SF:src\modules\tenants\tenant-shortcodes.schema.ts
FN:16,(anonymous_0)
FN:17,(anonymous_1)
FN:42,(anonymous_2)
FNF:3
FNH:0
FNDA:0,(anonymous_0)
FNDA:0,(anonymous_1)
FNDA:0,(anonymous_2)
DA:1,0
DA:16,0
DA:17,0
DA:19,0
DA:41,0
DA:43,0
DA:44,0
DA:58,0
LF:8
LH:0
BRDA:17,0,0,0
BRDA:17,0,1,0
BRDA:17,1,0,0
BRDA:17,1,1,0
BRDA:43,2,0,0
BRDA:43,3,0,0
BRDA:43,3,1,0
BRDA:43,3,2,0
BRDA:44,4,0,0
BRDA:44,4,1,0
BRDA:44,4,2,0
BRF:11
BRH:0
end_of_record
TN:
SF:src\modules\tenants\tenant-shortcodes.service.ts
FN:30,(anonymous_2)
FN:37,(anonymous_3)
FN:57,(anonymous_4)
FN:132,(anonymous_5)
FN:135,(anonymous_6)
FN:138,(anonymous_7)
FN:141,(anonymous_8)
FN:150,(anonymous_9)
FN:195,(anonymous_10)
FN:198,(anonymous_11)
FN:235,(anonymous_12)
FN:245,(anonymous_13)
FN:280,(anonymous_14)
FN:287,(anonymous_15)
FN:314,(anonymous_16)
FNF:15
FNH:4
FNDA:8,(anonymous_2)
FNDA:0,(anonymous_3)
FNDA:0,(anonymous_4)
FNDA:0,(anonymous_5)
FNDA:0,(anonymous_6)
FNDA:0,(anonymous_7)
FNDA:0,(anonymous_8)
FNDA:0,(anonymous_9)
FNDA:0,(anonymous_10)
FNDA:0,(anonymous_11)
FNDA:8,(anonymous_12)
FNDA:6,(anonymous_13)
FNDA:8,(anonymous_14)
FNDA:0,(anonymous_15)
FNDA:0,(anonymous_16)
DA:1,1
DA:2,1
DA:3,1
DA:4,1
DA:5,1
DA:6,1
DA:29,1
DA:31,8
DA:32,8
DA:33,8
DA:34,8
DA:38,0
DA:40,0
DA:41,0
DA:42,0
DA:46,0
DA:51,0
DA:56,0
DA:64,0
DA:65,0
DA:71,0
DA:95,0
DA:96,0
DA:97,0
DA:98,0
DA:104,0
DA:105,0
DA:114,0
DA:129,0
DA:133,0
DA:135,0
DA:136,0
DA:138,0
DA:147,0
DA:149,0
DA:151,0
DA:152,0
DA:157,0
DA:158,0
DA:164,0
DA:183,0
DA:192,0
DA:196,0
DA:198,0
DA:199,0
DA:201,0
DA:203,0
DA:236,8
DA:238,7
DA:239,7
DA:240,1
DA:245,6
DA:246,6
DA:248,6
DA:254,5
DA:255,1
DA:260,4
DA:266,3
DA:276,3
DA:281,8
DA:282,1
DA:296,0
DA:315,0
DA:316,0
DA:318,0
DA:319,0
DA:321,0
LF:67
LH:25
BRDA:41,0,0,0
BRDA:41,1,0,0
BRDA:41,1,1,0
BRDA:64,2,0,0
BRDA:77,3,0,0
BRDA:77,3,1,0
BRDA:78,4,0,0
BRDA:78,4,1,0
BRDA:78,5,0,0
BRDA:78,5,1,0
BRDA:95,6,0,0
BRDA:124,7,0,0
BRDA:124,7,1,0
BRDA:152,8,0,0
BRDA:157,9,0,0
BRDA:159,10,0,0
BRDA:159,10,1,0
BRDA:167,11,0,0
BRDA:167,11,1,0
BRDA:168,12,0,0
BRDA:168,12,1,0
BRDA:169,13,0,0
BRDA:169,13,1,0
BRDA:170,14,0,0
BRDA:170,14,1,0
BRDA:171,15,0,0
BRDA:171,15,1,0
BRDA:171,16,0,0
BRDA:171,16,1,0
BRDA:201,17,0,0
BRDA:239,18,0,1
BRDA:239,19,0,7
BRDA:239,19,1,6
BRDA:248,20,0,1
BRDA:254,21,0,1
BRDA:281,22,0,1
BRDA:281,23,0,8
BRDA:281,23,1,2
BRDA:318,24,0,0
BRDA:318,25,0,0
BRDA:318,25,1,0
BRF:41
BRH:8
end_of_record
TN:
SF:src\modules\tenants\tenant-webhook-config.controller.ts
FN:21,(anonymous_4)
FN:26,(anonymous_5)
FNF:2
FNH:2
FNDA:2,(anonymous_4)
FNDA:2,(anonymous_5)
DA:1,1
DA:3,1
DA:4,1
DA:5,1
DA:6,1
DA:7,1
DA:8,1
DA:9,1
DA:20,1
DA:21,2
DA:26,1
DA:30,2
LF:12
LH:12
BRDA:30,0,0,2
BRDA:30,0,1,1
BRF:2
BRH:2
end_of_record
TN:
SF:src\modules\tenants\tenant-webhook-config.dto.ts
FN:8,(anonymous_0)
FNF:1
FNH:0
FNDA:0,(anonymous_0)
DA:1,1
DA:3,1
DA:8,0
LF:3
LH:2
BRF:0
BRH:0
end_of_record
TN:
SF:src\modules\tenants\tenant.dto.ts
FNF:0
FNH:0
DA:2,1
DA:4,1
DA:12,1
DA:31,1
LF:4
LH:4
BRF:0
BRH:0
end_of_record
TN:
SF:src\modules\tenants\tenants.controller.ts
FN:30,(anonymous_4)
FN:34,(anonymous_5)
FN:53,(anonymous_6)
FN:62,(anonymous_7)
FN:69,(anonymous_8)
FN:88,(anonymous_9)
FN:103,(anonymous_10)
FNF:7
FNH:7
FNDA:6,(anonymous_4)
FNDA:1,(anonymous_5)
FNDA:1,(anonymous_6)
FNDA:1,(anonymous_7)
FNDA:1,(anonymous_8)
FNDA:1,(anonymous_9)
FNDA:1,(anonymous_10)
DA:1,1
DA:2,1
DA:3,1
DA:4,1
DA:5,1
DA:6,1
DA:7,1
DA:8,1
DA:9,1
DA:10,1
DA:11,1
DA:12,1
DA:29,1
DA:30,6
DA:34,1
DA:38,1
DA:53,1
DA:57,1
DA:62,1
DA:63,1
DA:69,1
DA:70,1
DA:88,1
DA:93,1
DA:103,1
DA:108,1
LF:26
LH:26
BRF:0
BRH:0
end_of_record
TN:
SF:src\modules\tenants\tenants.schema.ts
FNF:0
FNH:0
DA:1,1
DA:10,1
LF:2
LH:2
BRF:0
BRH:0
end_of_record
TN:
SF:src\modules\tenants\tenants.service.ts
FN:19,(anonymous_2)
FN:30,(anonymous_3)
FN:57,(anonymous_4)
FN:58,(anonymous_5)
FN:71,(anonymous_6)
FN:115,(anonymous_7)
FN:147,(anonymous_8)
FN:161,(anonymous_9)
FN:171,(anonymous_10)
FN:174,(anonymous_11)
FN:189,(anonymous_12)
FN:214,(anonymous_13)
FN:237,(anonymous_14)
FN:254,(anonymous_15)
FN:290,(anonymous_16)
FN:300,(anonymous_17)
FN:311,(anonymous_18)
FN:328,(anonymous_19)
FN:367,(anonymous_20)
FN:434,(anonymous_21)
FN:442,(anonymous_22)
FN:450,(anonymous_23)
FN:466,(anonymous_24)
FNF:23
FNH:22
FNDA:45,(anonymous_2)
FNDA:1,(anonymous_3)
FNDA:2,(anonymous_4)
FNDA:2,(anonymous_5)
FNDA:4,(anonymous_6)
FNDA:4,(anonymous_7)
FNDA:4,(anonymous_8)
FNDA:4,(anonymous_9)
FNDA:1,(anonymous_10)
FNDA:1,(anonymous_11)
FNDA:7,(anonymous_12)
FNDA:4,(anonymous_13)
FNDA:4,(anonymous_14)
FNDA:3,(anonymous_15)
FNDA:4,(anonymous_16)
FNDA:0,(anonymous_17)
FNDA:4,(anonymous_18)
FNDA:2,(anonymous_19)
FNDA:17,(anonymous_20)
FNDA:5,(anonymous_21)
FNDA:1,(anonymous_22)
FNDA:2,(anonymous_23)
FNDA:11,(anonymous_24)
DA:1,10
DA:2,10
DA:3,10
DA:4,10
DA:5,10
DA:6,10
DA:7,10
DA:12,10
DA:13,10
DA:16,10
DA:17,45
DA:20,45
DA:21,45
DA:22,45
DA:23,45
DA:24,45
DA:25,45
DA:31,1
DA:32,1
DA:34,1
DA:44,1
DA:58,2
DA:59,2
DA:72,4
DA:73,1
DA:81,3
DA:86,2
DA:95,2
DA:102,2
DA:116,4
DA:118,4
DA:127,4
DA:135,4
DA:137,4
DA:148,4
DA:161,4
DA:162,4
DA:167,3
DA:170,3
DA:172,1
DA:175,1
DA:179,1
DA:193,7
DA:204,7
DA:205,2
DA:208,5
DA:209,1
DA:214,4
DA:215,4
DA:217,4
DA:218,1
DA:223,3
DA:238,4
DA:244,4
DA:245,1
DA:248,3
DA:249,0
DA:254,3
DA:255,3
DA:257,3
DA:258,1
DA:266,2
DA:267,1
DA:273,1
DA:291,4
DA:292,1
DA:295,3
DA:296,3
DA:297,2
DA:301,0
DA:312,4
DA:313,1
DA:315,3
DA:316,1
DA:328,2
DA:329,2
DA:331,2
DA:335,2
DA:336,1
DA:339,1
DA:341,1
DA:343,1
DA:353,1
DA:368,17
DA:370,17
DA:371,8
DA:372,1
DA:385,7
DA:387,7
DA:389,2
DA:391,5
DA:392,2
DA:396,3
DA:397,1
DA:401,11
DA:408,10
DA:418,10
DA:419,5
DA:422,10
DA:435,5
DA:436,5
DA:437,4
DA:442,1
DA:443,1
DA:449,1
DA:450,2
DA:453,1
DA:467,11
DA:468,11
DA:470,1
DA:471,1
DA:473,0
LF:112
LH:109
BRDA:72,0,0,1
BRDA:72,1,0,4
BRDA:72,1,1,2
BRDA:175,2,0,1
BRDA:175,2,1,0
BRDA:191,3,0,5
BRDA:204,4,0,2
BRDA:204,5,0,7
BRDA:204,5,1,6
BRDA:208,6,0,1
BRDA:208,7,0,5
BRDA:208,7,1,4
BRDA:217,8,0,1
BRDA:217,9,0,4
BRDA:217,9,1,3
BRDA:244,10,0,1
BRDA:244,11,0,4
BRDA:244,11,1,3
BRDA:248,12,0,0
BRDA:248,13,0,3
BRDA:248,13,1,3
BRDA:257,14,0,1
BRDA:266,15,0,1
BRDA:266,16,0,2
BRDA:266,16,1,1
BRDA:291,17,0,1
BRDA:291,18,0,4
BRDA:291,18,1,3
BRDA:296,19,0,1
BRDA:312,20,0,1
BRDA:315,21,0,1
BRDA:335,22,0,1
BRDA:370,23,0,8
BRDA:371,24,0,1
BRDA:387,25,0,2
BRDA:387,26,0,7
BRDA:387,26,1,6
BRDA:391,27,0,2
BRDA:396,28,0,1
BRDA:418,29,0,5
BRDA:418,30,0,10
BRDA:418,30,1,7
BRDA:437,31,0,3
BRDA:470,32,0,1
BRDA:470,33,0,1
BRDA:470,33,1,1
BRF:46
BRH:44
end_of_record
